2019-12-03 23:02:43,532 main 
2019-12-03 23:02:43,533 main -------------------------------------------------------------------
2019-12-03 23:02:44,573 main [Downloader2] Loaded configuration: normal
2019-12-03 23:02:45,443 main [Bootstrapper] createLauncher
2019-12-03 23:02:45,443 main path C:\Users\Ste-PC\AppData\Roaming\.tlauncher\jvms\jre1.8.0_51
2019-12-03 23:02:45,443 main [Bootstrapper] choose jvm:C:\Users\Ste-PC\AppData\Roaming\.tlauncher\jvms\jre1.8.0_51\bin\javaw.exe
2019-12-03 23:02:45,444 main [Bootstrapper] validate files
2019-12-03 23:02:45,444 main [Bootstrapper] end validated files
2019-12-03 23:02:45,444 main [Bootstrapper] Starting launcher...
2019-12-03 23:02:45,616 Thread-2 > [TLAUNCHER][STATIC] initialize inner config
2019-12-03 23:02:45,640 Thread-2 > [Loading] INITIALIZING
2019-12-03 23:02:47,080 Thread-2 > Starting TLauncher 2.67 RELEASE
2019-12-03 23:02:47,080 Thread-2 > For more information, visit https://tlauncher.org/
2019-12-03 23:02:47,081 Thread-2 > Startup time: Dec 3, 2019 11:02:47 PM
2019-12-03 23:02:47,081 Thread-2 > ---
2019-12-03 23:02:47,756 Thread-2 > [Loading] LOADING_CONFIGURATION
2019-12-03 23:02:47,756 Thread-2 > Loading configuration from file: C:\Users\Ste-PC\AppData\Roaming\.tlauncher\tlauncher-2.0.properties
2019-12-03 23:02:47,781 Thread-2 > [Configuration] Constant values: {}
2019-12-03 23:02:47,798 Thread-2 > Machine info: -------------------------------------------------------
2019-12-03 23:02:47,798 Thread-2 > Windows 8.1 6.3, Java 1.8.0_51, jvm bit x64, 12162 MB RAM
2019-12-03 23:02:47,798 Thread-2 > java path=C:\Users\Ste-PC\AppData\Roaming\.tlauncher\jvms\jre1.8.0_51\bin\javaw.exe
2019-12-03 23:02:47,798 Thread-2 > Intel(R) Core(TM) i5-8300H CPU @ 2.30GHz
2019-12-03 23:02:47,798 Thread-2 >  Intel(R) UHD Graphics 630, Intel(R) UHD Graphics Family, 6209 MB, NVIDIA GeForce GTX 1050, GeForce GTX 1050, 10102 MB
2019-12-03 23:02:47,798 Thread-2 > -------------------------------------------------------
2019-12-03 23:02:47,798 Thread-2 > Selected locale: en_US
2019-12-03 23:02:47,832 Thread-2 > [Loading] LOADING_CONSOLE
2019-12-03 23:02:48,002 Thread-2 > [Swing] Favicons loaded: 256px, 128px, 96px, 64px, 48px, 32px, 24px, 16px
2019-12-03 23:02:48,214 Thread-2 > 
2019-12-03 23:02:48,311 Thread-2 > [Downloader2] Loaded configuration: good
2019-12-03 23:02:48,433 Thread-2 > [Updater] Requesting an update...
2019-12-03 23:02:48,436 Thread-2 > [Updater] Requesting from: http://repo.tlauncher.org/update/lch/update_2.0.json
2019-12-03 23:02:48,436 Thread-2 > [Updater] Making request: http://repo.tlauncher.org/update/lch/update_2.0.json?version=2.67&client=49fddef2-7fd7-4e1b-b03a-a2418f93b47d
2019-12-03 23:02:48,595 Thread-2 > [Browser] Loading resources...
2019-12-03 23:02:48,696 Thread-2 > [Browser] Loading background...
2019-12-03 23:02:48,754 Thread-2 > [Browser] Cleaning up after loading:
2019-12-03 23:02:48,754 Thread-2 > Starting garbage collector: 29 / 153 MB
2019-12-03 23:02:48,803 Thread-2 > Garbage collector completed: 14 / 153 MB
2019-12-03 23:02:48,804 Thread-2 > [Loading] LOADING_MANAGERS
2019-12-03 23:02:48,811 Thread-2 > [LocalVersionList] Base directory: C:\Users\Ste-PC\AppData\Roaming\.minecraft
2019-12-03 23:02:48,822 Thread-2 > [ProfileManager] Refreshing profiles from: C:\Users\Ste-PC\AppData\Roaming\.minecraft\TlauncherProfiles.json
2019-12-03 23:02:48,839 Thread-2 > [JFXStartPageLoader]  start load page: http://page.tlauncher.org/update/downloads/configs/client/eng.html
2019-12-03 23:02:48,844 Thread-2 > [AdvertisingStatusObserver]  started to get ad information
2019-12-03 23:02:48,844 Thread-2 > [AdvertisingStatusObserver]  finished to get add information
2019-12-03 23:02:48,845 Thread-2 > [GsonUtil]  request to http://repo.tlauncher.org/update/downloads/libraries/org/tlauncher/authlib/libraries-1.5.json
2019-12-03 23:02:48,850 Thread-2 > [Updater] Request time: 414 ms
2019-12-03 23:02:48,850 Thread-2 > [Updater] Successfully requested from: http://repo.tlauncher.org/update/lch/update_2.0.json
2019-12-03 23:02:48,851 Thread-2 > [Loading] LOADING_WINDOW
2019-12-03 23:02:48,862 Thread-2 > [Browser] Running in JavaFX Thread
2019-12-03 23:02:48,862 Thread-2 > [Browser] Preparing JavaFX...
2019-12-03 23:02:48,877 Thread-2 > [Loading] PREPARING_MAINPANE
2019-12-03 23:02:48,934 Thread-2 > [Browser] Initializing...
2019-12-03 23:02:49,209 Thread-2 > [REPO][SERVER_LIST_REPO] Success: Reached the repo in 357 ms.
2019-12-03 23:02:49,762 Thread-2 > [Downloader2] Loaded configuration: good
2019-12-03 23:02:49,937 Thread-2 > [JFXStartPageLoader]  succeeded load page: http://page.tlauncher.org/update/downloads/configs/client/eng.html during 1
2019-12-03 23:02:49,938 Thread-2 > [Browser@2084418553] Loaded successfully: "http://page.tlauncher.org/update/downloads/configs/client/eng.html"
2019-12-03 23:02:50,003 Thread-2 > [Browser] add listens into server_choose
2019-12-03 23:02:50,003 Thread-2 > [Browser] finished listens into server_choose
2019-12-03 23:02:50,928 Thread-2 > [Loading] POSTINIT_GUI
2019-12-03 23:02:50,928 Thread-2 > [Frame] Packing main frame...
2019-12-03 23:02:51,011 Thread-2 > [Frame] Resizing main pane...
2019-12-03 23:02:51,011 Thread-2 > Updater is already closed. Showing up...
2019-12-03 23:02:51,011 Thread-2 > Visibility set.
2019-12-03 23:02:51,012 Thread-2 > [Loading] REFRESHING_INFO
2019-12-03 23:02:51,014 Thread-2 > [VersionManager] Refreshing versions remotely...
2019-12-03 23:02:51,014 Thread-2 > [REPO][EXTRA_VERSION_REPO] Attempt #1; timeout: 45000 ms; url: http://repo.tlauncher.org/update/downloads/versions/new3/
2019-12-03 23:02:51,015 Thread-2 > Started! (3260 ms.)
2019-12-03 23:02:51,016 Thread-2 > [Loading] SUCCESS
2019-12-03 23:02:51,016 Thread-2 [Bootstrapper] I can be terminated now: 0
2019-12-08 15:10:29,743 main 
2019-12-08 15:10:29,746 main -------------------------------------------------------------------
2019-12-08 15:10:31,867 main [Downloader2] Loaded configuration: normal
2019-12-08 15:10:33,803 main [Bootstrapper] createLauncher
2019-12-08 15:10:33,804 main path C:\Users\Ste-PC\AppData\Roaming\.tlauncher\jvms\jre1.8.0_51
2019-12-08 15:10:33,804 main [Bootstrapper] choose jvm:C:\Users\Ste-PC\AppData\Roaming\.tlauncher\jvms\jre1.8.0_51\bin\javaw.exe
2019-12-08 15:10:33,806 main [Bootstrapper] validate files
2019-12-08 15:10:33,807 main [Bootstrapper] end validated files
2019-12-08 15:10:33,807 main [Bootstrapper] Starting launcher...
2019-12-08 15:10:34,170 Thread-2 > [TLAUNCHER][STATIC] initialize inner config
2019-12-08 15:10:34,233 Thread-2 > [Loading] INITIALIZING
2019-12-08 15:10:37,007 Thread-2 > Starting TLauncher 2.67 RELEASE
2019-12-08 15:10:37,007 Thread-2 > For more information, visit https://tlauncher.org/
2019-12-08 15:10:37,007 Thread-2 > Startup time: Dec 8, 2019 3:10:37 PM
2019-12-08 15:10:37,007 Thread-2 > ---
2019-12-08 15:10:37,803 Thread-2 > [Loading] LOADING_CONFIGURATION
2019-12-08 15:10:37,804 Thread-2 > Loading configuration from file: C:\Users\Ste-PC\AppData\Roaming\.tlauncher\tlauncher-2.0.properties
2019-12-08 15:10:37,837 Thread-2 > [Configuration] Constant values: {}
2019-12-08 15:10:37,901 Thread-2 > Machine info: -------------------------------------------------------
2019-12-08 15:10:37,902 Thread-2 > Windows 8.1 6.3, Java 1.8.0_51, jvm bit x64, 12162 MB RAM
2019-12-08 15:10:37,902 Thread-2 > java path=C:\Users\Ste-PC\AppData\Roaming\.tlauncher\jvms\jre1.8.0_51\bin\javaw.exe
2019-12-08 15:10:37,903 Thread-2 > Intel(R) Core(TM) i5-8300H CPU @ 2.30GHz
2019-12-08 15:10:37,903 Thread-2 >  Intel(R) UHD Graphics 630, Intel(R) UHD Graphics Family, 6209 MB, NVIDIA GeForce GTX 1050, GeForce GTX 1050, 10102 MB
2019-12-08 15:10:37,903 Thread-2 > -------------------------------------------------------
2019-12-08 15:10:37,904 Thread-2 > Selected locale: en_US
2019-12-08 15:10:38,009 Thread-2 > [Loading] LOADING_CONSOLE
2019-12-08 15:10:38,516 Thread-2 > [Swing] Favicons loaded: 256px, 128px, 96px, 64px, 48px, 32px, 24px, 16px
2019-12-08 15:10:38,795 Thread-2 > 
2019-12-08 15:10:39,043 Thread-2 > [Downloader2] Loaded configuration: good
2019-12-08 15:10:39,201 Thread-2 > [Updater] Requesting an update...
2019-12-08 15:10:39,204 Thread-2 > [Updater] Requesting from: http://repo.tlauncher.org/update/lch/update_2.0.json
2019-12-08 15:10:39,205 Thread-2 > [Updater] Making request: http://repo.tlauncher.org/update/lch/update_2.0.json?version=2.67&client=49fddef2-7fd7-4e1b-b03a-a2418f93b47d
2019-12-08 15:10:39,903 Thread-2 > [Updater] Request time: 698 ms
2019-12-08 15:10:39,905 Thread-2 > [Updater] Successfully requested from: http://repo.tlauncher.org/update/lch/update_2.0.json
2019-12-08 15:10:40,425 Thread-2 > [Browser] Loading resources...
2019-12-08 15:10:40,767 Thread-2 > [Browser] Loading background...
2019-12-08 15:10:40,831 Thread-2 > [Browser] Cleaning up after loading:
2019-12-08 15:10:40,832 Thread-2 > Starting garbage collector: 27 / 152 MB
2019-12-08 15:10:40,995 Thread-2 > Garbage collector completed: 13 / 152 MB
2019-12-08 15:10:40,998 Thread-2 > [Loading] LOADING_MANAGERS
2019-12-08 15:10:41,006 Thread-2 > [LocalVersionList] Base directory: C:\Users\Ste-PC\AppData\Roaming\.minecraft
2019-12-08 15:10:41,031 Thread-2 > [ProfileManager] Refreshing profiles from: C:\Users\Ste-PC\AppData\Roaming\.minecraft\TlauncherProfiles.json
2019-12-08 15:10:41,062 Thread-2 > [AdvertisingStatusObserver]  started to get ad information
2019-12-08 15:10:41,063 Thread-2 > [GsonUtil]  request to http://repo.tlauncher.org/update/downloads/libraries/org/tlauncher/authlib/libraries-1.5.json
2019-12-08 15:10:41,064 Thread-2 > [AdvertisingStatusObserver]  finished to get add information
2019-12-08 15:10:41,075 Thread-2 > [Loading] LOADING_WINDOW
2019-12-08 15:10:41,143 Thread-2 > [Loading] PREPARING_MAINPANE
2019-12-08 15:10:41,997 Thread-2 > [REPO][SERVER_LIST_REPO] Success: Reached the repo in 921 ms.
2019-12-08 15:10:42,304 Thread-2 > [JFXStartPageLoader]  start load page: http://page.tlauncher.org/update/downloads/configs/client/eng.html
2019-12-08 15:10:42,313 Thread-2 > [Browser] Running in JavaFX Thread
2019-12-08 15:10:42,314 Thread-2 > [Browser] Preparing JavaFX...
2019-12-08 15:10:42,700 Thread-2 > [Browser] Initializing...
2019-12-08 15:10:44,190 Thread-2 > [Downloader2] Loaded configuration: good
2019-12-08 15:10:49,106 Thread-2 > [JFXStartPageLoader]  succeeded load page: http://page.tlauncher.org/update/downloads/configs/client/eng.html during 6
2019-12-08 15:10:49,107 Thread-2 > [Browser@788522715] Loaded successfully: "http://page.tlauncher.org/update/downloads/configs/client/eng.html"
2019-12-08 15:10:49,431 Thread-2 > [Browser] add listens into server_choose
2019-12-08 15:10:49,431 Thread-2 > [Browser] finished listens into server_choose
2019-12-08 15:10:50,054 Thread-2 > [Loading] POSTINIT_GUI
2019-12-08 15:10:50,055 Thread-2 > [Frame] Packing main frame...
2019-12-08 15:10:50,272 Thread-2 > [Frame] Resizing main pane...
2019-12-08 15:10:50,275 Thread-2 > Updater is already closed. Showing up...
2019-12-08 15:10:50,276 Thread-2 > Visibility set.
2019-12-08 15:10:50,278 Thread-2 > [Loading] REFRESHING_INFO
2019-12-08 15:10:50,290 Thread-2 > Started! (12486 ms.)
2019-12-08 15:10:50,291 Thread-2 > [Loading] SUCCESS
2019-12-08 15:10:50,292 Thread-2 [Bootstrapper] I can be terminated now: 0
