2019-12-03 18:35:28,633 main 
2019-12-03 18:35:28,636 main -------------------------------------------------------------------
2019-12-03 18:35:31,003 main [Downloader2] Loaded configuration: normal
2019-12-03 18:35:32,950 main [Bootstrapper] createLauncher
2019-12-03 18:35:32,951 main path C:\Users\Ste-PC\AppData\Roaming\.tlauncher\jvms\jre1.8.0_51
2019-12-03 18:35:32,951 main [Bootstrapper] choose jvm:C:\Users\Ste-PC\AppData\Roaming\.tlauncher\jvms\jre1.8.0_51\bin\javaw.exe
2019-12-03 18:35:32,952 main [Bootstrapper] validate files
2019-12-03 18:35:32,952 main [Bootstrapper] end validated files
2019-12-03 18:35:32,952 main [Bootstrapper] Starting launcher...
2019-12-03 18:35:33,428 Thread-2 > [TLAUNCHER][STATIC] initialize inner config
2019-12-03 18:35:33,486 Thread-2 > [Loading] INITIALIZING
2019-12-03 18:35:36,984 Thread-2 > Starting TLauncher 2.67 RELEASE
2019-12-03 18:35:36,985 Thread-2 > For more information, visit https://tlauncher.org/
2019-12-03 18:35:36,986 Thread-2 > Startup time: Dec 3, 2019 6:35:36 PM
2019-12-03 18:35:36,986 Thread-2 > ---
2019-12-03 18:35:37,891 Thread-2 > [Loading] LOADING_CONFIGURATION
2019-12-03 18:35:37,892 Thread-2 > Loading configuration from file: C:\Users\Ste-PC\AppData\Roaming\.tlauncher\tlauncher-2.0.properties
2019-12-03 18:35:37,950 Thread-2 > [Configuration] Constant values: {}
2019-12-03 18:35:37,991 Thread-2 > Machine info: -------------------------------------------------------
2019-12-03 18:35:37,991 Thread-2 > Windows 8.1 6.3, Java 1.8.0_51, jvm bit x64, 12162 MB RAM
2019-12-03 18:35:37,995 Thread-2 > java path=C:\Users\Ste-PC\AppData\Roaming\.tlauncher\jvms\jre1.8.0_51\bin\javaw.exe
2019-12-03 18:35:37,995 Thread-2 > Intel(R) Core(TM) i5-8300H CPU @ 2.30GHz
2019-12-03 18:35:37,995 Thread-2 >  Intel(R) UHD Graphics 630, Intel(R) UHD Graphics Family, 6209 MB, NVIDIA GeForce GTX 1050, GeForce GTX 1050, 10102 MB
2019-12-03 18:35:37,995 Thread-2 > -------------------------------------------------------
2019-12-03 18:35:37,995 Thread-2 > Selected locale: en_US
2019-12-03 18:35:38,079 Thread-2 > [Loading] LOADING_CONSOLE
2019-12-03 18:35:38,296 Thread-2 > [Swing] Favicons loaded: 256px, 128px, 96px, 64px, 48px, 32px, 24px, 16px
2019-12-03 18:35:38,529 Thread-2 > 
2019-12-03 18:35:38,793 Thread-2 > [Downloader2] Loaded configuration: good
2019-12-03 18:35:38,965 Thread-2 > [Updater] Requesting an update...
2019-12-03 18:35:38,971 Thread-2 > [Updater] Requesting from: http://repo.tlauncher.org/update/lch/update_2.0.json
2019-12-03 18:35:38,973 Thread-2 > [Updater] Making request: http://repo.tlauncher.org/update/lch/update_2.0.json?version=2.67&client=49fddef2-7fd7-4e1b-b03a-a2418f93b47d
2019-12-03 18:35:39,361 Thread-2 > [Browser] Loading resources...
2019-12-03 18:35:39,463 Thread-2 > [Browser] Loading background...
2019-12-03 18:35:39,493 Thread-2 > [Browser] Cleaning up after loading:
2019-12-03 18:35:39,493 Thread-2 > Starting garbage collector: 28 / 154 MB
2019-12-03 18:35:39,546 Thread-2 > Garbage collector completed: 15 / 154 MB
2019-12-03 18:35:39,547 Thread-2 > [Loading] LOADING_MANAGERS
2019-12-03 18:35:39,555 Thread-2 > [LocalVersionList] Base directory: C:\Users\Ste-PC\AppData\Roaming\.minecraft
2019-12-03 18:35:39,564 Thread-2 > [ProfileManager] Refreshing profiles from: C:\Users\Ste-PC\AppData\Roaming\.minecraft\TlauncherProfiles.json
2019-12-03 18:35:39,569 Thread-2 > [Updater] Request time: 599 ms
2019-12-03 18:35:39,569 Thread-2 > [Updater] Successfully requested from: http://repo.tlauncher.org/update/lch/update_2.0.json
2019-12-03 18:35:39,595 Thread-2 > [AdvertisingStatusObserver]  started to get ad information
2019-12-03 18:35:39,596 Thread-2 > [AdvertisingStatusObserver]  finished to get add information
2019-12-03 18:35:39,597 Thread-2 > [GsonUtil]  request to http://repo.tlauncher.org/update/downloads/libraries/org/tlauncher/authlib/libraries-1.5.json
2019-12-03 18:35:39,615 Thread-2 > [Loading] LOADING_WINDOW
2019-12-03 18:35:39,678 Thread-2 > [JFXStartPageLoader]  start load page: http://page.tlauncher.org/update/downloads/configs/client/eng.html
2019-12-03 18:35:39,725 Thread-2 > [Loading] PREPARING_MAINPANE
2019-12-03 18:35:39,734 Thread-2 > [Browser] Running in JavaFX Thread
2019-12-03 18:35:39,735 Thread-2 > [Browser] Preparing JavaFX...
2019-12-03 18:35:39,964 Thread-2 > [Browser] Initializing...
2019-12-03 18:35:40,116 Thread-2 > [REPO][SERVER_LIST_REPO] Success: Reached the repo in 502 ms.
2019-12-03 18:35:41,196 Thread-2 > [Downloader2] Loaded configuration: good
2019-12-03 18:35:42,456 Thread-2 > [JFXStartPageLoader]  succeeded load page: http://page.tlauncher.org/update/downloads/configs/client/eng.html during 2
2019-12-03 18:35:42,458 Thread-2 > [Browser@1834424345] Loaded successfully: "http://page.tlauncher.org/update/downloads/configs/client/eng.html"
2019-12-03 18:35:42,650 Thread-2 > [Browser] add listens into server_choose
2019-12-03 18:35:42,650 Thread-2 > [Browser] finished listens into server_choose
2019-12-03 18:35:42,982 Thread-2 > [Loading] POSTINIT_GUI
2019-12-03 18:35:42,982 Thread-2 > [Frame] Packing main frame...
2019-12-03 18:35:43,055 Thread-2 > [Frame] Resizing main pane...
2019-12-03 18:35:43,055 Thread-2 > Updater is already closed. Showing up...
2019-12-03 18:35:43,056 Thread-2 > Visibility set.
2019-12-03 18:35:43,057 Thread-2 > [Loading] REFRESHING_INFO
2019-12-03 18:35:43,059 Thread-2 > [VersionManager] Refreshing versions remotely...
2019-12-03 18:35:43,060 Thread-2 > [REPO][EXTRA_VERSION_REPO] Attempt #1; timeout: 45000 ms; url: http://repo.tlauncher.org/update/downloads/versions/new3/
2019-12-03 18:35:43,060 Thread-2 > Started! (5170 ms.)
2019-12-03 18:35:43,060 Thread-2 > [Loading] SUCCESS
2019-12-03 18:35:43,060 Thread-2 [Bootstrapper] I can be terminated now: 0
2019-12-07 22:02:59,297 main 
2019-12-07 22:02:59,298 main -------------------------------------------------------------------
2019-12-07 22:03:00,709 main [Downloader2] Loaded configuration: normal
2019-12-07 22:03:01,678 main [Bootstrapper] createLauncher
2019-12-07 22:03:01,678 main path C:\Users\Ste-PC\AppData\Roaming\.tlauncher\jvms\jre1.8.0_51
2019-12-07 22:03:01,678 main [Bootstrapper] choose jvm:C:\Users\Ste-PC\AppData\Roaming\.tlauncher\jvms\jre1.8.0_51\bin\javaw.exe
2019-12-07 22:03:01,679 main [Bootstrapper] validate files
2019-12-07 22:03:01,680 main [Bootstrapper] end validated files
2019-12-07 22:03:01,680 main [Bootstrapper] Starting launcher...
2019-12-07 22:03:01,945 Thread-2 > [TLAUNCHER][STATIC] initialize inner config
2019-12-07 22:03:01,984 Thread-2 > [Loading] INITIALIZING
2019-12-07 22:03:04,260 Thread-2 > Starting TLauncher 2.67 RELEASE
2019-12-07 22:03:04,260 Thread-2 > For more information, visit https://tlauncher.org/
2019-12-07 22:03:04,261 Thread-2 > Startup time: Dec 7, 2019 10:03:04 PM
2019-12-07 22:03:04,261 Thread-2 > ---
2019-12-07 22:03:04,997 Thread-2 > [Loading] LOADING_CONFIGURATION
2019-12-07 22:03:04,998 Thread-2 > Loading configuration from file: C:\Users\Ste-PC\AppData\Roaming\.tlauncher\tlauncher-2.0.properties
2019-12-07 22:03:05,039 Thread-2 > [Configuration] Constant values: {}
2019-12-07 22:03:05,066 Thread-2 > Machine info: -------------------------------------------------------
2019-12-07 22:03:05,066 Thread-2 > Windows 8.1 6.3, Java 1.8.0_51, jvm bit x64, 12162 MB RAM
2019-12-07 22:03:05,066 Thread-2 > java path=C:\Users\Ste-PC\AppData\Roaming\.tlauncher\jvms\jre1.8.0_51\bin\javaw.exe
2019-12-07 22:03:05,067 Thread-2 > Intel(R) Core(TM) i5-8300H CPU @ 2.30GHz
2019-12-07 22:03:05,067 Thread-2 >  Intel(R) UHD Graphics 630, Intel(R) UHD Graphics Family, 6209 MB, NVIDIA GeForce GTX 1050, GeForce GTX 1050, 10102 MB
2019-12-07 22:03:05,067 Thread-2 > -------------------------------------------------------
2019-12-07 22:03:05,067 Thread-2 > Selected locale: en_US
2019-12-07 22:03:05,137 Thread-2 > [Loading] LOADING_CONSOLE
2019-12-07 22:03:05,415 Thread-2 > [Swing] Favicons loaded: 256px, 128px, 96px, 64px, 48px, 32px, 24px, 16px
2019-12-07 22:03:05,630 Thread-2 > 
2019-12-07 22:03:05,769 Thread-2 > [Downloader2] Loaded configuration: good
2019-12-07 22:03:05,899 Thread-2 > [Updater] Requesting an update...
2019-12-07 22:03:05,902 Thread-2 > [Updater] Requesting from: http://repo.tlauncher.org/update/lch/update_2.0.json
2019-12-07 22:03:05,902 Thread-2 > [Updater] Making request: http://repo.tlauncher.org/update/lch/update_2.0.json?version=2.67&client=49fddef2-7fd7-4e1b-b03a-a2418f93b47d
2019-12-07 22:03:06,130 Thread-2 > [Browser] Loading resources...
2019-12-07 22:03:06,317 Thread-2 > [Browser] Loading background...
2019-12-07 22:03:06,368 Thread-2 > [Browser] Cleaning up after loading:
2019-12-07 22:03:06,369 Thread-2 > Starting garbage collector: 28 / 154 MB
2019-12-07 22:03:06,456 Thread-2 > Garbage collector completed: 14 / 154 MB
2019-12-07 22:03:06,458 Thread-2 > [Loading] LOADING_MANAGERS
2019-12-07 22:03:06,469 Thread-2 > [LocalVersionList] Base directory: C:\Users\Ste-PC\AppData\Roaming\.minecraft
2019-12-07 22:03:06,486 Thread-2 > [ProfileManager] Refreshing profiles from: C:\Users\Ste-PC\AppData\Roaming\.minecraft\TlauncherProfiles.json
2019-12-07 22:03:06,520 Thread-2 > [AdvertisingStatusObserver]  started to get ad information
2019-12-07 22:03:06,521 Thread-2 > [AdvertisingStatusObserver]  finished to get add information
2019-12-07 22:03:06,521 Thread-2 > [GsonUtil]  request to http://repo.tlauncher.org/update/downloads/libraries/org/tlauncher/authlib/libraries-1.5.json
2019-12-07 22:03:06,525 Thread-2 > [JFXStartPageLoader]  start load page: http://page.tlauncher.org/update/downloads/configs/client/eng.html
2019-12-07 22:03:06,532 Thread-2 > [Loading] LOADING_WINDOW
2019-12-07 22:03:06,556 Thread-2 > [Browser] Running in JavaFX Thread
2019-12-07 22:03:06,556 Thread-2 > [Browser] Preparing JavaFX...
2019-12-07 22:03:06,586 Thread-2 > [Loading] PREPARING_MAINPANE
2019-12-07 22:03:06,612 Thread-2 > [Updater] Request time: 710 ms
2019-12-07 22:03:06,612 Thread-2 > [Updater] Successfully requested from: http://repo.tlauncher.org/update/lch/update_2.0.json
2019-12-07 22:03:06,700 Thread-2 > [Browser] Initializing...
2019-12-07 22:03:07,140 Thread-2 > [REPO][SERVER_LIST_REPO] Success: Reached the repo in 608 ms.
2019-12-07 22:03:07,679 Thread-2 > [Downloader2] Loaded configuration: good
2019-12-07 22:03:09,164 Thread-2 > [Loading] POSTINIT_GUI
2019-12-07 22:03:09,164 Thread-2 > [Frame] Packing main frame...
2019-12-07 22:03:09,259 Thread-2 > [Frame] Resizing main pane...
2019-12-07 22:03:09,260 Thread-2 > Updater is already closed. Showing up...
2019-12-07 22:03:09,261 Thread-2 > Visibility set.
2019-12-07 22:03:09,262 Thread-2 > [Loading] REFRESHING_INFO
2019-12-07 22:03:09,265 Thread-2 > [VersionManager] Refreshing versions remotely...
2019-12-07 22:03:09,267 Thread-2 > [REPO][EXTRA_VERSION_REPO] Attempt #1; timeout: 45000 ms; url: http://repo.tlauncher.org/update/downloads/versions/new3/
2019-12-07 22:03:09,269 Thread-2 > Started! (4272 ms.)
2019-12-07 22:03:09,270 Thread-2 > [Loading] SUCCESS
2019-12-07 22:03:09,270 Thread-2 [Bootstrapper] I can be terminated now: 0
2019-12-15 21:48:15,953 main 
2019-12-15 21:48:15,956 main -------------------------------------------------------------------
2019-12-15 21:48:18,817 main [Downloader2] Loaded configuration: normal
2019-12-15 21:48:21,195 main [Bootstrapper] createLauncher
2019-12-15 21:48:21,195 main path C:\Users\Ste-PC\AppData\Roaming\.tlauncher\jvms\jre1.8.0_51
2019-12-15 21:48:21,196 main [Bootstrapper] choose jvm:C:\Users\Ste-PC\AppData\Roaming\.tlauncher\jvms\jre1.8.0_51\bin\javaw.exe
2019-12-15 21:48:21,197 main [Bootstrapper] validate files
2019-12-15 21:48:21,197 main [Bootstrapper] end validated files
2019-12-15 21:48:21,199 main [Bootstrapper] Starting launcher...
2019-12-15 21:48:22,869 Thread-2 > [TLAUNCHER][STATIC] initialize inner config
2019-12-15 21:48:22,933 Thread-2 > [Loading] INITIALIZING
2019-12-15 21:48:26,053 Thread-2 > Starting TLauncher 2.67 RELEASE
2019-12-15 21:48:26,054 Thread-2 > For more information, visit https://tlauncher.org/
2019-12-15 21:48:26,054 Thread-2 > Startup time: Dec 15, 2019 9:48:26 PM
2019-12-15 21:48:26,054 Thread-2 > ---
2019-12-15 21:48:27,027 Thread-2 > [Loading] LOADING_CONFIGURATION
2019-12-15 21:48:27,029 Thread-2 > Loading configuration from file: C:\Users\Ste-PC\AppData\Roaming\.tlauncher\tlauncher-2.0.properties
2019-12-15 21:48:27,116 Thread-2 > [Configuration] Constant values: {}
2019-12-15 21:48:27,187 Thread-2 > Machine info: -------------------------------------------------------
2019-12-15 21:48:27,187 Thread-2 > Windows 8.1 6.3, Java 1.8.0_51, jvm bit x64, 12162 MB RAM
2019-12-15 21:48:27,188 Thread-2 > java path=C:\Users\Ste-PC\AppData\Roaming\.tlauncher\jvms\jre1.8.0_51\bin\javaw.exe
2019-12-15 21:48:27,188 Thread-2 > Intel(R) Core(TM) i5-8300H CPU @ 2.30GHz
2019-12-15 21:48:27,189 Thread-2 >  Intel(R) UHD Graphics 630, Intel(R) UHD Graphics Family, 6209 MB, NVIDIA GeForce GTX 1050, GeForce GTX 1050, 10102 MB
2019-12-15 21:48:27,189 Thread-2 > -------------------------------------------------------
2019-12-15 21:48:27,189 Thread-2 > Selected locale: en_US
2019-12-15 21:48:27,284 Thread-2 > [Loading] LOADING_CONSOLE
2019-12-15 21:48:27,582 Thread-2 > [Swing] Favicons loaded: 256px, 128px, 96px, 64px, 48px, 32px, 24px, 16px
2019-12-15 21:48:27,832 Thread-2 > 
2019-12-15 21:48:28,127 Thread-2 > [Downloader2] Loaded configuration: good
2019-12-15 21:48:28,337 Thread-2 > [Updater] Requesting an update...
2019-12-15 21:48:28,358 Thread-2 > [Updater] Requesting from: http://repo.tlauncher.org/update/lch/update_2.0.json
2019-12-15 21:48:28,359 Thread-2 > [Updater] Making request: http://repo.tlauncher.org/update/lch/update_2.0.json?version=2.67&client=49fddef2-7fd7-4e1b-b03a-a2418f93b47d
2019-12-15 21:48:29,593 Thread-2 > [Browser] Loading resources...
2019-12-15 21:48:29,805 Thread-2 > [Browser] Loading background...
2019-12-15 21:48:29,837 Thread-2 > [Browser] Cleaning up after loading:
2019-12-15 21:48:29,837 Thread-2 > Starting garbage collector: 27 / 153 MB
2019-12-15 21:48:29,893 Thread-2 > Garbage collector completed: 13 / 153 MB
2019-12-15 21:48:29,895 Thread-2 > [Loading] LOADING_MANAGERS
2019-12-15 21:48:29,900 Thread-2 > [LocalVersionList] Base directory: C:\Users\Ste-PC\AppData\Roaming\.minecraft
2019-12-15 21:48:29,964 Thread-2 > [ProfileManager] Refreshing profiles from: C:\Users\Ste-PC\AppData\Roaming\.minecraft\TlauncherProfiles.json
2019-12-15 21:48:29,998 Thread-2 > [AdvertisingStatusObserver]  started to get ad information
2019-12-15 21:48:29,999 Thread-2 > [AdvertisingStatusObserver]  finished to get add information
2019-12-15 21:48:29,999 Thread-2 > [GsonUtil]  request to http://repo.tlauncher.org/update/downloads/libraries/org/tlauncher/authlib/libraries-1.5.json
2019-12-15 21:48:30,005 Thread-2 > [Loading] LOADING_WINDOW
2019-12-15 21:48:30,043 Thread-2 > [Loading] PREPARING_MAINPANE
2019-12-15 21:48:30,425 Thread-2 > [Updater] Request time: 2068 ms
2019-12-15 21:48:30,425 Thread-2 > [Updater] Successfully requested from: http://repo.tlauncher.org/update/lch/update_2.0.json
2019-12-15 21:48:30,802 Thread-2 > [REPO][SERVER_LIST_REPO] Success: Reached the repo in 796 ms.
2019-12-15 21:48:31,153 Thread-2 > [JFXStartPageLoader]  start load page: http://page.tlauncher.org/update/downloads/configs/client/eng.html
2019-12-15 21:48:31,162 Thread-2 > [Browser] Running in JavaFX Thread
2019-12-15 21:48:31,162 Thread-2 > [Browser] Preparing JavaFX...
2019-12-15 21:48:31,292 Thread-2 > [Browser] Initializing...
2019-12-15 21:48:31,356 Thread-2 > [Downloader2] Loaded configuration: good
2019-12-15 21:48:33,392 Thread-2 > [Loading] POSTINIT_GUI
2019-12-15 21:48:33,393 Thread-2 > [Frame] Packing main frame...
2019-12-15 21:48:33,486 Thread-2 > [Frame] Resizing main pane...
2019-12-15 21:48:33,487 Thread-2 > Updater is already closed. Showing up...
2019-12-15 21:48:33,488 Thread-2 > Visibility set.
2019-12-15 21:48:33,489 Thread-2 > [Loading] REFRESHING_INFO
2019-12-15 21:48:33,493 Thread-2 > [VersionManager] Refreshing versions remotely...
2019-12-15 21:48:33,496 Thread-2 > [REPO][EXTRA_VERSION_REPO] Attempt #1; timeout: 45000 ms; url: http://repo.tlauncher.org/update/downloads/versions/new3/
2019-12-15 21:48:33,497 Thread-2 > Started! (6471 ms.)
2019-12-15 21:48:33,502 Thread-2 > [Loading] SUCCESS
2019-12-15 21:48:33,502 Thread-2 [Bootstrapper] I can be terminated now: 0
