2019-12-03 02:02:15,306 main 
2019-12-03 02:02:15,307 main -------------------------------------------------------------------
2019-12-03 02:02:16,935 main [Downloader2] Loaded configuration: normal
2019-12-03 02:02:17,774 main [Bootstrapper] createLauncher
2019-12-03 02:02:17,774 main path C:\Users\Ste-PC\AppData\Roaming\.tlauncher\jvms\jre1.8.0_51
2019-12-03 02:02:17,774 main [Bootstrapper] choose jvm:C:\Users\Ste-PC\AppData\Roaming\.tlauncher\jvms\jre1.8.0_51\bin\javaw.exe
2019-12-03 02:02:17,774 main [Bootstrapper] validate files
2019-12-03 02:02:17,776 main [Bootstrapper] end validated files
2019-12-03 02:02:17,776 main [Bootstrapper] Starting launcher...
2019-12-03 02:02:17,943 Thread-2 > [TLAUNCHER][STATIC] initialize inner config
2019-12-03 02:02:17,984 Thread-2 > [Loading] INITIALIZING
2019-12-03 02:02:19,952 Thread-2 > Starting TLauncher 2.67 RELEASE
2019-12-03 02:02:19,952 Thread-2 > For more information, visit https://tlauncher.org/
2019-12-03 02:02:19,953 Thread-2 > Startup time: Dec 3, 2019 2:02:19 AM
2019-12-03 02:02:19,953 Thread-2 > ---
2019-12-03 02:02:20,542 Thread-2 > [Loading] LOADING_CONFIGURATION
2019-12-03 02:02:20,542 Thread-2 > Loading configuration from file: C:\Users\Ste-PC\AppData\Roaming\.tlauncher\tlauncher-2.0.properties
2019-12-03 02:02:20,556 Thread-2 > [Configuration] Constant values: {}
2019-12-03 02:02:20,589 Thread-2 > Machine info: -------------------------------------------------------
2019-12-03 02:02:20,589 Thread-2 > Windows 8.1 6.3, Java 1.8.0_51, jvm bit x64, 12162 MB RAM
2019-12-03 02:02:20,589 Thread-2 > java path=C:\Users\Ste-PC\AppData\Roaming\.tlauncher\jvms\jre1.8.0_51\bin\javaw.exe
2019-12-03 02:02:20,589 Thread-2 > Intel(R) Core(TM) i5-8300H CPU @ 2.30GHz
2019-12-03 02:02:20,589 Thread-2 >  Intel(R) UHD Graphics 630, Intel(R) UHD Graphics Family, 6209 MB, NVIDIA GeForce GTX 1050, GeForce GTX 1050, 10102 MB
2019-12-03 02:02:20,591 Thread-2 > -------------------------------------------------------
2019-12-03 02:02:20,591 Thread-2 > Selected locale: en_US
2019-12-03 02:02:20,648 Thread-2 > [Loading] LOADING_CONSOLE
2019-12-03 02:02:20,888 Thread-2 > [Swing] Favicons loaded: 256px, 128px, 96px, 64px, 48px, 32px, 24px, 16px
2019-12-03 02:02:21,109 Thread-2 > 
2019-12-03 02:02:21,342 Thread-2 > [Downloader2] Loaded configuration: good
2019-12-03 02:02:21,497 Thread-2 > [Updater] Requesting an update...
2019-12-03 02:02:21,504 Thread-2 > [Updater] Requesting from: http://repo.tlauncher.org/update/lch/update_2.0.json
2019-12-03 02:02:21,506 Thread-2 > [Updater] Making request: http://repo.tlauncher.org/update/lch/update_2.0.json?version=2.67&client=49fddef2-7fd7-4e1b-b03a-a2418f93b47d
2019-12-03 02:02:21,637 Thread-2 > [Browser] Loading resources...
2019-12-03 02:02:21,794 Thread-2 > [JFXStartPageLoader]  start load page: http://page.tlauncher.org/update/downloads/configs/client/eng.html
2019-12-03 02:02:21,798 Thread-2 > [Browser] Loading background...
2019-12-03 02:02:21,872 Thread-2 > [Browser] Cleaning up after loading:
2019-12-03 02:02:21,872 Thread-2 > Starting garbage collector: 31 / 153 MB
2019-12-03 02:02:21,938 Thread-2 > Garbage collector completed: 14 / 152 MB
2019-12-03 02:02:21,939 Thread-2 > [Browser] Running in JavaFX Thread
2019-12-03 02:02:21,939 Thread-2 > [Browser] Preparing JavaFX...
2019-12-03 02:02:21,940 Thread-2 > [Loading] LOADING_MANAGERS
2019-12-03 02:02:21,947 Thread-2 > [LocalVersionList] Base directory: C:\Users\Ste-PC\AppData\Roaming\.minecraft
2019-12-03 02:02:21,961 Thread-2 > [ProfileManager] Refreshing profiles from: C:\Users\Ste-PC\AppData\Roaming\.minecraft\TlauncherProfiles.json
2019-12-03 02:02:21,973 Thread-2 > [AdvertisingStatusObserver]  started to get ad information
2019-12-03 02:02:21,973 Thread-2 > [AdvertisingStatusObserver]  finished to get add information
2019-12-03 02:02:21,973 Thread-2 > [GsonUtil]  request to http://repo.tlauncher.org/update/downloads/libraries/org/tlauncher/authlib/libraries-1.5.json
2019-12-03 02:02:21,981 Thread-2 > [Loading] LOADING_WINDOW
2019-12-03 02:02:22,038 Thread-2 > [Browser] Initializing...
2019-12-03 02:02:22,048 Thread-2 > [Updater] Request time: 544 ms
2019-12-03 02:02:22,048 Thread-2 > [Updater] Successfully requested from: http://repo.tlauncher.org/update/lch/update_2.0.json
2019-12-03 02:02:22,133 Thread-2 > [Loading] PREPARING_MAINPANE
2019-12-03 02:02:22,537 Thread-2 > [REPO][SERVER_LIST_REPO] Success: Reached the repo in 556 ms.
2019-12-03 02:02:22,855 Thread-2 > [Downloader2] Loaded configuration: good
2019-12-03 02:02:22,893 Thread-2 > [JFXStartPageLoader]  succeeded load page: http://page.tlauncher.org/update/downloads/configs/client/eng.html during 1
2019-12-03 02:02:22,894 Thread-2 > [Browser@198669074] Loaded successfully: "http://page.tlauncher.org/update/downloads/configs/client/eng.html"
2019-12-03 02:02:22,963 Thread-2 > [Browser] add listens into server_choose
2019-12-03 02:02:22,963 Thread-2 > [Browser] finished listens into server_choose
2019-12-03 02:02:24,109 Thread-2 > [Loading] POSTINIT_GUI
2019-12-03 02:02:24,109 Thread-2 > [Frame] Packing main frame...
2019-12-03 02:02:24,159 Thread-2 > [Frame] Resizing main pane...
2019-12-03 02:02:24,159 Thread-2 > Updater is already closed. Showing up...
2019-12-03 02:02:24,159 Thread-2 > Visibility set.
2019-12-03 02:02:24,161 Thread-2 > [Loading] REFRESHING_INFO
2019-12-03 02:02:24,163 Thread-2 > [VersionManager] Refreshing versions remotely...
2019-12-03 02:02:24,164 Thread-2 > [REPO][EXTRA_VERSION_REPO] Attempt #1; timeout: 45000 ms; url: http://repo.tlauncher.org/update/downloads/versions/new3/
2019-12-03 02:02:24,166 Thread-2 > Started! (3623 ms.)
2019-12-03 02:02:24,167 Thread-2 > [Loading] SUCCESS
2019-12-03 02:02:24,167 Thread-2 [Bootstrapper] I can be terminated now: 0
2019-12-07 19:31:38,112 main 
2019-12-07 19:31:38,118 main -------------------------------------------------------------------
2019-12-07 19:31:42,359 main [Downloader2] Loaded configuration: normal
2019-12-07 19:31:44,218 main [Bootstrapper] createLauncher
2019-12-07 19:31:44,218 main path C:\Users\Ste-PC\AppData\Roaming\.tlauncher\jvms\jre1.8.0_51
2019-12-07 19:31:44,219 main [Bootstrapper] choose jvm:C:\Users\Ste-PC\AppData\Roaming\.tlauncher\jvms\jre1.8.0_51\bin\javaw.exe
2019-12-07 19:31:44,254 main [Bootstrapper] validate files
2019-12-07 19:31:44,255 main [Bootstrapper] end validated files
2019-12-07 19:31:44,255 main [Bootstrapper] Starting launcher...
2019-12-07 19:31:46,214 Thread-2 > [TLAUNCHER][STATIC] initialize inner config
2019-12-07 19:31:46,297 Thread-2 > [Loading] INITIALIZING
2019-12-07 19:31:50,192 Thread-2 > Starting TLauncher 2.67 RELEASE
2019-12-07 19:31:50,193 Thread-2 > For more information, visit https://tlauncher.org/
2019-12-07 19:31:50,193 Thread-2 > Startup time: Dec 7, 2019 7:31:50 PM
2019-12-07 19:31:50,193 Thread-2 > ---
2019-12-07 19:31:50,773 Thread-2 > [Loading] LOADING_CONFIGURATION
2019-12-07 19:31:50,775 Thread-2 > Loading configuration from file: C:\Users\Ste-PC\AppData\Roaming\.tlauncher\tlauncher-2.0.properties
2019-12-07 19:31:50,790 Thread-2 > [Configuration] Constant values: {}
2019-12-07 19:31:50,833 Thread-2 > Machine info: -------------------------------------------------------
2019-12-07 19:31:50,833 Thread-2 > Windows 8.1 6.3, Java 1.8.0_51, jvm bit x64, 12162 MB RAM
2019-12-07 19:31:50,834 Thread-2 > java path=C:\Users\Ste-PC\AppData\Roaming\.tlauncher\jvms\jre1.8.0_51\bin\javaw.exe
2019-12-07 19:31:50,834 Thread-2 > Intel(R) Core(TM) i5-8300H CPU @ 2.30GHz
2019-12-07 19:31:50,834 Thread-2 >  Intel(R) UHD Graphics 630, Intel(R) UHD Graphics Family, 6209 MB, NVIDIA GeForce GTX 1050, GeForce GTX 1050, 10102 MB
2019-12-07 19:31:50,834 Thread-2 > -------------------------------------------------------
2019-12-07 19:31:50,834 Thread-2 > Selected locale: en_US
2019-12-07 19:31:51,032 Thread-2 > [Loading] LOADING_CONSOLE
2019-12-07 19:31:51,893 Thread-2 > [Swing] Favicons loaded: 256px, 128px, 96px, 64px, 48px, 32px, 24px, 16px
2019-12-07 19:31:52,296 Thread-2 > 
2019-12-07 19:31:52,688 Thread-2 > [Downloader2] Loaded configuration: good
2019-12-07 19:31:52,889 Thread-2 > [Updater] Requesting an update...
2019-12-07 19:31:52,922 Thread-2 > [Updater] Requesting from: http://repo.tlauncher.org/update/lch/update_2.0.json
2019-12-07 19:31:52,923 Thread-2 > [Updater] Making request: http://repo.tlauncher.org/update/lch/update_2.0.json?version=2.67&client=49fddef2-7fd7-4e1b-b03a-a2418f93b47d
2019-12-07 19:31:53,747 Thread-2 > [Updater] Request time: 826 ms
2019-12-07 19:31:53,750 Thread-2 > [Updater] Successfully requested from: http://repo.tlauncher.org/update/lch/update_2.0.json
2019-12-07 19:31:54,375 Thread-2 > [Browser] Loading resources...
2019-12-07 19:31:54,671 Thread-2 > [Browser] Loading background...
2019-12-07 19:31:54,760 Thread-2 > [Browser] Cleaning up after loading:
2019-12-07 19:31:54,760 Thread-2 > Starting garbage collector: 29 / 153 MB
2019-12-07 19:31:54,860 Thread-2 > Garbage collector completed: 13 / 153 MB
2019-12-07 19:31:54,862 Thread-2 > [Loading] LOADING_MANAGERS
2019-12-07 19:31:54,876 Thread-2 > [LocalVersionList] Base directory: C:\Users\Ste-PC\AppData\Roaming\.minecraft
2019-12-07 19:31:54,911 Thread-2 > [ProfileManager] Refreshing profiles from: C:\Users\Ste-PC\AppData\Roaming\.minecraft\TlauncherProfiles.json
2019-12-07 19:31:54,938 Thread-2 > [AdvertisingStatusObserver]  started to get ad information
2019-12-07 19:31:54,939 Thread-2 > [AdvertisingStatusObserver]  finished to get add information
2019-12-07 19:31:54,940 Thread-2 > [GsonUtil]  request to http://repo.tlauncher.org/update/downloads/libraries/org/tlauncher/authlib/libraries-1.5.json
2019-12-07 19:31:54,965 Thread-2 > [Loading] LOADING_WINDOW
2019-12-07 19:31:55,093 Thread-2 > [Loading] PREPARING_MAINPANE
2019-12-07 19:31:55,729 Thread-2 > [JFXStartPageLoader]  start load page: http://page.tlauncher.org/update/downloads/configs/client/eng.html
2019-12-07 19:31:55,752 Thread-2 > [Browser] Running in JavaFX Thread
2019-12-07 19:31:55,753 Thread-2 > [Browser] Preparing JavaFX...
2019-12-07 19:31:56,038 Thread-2 > [Browser] Initializing...
2019-12-07 19:31:56,091 Thread-2 > [REPO][SERVER_LIST_REPO] Success: Reached the repo in 1122 ms.
2019-12-07 19:31:57,968 Thread-2 > [Downloader2] Loaded configuration: good
2019-12-07 19:31:58,388 Thread-2 > [JFXStartPageLoader]  succeeded load page: http://page.tlauncher.org/update/downloads/configs/client/eng.html during 2
2019-12-07 19:31:58,389 Thread-2 > [Browser@2142118004] Loaded successfully: "http://page.tlauncher.org/update/downloads/configs/client/eng.html"
2019-12-07 19:31:58,709 Thread-2 > [Browser] add listens into server_choose
2019-12-07 19:31:58,709 Thread-2 > [Browser] finished listens into server_choose
2019-12-07 19:32:00,618 Thread-2 > [Loading] POSTINIT_GUI
2019-12-07 19:32:00,618 Thread-2 > [Frame] Packing main frame...
2019-12-07 19:32:00,761 Thread-2 > [Frame] Resizing main pane...
2019-12-07 19:32:00,763 Thread-2 > Updater is already closed. Showing up...
2019-12-07 19:32:00,764 Thread-2 > Visibility set.
2019-12-07 19:32:00,766 Thread-2 > [Loading] REFRESHING_INFO
2019-12-07 19:32:00,770 Thread-2 > [VersionManager] Refreshing versions remotely...
2019-12-07 19:32:00,772 Thread-2 > [REPO][EXTRA_VERSION_REPO] Attempt #1; timeout: 45000 ms; url: http://repo.tlauncher.org/update/downloads/versions/new3/
2019-12-07 19:32:00,777 Thread-2 > Started! (10004 ms.)
2019-12-07 19:32:00,778 Thread-2 > [Loading] SUCCESS
2019-12-07 19:32:00,778 Thread-2 [Bootstrapper] I can be terminated now: 0
