2019-12-01 21:29:32,816 main 
2019-12-01 21:29:32,817 main -------------------------------------------------------------------
2019-12-01 21:29:33,748 main [Downloader2] Loaded configuration: normal
2019-12-01 21:29:35,154 main [Bootstrapper] createLauncher
2019-12-01 21:29:35,155 main path C:\Users\Ste-PC\AppData\Roaming\.tlauncher\jvms\jre1.8.0_51
2019-12-01 21:29:35,155 main [Bootstrapper] choose jvm:C:\Users\Ste-PC\AppData\Roaming\.tlauncher\jvms\jre1.8.0_51\bin\javaw.exe
2019-12-01 21:29:35,155 main [Bootstrapper] validate files
2019-12-01 21:29:35,156 main [Bootstrapper] end validated files
2019-12-01 21:29:35,156 main [Bootstrapper] Starting launcher...
2019-12-01 21:29:35,874 Thread-2 > [TLAUNCHER][STATIC] initialize inner config
2019-12-01 21:29:35,899 Thread-2 > [Loading] INITIALIZING
2019-12-01 21:29:38,515 Thread-2 > Starting TLauncher 2.67 RELEASE
2019-12-01 21:29:38,516 Thread-2 > For more information, visit https://tlauncher.org/
2019-12-01 21:29:38,516 Thread-2 > Startup time: Dec 1, 2019 9:29:38 PM
2019-12-01 21:29:38,516 Thread-2 > ---
2019-12-01 21:29:39,374 Thread-2 > [Loading] LOADING_CONFIGURATION
2019-12-01 21:29:39,381 Thread-2 > Loading configuration from file: C:\Users\Ste-PC\AppData\Roaming\.tlauncher\tlauncher-2.0.properties
2019-12-01 21:29:39,403 Thread-2 > [Configuration] Constant values: {}
2019-12-01 21:29:39,438 Thread-2 > Machine info: -------------------------------------------------------
2019-12-01 21:29:39,439 Thread-2 > Windows 8.1 6.3, Java 1.8.0_51, jvm bit x64, 12162 MB RAM
2019-12-01 21:29:39,439 Thread-2 > java path=C:\Users\Ste-PC\AppData\Roaming\.tlauncher\jvms\jre1.8.0_51\bin\javaw.exe
2019-12-01 21:29:39,439 Thread-2 > Intel(R) Core(TM) i5-8300H CPU @ 2.30GHz
2019-12-01 21:29:39,439 Thread-2 >  Intel(R) UHD Graphics 630, Intel(R) UHD Graphics Family, 6209 MB, NVIDIA GeForce GTX 1050, GeForce GTX 1050, 10102 MB
2019-12-01 21:29:39,439 Thread-2 > -------------------------------------------------------
2019-12-01 21:29:39,439 Thread-2 > Selected locale: en_US
2019-12-01 21:29:39,477 Thread-2 > [Loading] LOADING_CONSOLE
2019-12-01 21:29:39,654 Thread-2 > [Swing] Favicons loaded: 256px, 128px, 96px, 64px, 48px, 32px, 24px, 16px
2019-12-01 21:29:39,891 Thread-2 > 
2019-12-01 21:29:40,003 Thread-2 > [Downloader2] Loaded configuration: good
2019-12-01 21:29:40,138 Thread-2 > [Updater] Requesting an update...
2019-12-01 21:29:40,141 Thread-2 > [Updater] Requesting from: http://repo.tlauncher.org/update/lch/update_2.0.json
2019-12-01 21:29:40,141 Thread-2 > [Updater] Making request: http://repo.tlauncher.org/update/lch/update_2.0.json?version=2.67&client=49fddef2-7fd7-4e1b-b03a-a2418f93b47d
2019-12-01 21:29:40,731 Thread-2 > [Browser] Loading resources...
2019-12-01 21:29:40,842 Thread-2 > [Browser] Loading background...
2019-12-01 21:29:40,873 Thread-2 > [Browser] Cleaning up after loading:
2019-12-01 21:29:40,873 Thread-2 > Starting garbage collector: 26 / 153 MB
2019-12-01 21:29:40,922 Thread-2 > Garbage collector completed: 13 / 153 MB
2019-12-01 21:29:40,923 Thread-2 > [Loading] LOADING_MANAGERS
2019-12-01 21:29:40,929 Thread-2 > [LocalVersionList] Base directory: C:\Users\Ste-PC\AppData\Roaming\.minecraft
2019-12-01 21:29:40,939 Thread-2 > [ProfileManager] Refreshing profiles from: C:\Users\Ste-PC\AppData\Roaming\.minecraft\TlauncherProfiles.json
2019-12-01 21:29:40,958 Thread-2 > [AdvertisingStatusObserver]  started to get ad information
2019-12-01 21:29:40,958 Thread-2 > [AdvertisingStatusObserver]  finished to get add information
2019-12-01 21:29:40,959 Thread-2 > [GsonUtil]  request to http://repo.tlauncher.org/update/downloads/libraries/org/tlauncher/authlib/libraries-1.5.json
2019-12-01 21:29:40,964 Thread-2 > [Loading] LOADING_WINDOW
2019-12-01 21:29:41,010 Thread-2 > [Loading] PREPARING_MAINPANE
2019-12-01 21:29:41,096 Thread-2 > [JFXStartPageLoader]  start load page: http://page.tlauncher.org/update/downloads/configs/client/eng.html
2019-12-01 21:29:41,099 Thread-2 > [Browser] Running in JavaFX Thread
2019-12-01 21:29:41,099 Thread-2 > [Browser] Preparing JavaFX...
2019-12-01 21:29:41,220 Thread-2 > [Browser] Initializing...
2019-12-01 21:29:41,580 Thread-2 > [Updater] Request time: 1440 ms
2019-12-01 21:29:41,581 Thread-2 > [Updater] Successfully requested from: http://repo.tlauncher.org/update/lch/update_2.0.json
2019-12-01 21:29:41,828 Thread-2 > [REPO][SERVER_LIST_REPO] Success: Reached the repo in 864 ms.
2019-12-01 21:29:41,883 Thread-2 > [Downloader2] Loaded configuration: good
2019-12-01 21:29:43,244 Thread-2 > [Loading] POSTINIT_GUI
2019-12-01 21:29:43,244 Thread-2 > [Frame] Packing main frame...
2019-12-01 21:29:43,368 Thread-2 > [Frame] Resizing main pane...
2019-12-01 21:29:43,369 Thread-2 > Updater is already closed. Showing up...
2019-12-01 21:29:43,369 Thread-2 > Visibility set.
2019-12-01 21:29:43,370 Thread-2 > [Loading] REFRESHING_INFO
2019-12-01 21:29:43,372 Thread-2 > [VersionManager] Refreshing versions remotely...
2019-12-01 21:29:43,373 Thread-2 > [REPO][EXTRA_VERSION_REPO] Attempt #1; timeout: 45000 ms; url: http://repo.tlauncher.org/update/downloads/versions/new3/
2019-12-01 21:29:43,376 Thread-2 > Started! (4002 ms.)
2019-12-01 21:29:43,377 Thread-2 > [Loading] SUCCESS
2019-12-01 21:29:43,377 Thread-2 [Bootstrapper] I can be terminated now: 0
