2019-12-02 23:43:14,981 main 
2019-12-02 23:43:14,982 main -------------------------------------------------------------------
2019-12-02 23:43:16,606 main [Downloader2] Loaded configuration: normal
2019-12-02 23:43:18,159 main [Bootstrapper] createLauncher
2019-12-02 23:43:18,160 main path C:\Users\Ste-PC\AppData\Roaming\.tlauncher\jvms\jre1.8.0_51
2019-12-02 23:43:18,160 main [Bootstrapper] choose jvm:C:\Users\Ste-PC\AppData\Roaming\.tlauncher\jvms\jre1.8.0_51\bin\javaw.exe
2019-12-02 23:43:18,160 main [Bootstrapper] validate files
2019-12-02 23:43:18,161 main [Bootstrapper] end validated files
2019-12-02 23:43:18,161 main [Bootstrapper] Starting launcher...
2019-12-02 23:43:20,984 Thread-2 > [TLAUNCHER][STATIC] initialize inner config
2019-12-02 23:43:21,013 Thread-2 > [Loading] INITIALIZING
2019-12-02 23:43:24,508 Thread-2 > Starting TLauncher 2.67 RELEASE
2019-12-02 23:43:24,508 Thread-2 > For more information, visit https://tlauncher.org/
2019-12-02 23:43:24,508 Thread-2 > Startup time: Dec 2, 2019 11:43:24 PM
2019-12-02 23:43:24,509 Thread-2 > ---
2019-12-02 23:43:25,251 Thread-2 > [Loading] LOADING_CONFIGURATION
2019-12-02 23:43:25,252 Thread-2 > Loading configuration from file: C:\Users\Ste-PC\AppData\Roaming\.tlauncher\tlauncher-2.0.properties
2019-12-02 23:43:25,294 Thread-2 > [Configuration] Constant values: {}
2019-12-02 23:43:25,354 Thread-2 > Machine info: -------------------------------------------------------
2019-12-02 23:43:25,354 Thread-2 > Windows 8.1 6.3, Java 1.8.0_51, jvm bit x64, 12162 MB RAM
2019-12-02 23:43:25,354 Thread-2 > java path=C:\Users\Ste-PC\AppData\Roaming\.tlauncher\jvms\jre1.8.0_51\bin\javaw.exe
2019-12-02 23:43:25,354 Thread-2 > Intel(R) Core(TM) i5-8300H CPU @ 2.30GHz
2019-12-02 23:43:25,354 Thread-2 >  Intel(R) UHD Graphics 630, Intel(R) UHD Graphics Family, 6209 MB, NVIDIA GeForce GTX 1050, GeForce GTX 1050, 10102 MB
2019-12-02 23:43:25,355 Thread-2 > -------------------------------------------------------
2019-12-02 23:43:25,355 Thread-2 > Selected locale: en_US
2019-12-02 23:43:25,392 Thread-2 > [Loading] LOADING_CONSOLE
2019-12-02 23:43:25,600 Thread-2 > [Swing] Favicons loaded: 256px, 128px, 96px, 64px, 48px, 32px, 24px, 16px
2019-12-02 23:43:25,813 Thread-2 > 
2019-12-02 23:43:25,935 Thread-2 > [Downloader2] Loaded configuration: good
2019-12-02 23:43:26,059 Thread-2 > [Updater] Requesting an update...
2019-12-02 23:43:26,073 Thread-2 > [Updater] Requesting from: http://repo.tlauncher.org/update/lch/update_2.0.json
2019-12-02 23:43:26,074 Thread-2 > [Updater] Making request: http://repo.tlauncher.org/update/lch/update_2.0.json?version=2.67&client=49fddef2-7fd7-4e1b-b03a-a2418f93b47d
2019-12-02 23:43:26,693 Thread-2 > [Updater] Request time: 620 ms
2019-12-02 23:43:26,693 Thread-2 > [Updater] Successfully requested from: http://repo.tlauncher.org/update/lch/update_2.0.json
2019-12-02 23:43:27,036 Thread-2 > [Browser] Loading resources...
2019-12-02 23:43:27,138 Thread-2 > [Browser] Loading background...
2019-12-02 23:43:27,166 Thread-2 > [Browser] Cleaning up after loading:
2019-12-02 23:43:27,167 Thread-2 > Starting garbage collector: 26 / 153 MB
2019-12-02 23:43:27,217 Thread-2 > Garbage collector completed: 13 / 153 MB
2019-12-02 23:43:27,218 Thread-2 > [Loading] LOADING_MANAGERS
2019-12-02 23:43:27,224 Thread-2 > [LocalVersionList] Base directory: C:\Users\Ste-PC\AppData\Roaming\.minecraft
2019-12-02 23:43:27,234 Thread-2 > [ProfileManager] Refreshing profiles from: C:\Users\Ste-PC\AppData\Roaming\.minecraft\TlauncherProfiles.json
2019-12-02 23:43:27,280 Thread-2 > [AdvertisingStatusObserver]  started to get ad information
2019-12-02 23:43:27,280 Thread-2 > [AdvertisingStatusObserver]  finished to get add information
2019-12-02 23:43:27,280 Thread-2 > [GsonUtil]  request to http://repo.tlauncher.org/update/downloads/libraries/org/tlauncher/authlib/libraries-1.5.json
2019-12-02 23:43:27,284 Thread-2 > [Loading] LOADING_WINDOW
2019-12-02 23:43:27,565 Thread-2 > [Loading] PREPARING_MAINPANE
2019-12-02 23:43:28,375 Thread-2 > [REPO][SERVER_LIST_REPO] Success: Reached the repo in 887 ms.
2019-12-02 23:43:28,419 Thread-2 > [Downloader2] Loaded configuration: good
2019-12-02 23:43:28,469 Thread-2 > [JFXStartPageLoader]  start load page: http://page.tlauncher.org/update/downloads/configs/client/eng.html
2019-12-02 23:43:28,472 Thread-2 > [Browser] Running in JavaFX Thread
2019-12-02 23:43:28,473 Thread-2 > [Browser] Preparing JavaFX...
2019-12-02 23:43:28,541 Thread-2 > [Browser] Initializing...
2019-12-02 23:43:29,805 Thread-2 > [Loading] POSTINIT_GUI
2019-12-02 23:43:29,805 Thread-2 > [Frame] Packing main frame...
2019-12-02 23:43:29,865 Thread-2 > [JFXStartPageLoader]  succeeded load page: http://page.tlauncher.org/update/downloads/configs/client/eng.html during 1
2019-12-02 23:43:29,865 Thread-2 > [Browser@140923530] Loaded successfully: "http://page.tlauncher.org/update/downloads/configs/client/eng.html"
2019-12-02 23:43:29,876 Thread-2 > [Frame] Resizing main pane...
2019-12-02 23:43:29,888 Thread-2 > Updater is already closed. Showing up...
2019-12-02 23:43:29,889 Thread-2 > Visibility set.
2019-12-02 23:43:29,890 Thread-2 > [Loading] REFRESHING_INFO
2019-12-02 23:43:29,892 Thread-2 > [VersionManager] Refreshing versions remotely...
2019-12-02 23:43:29,893 Thread-2 > [REPO][EXTRA_VERSION_REPO] Attempt #1; timeout: 45000 ms; url: http://repo.tlauncher.org/update/downloads/versions/new3/
2019-12-02 23:43:29,895 Thread-2 > Started! (4643 ms.)
2019-12-02 23:43:29,896 Thread-2 > [Loading] SUCCESS
2019-12-02 23:43:29,897 Thread-2 [Bootstrapper] I can be terminated now: 0
2019-12-07 08:21:33,125 main 
2019-12-07 08:21:33,126 main -------------------------------------------------------------------
2019-12-07 08:21:34,129 main [Downloader2] Loaded configuration: normal
2019-12-07 08:21:35,195 main [Bootstrapper] createLauncher
2019-12-07 08:21:35,195 main path C:\Users\Ste-PC\AppData\Roaming\.tlauncher\jvms\jre1.8.0_51
2019-12-07 08:21:35,196 main [Bootstrapper] choose jvm:C:\Users\Ste-PC\AppData\Roaming\.tlauncher\jvms\jre1.8.0_51\bin\javaw.exe
2019-12-07 08:21:35,197 main [Bootstrapper] validate files
2019-12-07 08:21:35,197 main [Bootstrapper] end validated files
2019-12-07 08:21:35,197 main [Bootstrapper] Starting launcher...
2019-12-07 08:21:35,872 Thread-2 > [TLAUNCHER][STATIC] initialize inner config
2019-12-07 08:21:35,900 Thread-2 > [Loading] INITIALIZING
2019-12-07 08:21:37,444 Thread-2 > Starting TLauncher 2.67 RELEASE
2019-12-07 08:21:37,444 Thread-2 > For more information, visit https://tlauncher.org/
2019-12-07 08:21:37,444 Thread-2 > Startup time: Dec 7, 2019 8:21:37 AM
2019-12-07 08:21:37,444 Thread-2 > ---
2019-12-07 08:21:50,232 Thread-2 > [Loading] LOADING_CONFIGURATION
2019-12-07 08:21:50,232 Thread-2 > Loading configuration from file: C:\Users\Ste-PC\AppData\Roaming\.tlauncher\tlauncher-2.0.properties
2019-12-07 08:21:50,259 Thread-2 > [Configuration] Constant values: {}
2019-12-07 08:21:50,281 Thread-2 > Machine info: -------------------------------------------------------
2019-12-07 08:21:50,281 Thread-2 > Windows 8.1 6.3, Java 1.8.0_51, jvm bit x64, 12162 MB RAM
2019-12-07 08:21:50,281 Thread-2 > java path=C:\Users\Ste-PC\AppData\Roaming\.tlauncher\jvms\jre1.8.0_51\bin\javaw.exe
2019-12-07 08:21:50,281 Thread-2 > Intel(R) Core(TM) i5-8300H CPU @ 2.30GHz
2019-12-07 08:21:50,281 Thread-2 >  Intel(R) UHD Graphics 630, Intel(R) UHD Graphics Family, 6209 MB, NVIDIA GeForce GTX 1050, GeForce GTX 1050, 10102 MB
2019-12-07 08:21:50,281 Thread-2 > -------------------------------------------------------
2019-12-07 08:21:50,281 Thread-2 > Selected locale: en_US
2019-12-07 08:21:50,329 Thread-2 > [Loading] LOADING_CONSOLE
2019-12-07 08:21:50,501 Thread-2 > [Swing] Favicons loaded: 256px, 128px, 96px, 64px, 48px, 32px, 24px, 16px
2019-12-07 08:21:50,712 Thread-2 > 
2019-12-07 08:21:50,837 Thread-2 > [Downloader2] Loaded configuration: good
2019-12-07 08:21:50,959 Thread-2 > [Updater] Requesting an update...
2019-12-07 08:21:50,961 Thread-2 > [Updater] Requesting from: http://repo.tlauncher.org/update/lch/update_2.0.json
2019-12-07 08:21:50,961 Thread-2 > [Updater] Making request: http://repo.tlauncher.org/update/lch/update_2.0.json?version=2.67&client=49fddef2-7fd7-4e1b-b03a-a2418f93b47d
2019-12-07 08:21:51,509 Thread-2 > [Updater] Request time: 547 ms
2019-12-07 08:21:51,509 Thread-2 > [Updater] Successfully requested from: http://repo.tlauncher.org/update/lch/update_2.0.json
2019-12-07 08:21:51,820 Thread-2 > [Browser] Loading resources...
2019-12-07 08:21:51,925 Thread-2 > [Browser] Loading background...
2019-12-07 08:21:51,953 Thread-2 > [Browser] Cleaning up after loading:
2019-12-07 08:21:51,953 Thread-2 > Starting garbage collector: 30 / 154 MB
2019-12-07 08:21:51,999 Thread-2 > Garbage collector completed: 14 / 154 MB
2019-12-07 08:21:52,000 Thread-2 > [Loading] LOADING_MANAGERS
2019-12-07 08:21:52,004 Thread-2 > [LocalVersionList] Base directory: C:\Users\Ste-PC\AppData\Roaming\.minecraft
2019-12-07 08:21:52,011 Thread-2 > [ProfileManager] Refreshing profiles from: C:\Users\Ste-PC\AppData\Roaming\.minecraft\TlauncherProfiles.json
2019-12-07 08:21:52,024 Thread-2 > [AdvertisingStatusObserver]  started to get ad information
2019-12-07 08:21:52,024 Thread-2 > [AdvertisingStatusObserver]  finished to get add information
2019-12-07 08:21:52,025 Thread-2 > [GsonUtil]  request to http://repo.tlauncher.org/update/downloads/libraries/org/tlauncher/authlib/libraries-1.5.json
2019-12-07 08:21:52,029 Thread-2 > [Loading] LOADING_WINDOW
2019-12-07 08:21:52,054 Thread-2 > [Loading] PREPARING_MAINPANE
2019-12-07 08:21:52,106 Thread-2 > [JFXStartPageLoader]  start load page: http://repo.tlauncher.org/update/downloads/configs/client/eng.html
2019-12-07 08:21:52,109 Thread-2 > [Browser] Running in JavaFX Thread
2019-12-07 08:21:52,109 Thread-2 > [Browser] Preparing JavaFX...
2019-12-07 08:21:52,202 Thread-2 > [Browser] Initializing...
2019-12-07 08:21:52,514 Thread-2 > [REPO][SERVER_LIST_REPO] Success: Reached the repo in 485 ms.
2019-12-07 08:21:54,011 Thread-2 > [Downloader2] Loaded configuration: good
2019-12-07 08:21:54,578 Thread-2 > [JFXStartPageLoader]  succeeded load page: http://repo.tlauncher.org/update/downloads/configs/client/eng.html during 2
2019-12-07 08:21:54,579 Thread-2 > [Browser@1546062604] Loaded successfully: "http://repo.tlauncher.org/update/downloads/configs/client/eng.html"
2019-12-07 08:21:54,634 Thread-2 > [Browser] add listens into server_choose
2019-12-07 08:21:54,635 Thread-2 > [Browser] finished listens into server_choose
2019-12-07 08:21:55,160 Thread-2 > [Loading] POSTINIT_GUI
2019-12-07 08:21:55,160 Thread-2 > [Frame] Packing main frame...
2019-12-07 08:21:55,222 Thread-2 > [Frame] Resizing main pane...
2019-12-07 08:21:55,223 Thread-2 > Updater is already closed. Showing up...
2019-12-07 08:21:55,223 Thread-2 > Visibility set.
2019-12-07 08:21:55,223 Thread-2 > [Loading] REFRESHING_INFO
2019-12-07 08:21:55,225 Thread-2 > [VersionManager] Refreshing versions remotely...
2019-12-07 08:21:55,225 Thread-2 > [REPO][EXTRA_VERSION_REPO] Attempt #1; timeout: 45000 ms; url: http://repo.tlauncher.org/update/downloads/versions/new3/
2019-12-07 08:21:55,227 Thread-2 > Started! (4995 ms.)
2019-12-07 08:21:55,227 Thread-2 > [Loading] SUCCESS
2019-12-07 08:21:55,227 Thread-2 [Bootstrapper] I can be terminated now: 0
