2019-12-05 21:06:38,498 main 
2019-12-05 21:06:38,499 main -------------------------------------------------------------------
2019-12-05 21:06:39,561 main [Downloader2] Loaded configuration: normal
2019-12-05 21:06:40,219 main [Bootstrapper] createLauncher
2019-12-05 21:06:40,220 main path C:\Users\Ste-PC\AppData\Roaming\.tlauncher\jvms\jre1.8.0_51
2019-12-05 21:06:40,220 main [Bootstrapper] choose jvm:C:\Users\Ste-PC\AppData\Roaming\.tlauncher\jvms\jre1.8.0_51\bin\javaw.exe
2019-12-05 21:06:40,220 main [Bootstrapper] validate files
2019-12-05 21:06:40,220 main [Bootstrapper] end validated files
2019-12-05 21:06:40,220 main [Bootstrapper] Starting launcher...
2019-12-05 21:06:40,362 Thread-2 > [TLAUNCHER][STATIC] initialize inner config
2019-12-05 21:06:40,384 Thread-2 > [Loading] INITIALIZING
2019-12-05 21:06:41,625 Thread-2 > Starting TLauncher 2.67 RELEASE
2019-12-05 21:06:41,625 Thread-2 > For more information, visit https://tlauncher.org/
2019-12-05 21:06:41,626 Thread-2 > Startup time: Dec 5, 2019 9:06:41 PM
2019-12-05 21:06:41,626 Thread-2 > ---
2019-12-05 21:06:42,378 Thread-2 > [Loading] LOADING_CONFIGURATION
2019-12-05 21:06:42,379 Thread-2 > Loading configuration from file: C:\Users\Ste-PC\AppData\Roaming\.tlauncher\tlauncher-2.0.properties
2019-12-05 21:06:42,384 Thread-2 > [Configuration] Constant values: {}
2019-12-05 21:06:42,400 Thread-2 > Machine info: -------------------------------------------------------
2019-12-05 21:06:42,400 Thread-2 > Windows 8.1 6.3, Java 1.8.0_51, jvm bit x64, 12162 MB RAM
2019-12-05 21:06:42,401 Thread-2 > java path=C:\Users\Ste-PC\AppData\Roaming\.tlauncher\jvms\jre1.8.0_51\bin\javaw.exe
2019-12-05 21:06:42,401 Thread-2 > Intel(R) Core(TM) i5-8300H CPU @ 2.30GHz
2019-12-05 21:06:42,401 Thread-2 >  Intel(R) UHD Graphics 630, Intel(R) UHD Graphics Family, 6209 MB, NVIDIA GeForce GTX 1050, GeForce GTX 1050, 10102 MB
2019-12-05 21:06:42,401 Thread-2 > -------------------------------------------------------
2019-12-05 21:06:42,401 Thread-2 > Selected locale: en_US
2019-12-05 21:06:42,438 Thread-2 > [Loading] LOADING_CONSOLE
2019-12-05 21:06:42,600 Thread-2 > [Swing] Favicons loaded: 256px, 128px, 96px, 64px, 48px, 32px, 24px, 16px
2019-12-05 21:06:42,808 Thread-2 > 
2019-12-05 21:06:42,899 Thread-2 > [Downloader2] Loaded configuration: good
2019-12-05 21:06:43,020 Thread-2 > [Updater] Requesting an update...
2019-12-05 21:06:43,021 Thread-2 > [Updater] Requesting from: http://repo.tlauncher.org/update/lch/update_2.0.json
2019-12-05 21:06:43,022 Thread-2 > [Updater] Making request: http://repo.tlauncher.org/update/lch/update_2.0.json?version=2.67&client=49fddef2-7fd7-4e1b-b03a-a2418f93b47d
2019-12-05 21:06:43,109 Thread-2 > [Browser] Loading resources...
2019-12-05 21:06:43,218 Thread-2 > [JFXStartPageLoader]  start load page: http://page.tlauncher.org/update/downloads/configs/client/eng.html
2019-12-05 21:06:43,220 Thread-2 > [Browser] Loading background...
2019-12-05 21:06:43,276 Thread-2 > [Browser] Cleaning up after loading:
2019-12-05 21:06:43,276 Thread-2 > Starting garbage collector: 31 / 154 MB
2019-12-05 21:06:43,327 Thread-2 > Garbage collector completed: 14 / 154 MB
2019-12-05 21:06:43,328 Thread-2 > [Browser] Running in JavaFX Thread
2019-12-05 21:06:43,328 Thread-2 > [Browser] Preparing JavaFX...
2019-12-05 21:06:43,329 Thread-2 > [Loading] LOADING_MANAGERS
2019-12-05 21:06:43,333 Thread-2 > [LocalVersionList] Base directory: C:\Users\Ste-PC\AppData\Roaming\.minecraft
2019-12-05 21:06:43,341 Thread-2 > [ProfileManager] Refreshing profiles from: C:\Users\Ste-PC\AppData\Roaming\.minecraft\TlauncherProfiles.json
2019-12-05 21:06:43,348 Thread-2 > [AdvertisingStatusObserver]  started to get ad information
2019-12-05 21:06:43,348 Thread-2 > [AdvertisingStatusObserver]  finished to get add information
2019-12-05 21:06:43,348 Thread-2 > [GsonUtil]  request to http://repo.tlauncher.org/update/downloads/libraries/org/tlauncher/authlib/libraries-1.5.json
2019-12-05 21:06:43,358 Thread-2 > [Loading] LOADING_WINDOW
2019-12-05 21:06:43,382 Thread-2 > [Loading] PREPARING_MAINPANE
2019-12-05 21:06:43,394 Thread-2 > [Browser] Initializing...
2019-12-05 21:06:43,614 Thread-2 > [Updater] Request time: 593 ms
2019-12-05 21:06:43,614 Thread-2 > [Updater] Successfully requested from: http://repo.tlauncher.org/update/lch/update_2.0.json
2019-12-05 21:06:43,694 Thread-2 > [REPO][SERVER_LIST_REPO] Success: Reached the repo in 335 ms.
2019-12-05 21:06:43,698 Thread-2 > [Downloader2] Loaded configuration: good
2019-12-05 21:06:44,217 Thread-2 > [JFXStartPageLoader]  succeeded load page: http://page.tlauncher.org/update/downloads/configs/client/eng.html during 0
2019-12-05 21:06:44,217 Thread-2 > [Browser@627674411] Loaded successfully: "http://page.tlauncher.org/update/downloads/configs/client/eng.html"
2019-12-05 21:06:44,270 Thread-2 > [Browser] add listens into server_choose
2019-12-05 21:06:44,270 Thread-2 > [Browser] finished listens into server_choose
2019-12-05 21:06:44,839 Thread-2 > [Loading] POSTINIT_GUI
2019-12-05 21:06:44,839 Thread-2 > [Frame] Packing main frame...
2019-12-05 21:06:44,901 Thread-2 > [Frame] Resizing main pane...
2019-12-05 21:06:44,902 Thread-2 > Updater is already closed. Showing up...
2019-12-05 21:06:44,902 Thread-2 > Visibility set.
2019-12-05 21:06:44,903 Thread-2 > [Loading] REFRESHING_INFO
2019-12-05 21:06:44,904 Thread-2 > [VersionManager] Refreshing versions remotely...
2019-12-05 21:06:44,904 Thread-2 > [REPO][EXTRA_VERSION_REPO] Attempt #1; timeout: 45000 ms; url: http://repo.tlauncher.org/update/downloads/versions/new3/
2019-12-05 21:06:44,905 Thread-2 > Started! (2527 ms.)
2019-12-05 21:06:44,905 Thread-2 > [Loading] SUCCESS
2019-12-05 21:06:44,905 Thread-2 [Bootstrapper] I can be terminated now: 0
2019-12-12 12:39:59,559 main 
2019-12-12 12:39:59,561 main -------------------------------------------------------------------
2019-12-12 12:40:01,955 main [Downloader2] Loaded configuration: normal
2019-12-12 12:40:03,902 main [Bootstrapper] createLauncher
2019-12-12 12:40:03,903 main path C:\Users\Ste-PC\AppData\Roaming\.tlauncher\jvms\jre1.8.0_51
2019-12-12 12:40:03,903 main [Bootstrapper] choose jvm:C:\Users\Ste-PC\AppData\Roaming\.tlauncher\jvms\jre1.8.0_51\bin\javaw.exe
2019-12-12 12:40:03,916 main [Bootstrapper] validate files
2019-12-12 12:40:03,916 main [Bootstrapper] end validated files
2019-12-12 12:40:03,916 main [Bootstrapper] Starting launcher...
2019-12-12 12:40:07,203 Thread-2 > [TLAUNCHER][STATIC] initialize inner config
2019-12-12 12:40:07,234 Thread-2 > [Loading] INITIALIZING
2019-12-12 12:40:10,343 Thread-2 > Starting TLauncher 2.67 RELEASE
2019-12-12 12:40:10,343 Thread-2 > For more information, visit https://tlauncher.org/
2019-12-12 12:40:10,344 Thread-2 > Startup time: Dec 12, 2019 12:40:10 PM
2019-12-12 12:40:10,344 Thread-2 > ---
2019-12-12 12:40:11,270 Thread-2 > [Loading] LOADING_CONFIGURATION
2019-12-12 12:40:11,271 Thread-2 > Loading configuration from file: C:\Users\Ste-PC\AppData\Roaming\.tlauncher\tlauncher-2.0.properties
2019-12-12 12:40:11,674 Thread-2 > [Configuration] Constant values: {}
2019-12-12 12:40:11,695 Thread-2 > Machine info: -------------------------------------------------------
2019-12-12 12:40:11,695 Thread-2 > Windows 8.1 6.3, Java 1.8.0_51, jvm bit x64, 12162 MB RAM
2019-12-12 12:40:11,695 Thread-2 > java path=C:\Users\Ste-PC\AppData\Roaming\.tlauncher\jvms\jre1.8.0_51\bin\javaw.exe
2019-12-12 12:40:11,695 Thread-2 > Intel(R) Core(TM) i5-8300H CPU @ 2.30GHz
2019-12-12 12:40:11,695 Thread-2 >  Intel(R) UHD Graphics 630, Intel(R) UHD Graphics Family, 6209 MB, NVIDIA GeForce GTX 1050, GeForce GTX 1050, 10102 MB
2019-12-12 12:40:11,695 Thread-2 > -------------------------------------------------------
2019-12-12 12:40:11,696 Thread-2 > Selected locale: en_US
2019-12-12 12:40:11,790 Thread-2 > [Loading] LOADING_CONSOLE
2019-12-12 12:40:12,161 Thread-2 > [Swing] Favicons loaded: 256px, 128px, 96px, 64px, 48px, 32px, 24px, 16px
2019-12-12 12:40:12,371 Thread-2 > 
2019-12-12 12:40:12,546 Thread-2 > [Downloader2] Loaded configuration: good
2019-12-12 12:40:12,711 Thread-2 > [Updater] Requesting an update...
2019-12-12 12:40:12,722 Thread-2 > [Updater] Requesting from: http://repo.tlauncher.org/update/lch/update_2.0.json
2019-12-12 12:40:12,723 Thread-2 > [Updater] Making request: http://repo.tlauncher.org/update/lch/update_2.0.json?version=2.67&client=49fddef2-7fd7-4e1b-b03a-a2418f93b47d
2019-12-12 12:40:13,952 Thread-2 > [Browser] Loading resources...
2019-12-12 12:40:14,068 Thread-2 > [Browser] Loading background...
2019-12-12 12:40:14,097 Thread-2 > [Browser] Cleaning up after loading:
2019-12-12 12:40:14,097 Thread-2 > Starting garbage collector: 25 / 153 MB
2019-12-12 12:40:14,150 Thread-2 > Garbage collector completed: 13 / 153 MB
2019-12-12 12:40:14,151 Thread-2 > [Loading] LOADING_MANAGERS
2019-12-12 12:40:14,156 Thread-2 > [LocalVersionList] Base directory: C:\Users\Ste-PC\AppData\Roaming\.minecraft
2019-12-12 12:40:14,165 Thread-2 > [ProfileManager] Refreshing profiles from: C:\Users\Ste-PC\AppData\Roaming\.minecraft\TlauncherProfiles.json
2019-12-12 12:40:14,238 Thread-2 > [AdvertisingStatusObserver]  started to get ad information
2019-12-12 12:40:14,239 Thread-2 > [AdvertisingStatusObserver]  finished to get add information
2019-12-12 12:40:14,239 Thread-2 > [GsonUtil]  request to http://repo.tlauncher.org/update/downloads/libraries/org/tlauncher/authlib/libraries-1.5.json
2019-12-12 12:40:14,244 Thread-2 > [Loading] LOADING_WINDOW
2019-12-12 12:40:14,370 Thread-2 > [Loading] PREPARING_MAINPANE
2019-12-12 12:40:15,728 Thread-2 > [Downloader2] Loaded configuration: good
2019-12-12 12:40:15,879 Thread-2 > [REPO][SERVER_LIST_REPO] Success: Reached the repo in 1635 ms.
2019-12-12 12:40:16,573 Thread-2 > [JFXStartPageLoader]  start load page: http://page.tlauncher.org/update/downloads/configs/client/eng.html
2019-12-12 12:40:16,586 Thread-2 > [Browser] Running in JavaFX Thread
2019-12-12 12:40:16,586 Thread-2 > [Browser] Preparing JavaFX...
2019-12-12 12:40:16,801 Thread-2 > [Browser] Initializing...
2019-12-12 12:40:17,755 Thread-2 > [Loading] POSTINIT_GUI
2019-12-12 12:40:17,756 Thread-2 > [Frame] Packing main frame...
2019-12-12 12:40:17,865 Thread-2 > [Frame] Resizing main pane...
2019-12-12 12:40:17,869 Thread-2 > Waiting for Updater to close.
2019-12-12 12:40:18,872 Thread-2 > [Updater] Request time: 6150 ms
2019-12-12 12:40:18,872 Thread-2 > [Updater] Successfully requested from: http://repo.tlauncher.org/update/lch/update_2.0.json
2019-12-12 12:40:19,279 Thread-2 > Visibility set.
2019-12-12 12:40:19,280 Thread-2 > [Loading] REFRESHING_INFO
2019-12-12 12:40:19,282 Thread-2 > [VersionManager] Refreshing versions remotely...
2019-12-12 12:40:19,283 Thread-2 > [REPO][EXTRA_VERSION_REPO] Attempt #1; timeout: 45000 ms; url: http://repo.tlauncher.org/update/downloads/versions/new3/
2019-12-12 12:40:19,284 Thread-2 > Started! (8013 ms.)
2019-12-12 12:40:19,285 Thread-2 > [Loading] SUCCESS
2019-12-12 12:40:19,285 Thread-2 [Bootstrapper] I can be terminated now: 0
2019-12-18 19:32:04,712 main 
2019-12-18 19:32:04,712 main -------------------------------------------------------------------
2019-12-18 19:32:05,157 main run double running protectin
2019-12-18 19:32:05,161 main [Downloader2] Loaded configuration: normal
2019-12-18 19:32:05,350 main [Bootstrapper] createLauncher
2019-12-18 19:32:05,351 main path C:\Users\Ste-PC\AppData\Roaming\.tlauncher\jvms\jre1.8.0_51
2019-12-18 19:32:05,351 main [Bootstrapper] choose jvm:C:\Users\Ste-PC\AppData\Roaming\.tlauncher\jvms\jre1.8.0_51\bin\javaw.exe
2019-12-18 19:32:05,352 main [Bootstrapper] validate files
2019-12-18 19:32:05,352 main [Bootstrapper] end validated files
2019-12-18 19:32:05,352 main [Bootstrapper] Starting launcher...
2019-12-18 19:32:05,469 Thread-2 > [TLAUNCHER][STATIC] initialize inner config
2019-12-18 19:32:05,495 Thread-2 > [Loading] INITIALIZING
2019-12-18 19:32:06,863 Thread-2 > Starting TLauncher 2.68 RELEASE
2019-12-18 19:32:06,863 Thread-2 > For more information, visit https://tlauncher.org/
2019-12-18 19:32:06,863 Thread-2 > Startup time: Dec 18, 2019 7:32:06 PM
2019-12-18 19:32:06,864 Thread-2 > ---
2019-12-18 19:32:06,866 Thread-2 > run double running protectin
2019-12-18 19:32:07,283 Thread-2 > [Loading] LOADING_CONFIGURATION
2019-12-18 19:32:07,284 Thread-2 > Loading configuration from file: C:\Users\Ste-PC\AppData\Roaming\.tlauncher\tlauncher-2.0.properties
2019-12-18 19:32:07,290 Thread-2 > [Configuration] Constant values: {}
2019-12-18 19:32:07,334 Thread-2 > Machine info: -------------------------------------------------------
2019-12-18 19:32:07,334 Thread-2 > Windows 8.1 6.3, Java 1.8.0_51, jvm bit x64, 12162 MB RAM
2019-12-18 19:32:07,334 Thread-2 > java path=C:\Users\Ste-PC\AppData\Roaming\.tlauncher\jvms\jre1.8.0_51\bin\javaw.exe
2019-12-18 19:32:07,334 Thread-2 > Intel(R) Core(TM) i5-8300H CPU @ 2.30GHz
2019-12-18 19:32:07,335 Thread-2 >  Intel(R) UHD Graphics 630, Intel(R) UHD Graphics Family, 6209 MB, NVIDIA GeForce GTX 1050, GeForce GTX 1050, 10102 MB
2019-12-18 19:32:07,335 Thread-2 > -------------------------------------------------------
2019-12-18 19:32:07,335 Thread-2 > Selected locale: en_US
2019-12-18 19:32:07,373 Thread-2 > [Loading] LOADING_CONSOLE
2019-12-18 19:32:07,556 Thread-2 > [Swing] Favicons loaded: 256px, 128px, 96px, 64px, 48px, 32px, 24px, 16px
2019-12-18 19:32:07,764 Thread-2 > 
2019-12-18 19:32:07,856 Thread-2 > [Downloader2] Loaded configuration: good
2019-12-18 19:32:07,974 Thread-2 > [Updater] Requesting an update...
2019-12-18 19:32:07,975 Thread-2 > [Updater] Requesting from: http://repo.tlauncher.org/update/lch/update_2.0.json
2019-12-18 19:32:07,977 Thread-2 > [Updater] Making request: http://repo.tlauncher.org/update/lch/update_2.0.json?version=2.68&client=49fddef2-7fd7-4e1b-b03a-a2418f93b47d
2019-12-18 19:32:08,066 Thread-2 > [Browser] Loading resources...
2019-12-18 19:32:08,202 Thread-2 > [JFXStartPageLoader]  start load page: http://page.tlauncher.org/update/downloads/configs/client/eng.html
2019-12-18 19:32:08,202 Thread-2 > [Browser] Loading background...
2019-12-18 19:32:08,264 Thread-2 > [Browser] Cleaning up after loading:
2019-12-18 19:32:08,264 Thread-2 > Starting garbage collector: 79 / 155 MB
2019-12-18 19:32:08,318 Thread-2 > Garbage collector completed: 14 / 154 MB
2019-12-18 19:32:08,320 Thread-2 > [Browser] Running in JavaFX Thread
2019-12-18 19:32:08,320 Thread-2 > [Browser] Preparing JavaFX...
2019-12-18 19:32:08,320 Thread-2 > [Loading] LOADING_MANAGERS
2019-12-18 19:32:08,326 Thread-2 > [LocalVersionList] Base directory: C:\Users\Ste-PC\AppData\Roaming\.minecraft
2019-12-18 19:32:08,336 Thread-2 > [ProfileManager] Refreshing profiles from: C:\Users\Ste-PC\AppData\Roaming\.minecraft\TlauncherProfiles.json
2019-12-18 19:32:08,346 Thread-2 > [AdvertisingStatusObserver]  started to get ad information
2019-12-18 19:32:08,346 Thread-2 > [AdvertisingStatusObserver]  finished to get add information
2019-12-18 19:32:08,347 Thread-2 > [GsonUtil]  request to http://repo.tlauncher.org/update/downloads/libraries/org/tlauncher/authlib/libraries-1.6.json
2019-12-18 19:32:08,353 Thread-2 > [Loading] LOADING_WINDOW
2019-12-18 19:32:08,377 Thread-2 > [Loading] PREPARING_MAINPANE
2019-12-18 19:32:08,390 Thread-2 > [Browser] Initializing...
2019-12-18 19:32:08,477 Thread-2 > [Updater] Request time: 502 ms
2019-12-18 19:32:08,478 Thread-2 > [Updater] Successfully requested from: http://repo.tlauncher.org/update/lch/update_2.0.json
2019-12-18 19:32:08,927 Thread-2 > [Downloader2] Loaded configuration: good
2019-12-18 19:32:09,000 Thread-2 > [REPO][SERVER_LIST_REPO] Success: Reached the repo in 647 ms.
2019-12-18 19:32:10,266 Thread-2 > [Loading] POSTINIT_GUI
2019-12-18 19:32:10,267 Thread-2 > [Frame] Packing main frame...
2019-12-18 19:32:10,334 Thread-2 > [Frame] Resizing main pane...
2019-12-18 19:32:10,335 Thread-2 > Updater is already closed. Showing up...
2019-12-18 19:32:10,335 Thread-2 > Visibility set.
2019-12-18 19:32:10,336 Thread-2 > [Loading] REFRESHING_INFO
2019-12-18 19:32:10,337 Thread-2 > [VersionManager] Refreshing versions remotely...
2019-12-18 19:32:10,338 Thread-2 > [REPO][EXTRA_VERSION_REPO] Attempt #1; timeout: 45000 ms; url: http://repo.tlauncher.org/update/downloads/versions/new3/
2019-12-18 19:32:10,338 Thread-2 > Started! (3055 ms.)
2019-12-18 19:32:10,338 Thread-2 > [Loading] SUCCESS
2019-12-18 19:32:10,338 Thread-2 [Bootstrapper] I can be terminated now: 0
2020-01-09 14:05:54,792 main 
2020-01-09 14:05:54,792 main -------------------------------------------------------------------
2020-01-09 14:05:55,694 main run double running protectin
2020-01-09 14:05:55,700 main [Downloader2] Loaded configuration: normal
2020-01-09 14:05:56,943 main [Bootstrapper] createLauncher
2020-01-09 14:05:56,943 main path C:\Users\Ste-PC\AppData\Roaming\.tlauncher\jvms\jre1.8.0_51
2020-01-09 14:05:56,943 main [Bootstrapper] choose jvm:C:\Users\Ste-PC\AppData\Roaming\.tlauncher\jvms\jre1.8.0_51\bin\javaw.exe
2020-01-09 14:05:56,944 main [Bootstrapper] validate files
2020-01-09 14:05:56,944 main [Bootstrapper] end validated files
2020-01-09 14:05:56,944 main [Bootstrapper] Starting launcher...
2020-01-09 14:05:58,664 Thread-2 > [TLAUNCHER][STATIC] initialize inner config
2020-01-09 14:05:58,692 Thread-2 > [Loading] INITIALIZING
2020-01-09 14:06:01,450 Thread-2 > Starting TLauncher 2.68 RELEASE
2020-01-09 14:06:01,450 Thread-2 > For more information, visit https://tlauncher.org/
2020-01-09 14:06:01,451 Thread-2 > Startup time: Jan 9, 2020 2:06:01 PM
2020-01-09 14:06:01,451 Thread-2 > ---
2020-01-09 14:06:01,467 Thread-2 > run double running protectin
2020-01-09 14:06:01,994 Thread-2 > [Loading] LOADING_CONFIGURATION
2020-01-09 14:06:01,995 Thread-2 > Loading configuration from file: C:\Users\Ste-PC\AppData\Roaming\.tlauncher\tlauncher-2.0.properties
2020-01-09 14:06:02,150 Thread-2 > [Configuration] Constant values: {}
2020-01-09 14:06:02,176 Thread-2 > Machine info: -------------------------------------------------------
2020-01-09 14:06:02,176 Thread-2 > Windows 8.1 6.3, Java 1.8.0_51, jvm bit x64, 12162 MB RAM
2020-01-09 14:06:02,177 Thread-2 > java path=C:\Users\Ste-PC\AppData\Roaming\.tlauncher\jvms\jre1.8.0_51\bin\javaw.exe
2020-01-09 14:06:02,177 Thread-2 > Intel(R) Core(TM) i5-8300H CPU @ 2.30GHz
2020-01-09 14:06:02,177 Thread-2 >  Intel(R) UHD Graphics 630, Intel(R) UHD Graphics Family, 6209 MB, NVIDIA GeForce GTX 1050, GeForce GTX 1050, 10102 MB
2020-01-09 14:06:02,177 Thread-2 > -------------------------------------------------------
2020-01-09 14:06:02,177 Thread-2 > Selected locale: en_US
2020-01-09 14:06:02,229 Thread-2 > [Loading] LOADING_CONSOLE
2020-01-09 14:06:02,431 Thread-2 > [Swing] Favicons loaded: 256px, 128px, 96px, 64px, 48px, 32px, 24px, 16px
2020-01-09 14:06:02,643 Thread-2 > 
2020-01-09 14:06:02,733 Thread-2 > [Downloader2] Loaded configuration: good
2020-01-09 14:06:02,856 Thread-2 > [Updater] Requesting an update...
2020-01-09 14:06:02,857 Thread-2 > [Updater] Requesting from: http://repo.tlauncher.org/update/lch/update_2.0.json
2020-01-09 14:06:02,858 Thread-2 > [Updater] Making request: http://repo.tlauncher.org/update/lch/update_2.0.json?version=2.68&client=49fddef2-7fd7-4e1b-b03a-a2418f93b47d
2020-01-09 14:06:03,373 Thread-2 > [Updater] Request time: 517 ms
2020-01-09 14:06:03,373 Thread-2 > [Updater] Successfully requested from: http://repo.tlauncher.org/update/lch/update_2.0.json
2020-01-09 14:06:03,977 Thread-2 > [Browser] Loading resources...
2020-01-09 14:06:04,091 Thread-2 > [Browser] Loading background...
2020-01-09 14:06:04,123 Thread-2 > [Browser] Cleaning up after loading:
2020-01-09 14:06:04,123 Thread-2 > Starting garbage collector: 26 / 152 MB
2020-01-09 14:06:04,175 Thread-2 > Garbage collector completed: 13 / 152 MB
2020-01-09 14:06:04,176 Thread-2 > [Loading] LOADING_MANAGERS
2020-01-09 14:06:04,181 Thread-2 > [LocalVersionList] Base directory: C:\Users\Ste-PC\AppData\Roaming\.minecraft
2020-01-09 14:06:04,189 Thread-2 > [ProfileManager] Refreshing profiles from: C:\Users\Ste-PC\AppData\Roaming\.minecraft\TlauncherProfiles.json
2020-01-09 14:06:04,198 Thread-2 > [AdvertisingStatusObserver]  started to get ad information
2020-01-09 14:06:04,198 Thread-2 > [GsonUtil]  request to http://repo.tlauncher.org/update/downloads/libraries/org/tlauncher/authlib/libraries-1.6.json
2020-01-09 14:06:04,198 Thread-2 > [AdvertisingStatusObserver]  finished to get add information
2020-01-09 14:06:04,203 Thread-2 > [Loading] LOADING_WINDOW
2020-01-09 14:06:04,404 Thread-2 > [Loading] PREPARING_MAINPANE
2020-01-09 14:06:04,604 Thread-2 > [REPO][SERVER_LIST_REPO] Success: Reached the repo in 401 ms.
2020-01-09 14:06:05,174 Thread-2 > [Downloader2] Loaded configuration: good
2020-01-09 14:06:06,628 Thread-2 > [JFXStartPageLoader]  start load page: http://page.tlauncher.org/update/downloads/configs/client/eng.html
2020-01-09 14:06:06,633 Thread-2 > [Browser] Running in JavaFX Thread
2020-01-09 14:06:06,633 Thread-2 > [Browser] Preparing JavaFX...
2020-01-09 14:06:06,970 Thread-2 > [Browser] Initializing...
2020-01-09 14:06:07,243 Thread-2 > [Loading] POSTINIT_GUI
2020-01-09 14:06:07,244 Thread-2 > [Frame] Packing main frame...
2020-01-09 14:06:07,403 Thread-2 > [Frame] Resizing main pane...
2020-01-09 14:06:07,411 Thread-2 > Updater is already closed. Showing up...
2020-01-09 14:06:07,411 Thread-2 > Visibility set.
2020-01-09 14:06:07,413 Thread-2 > [Loading] REFRESHING_INFO
2020-01-09 14:06:07,416 Thread-2 > [VersionManager] Refreshing versions remotely...
2020-01-09 14:06:07,417 Thread-2 > [REPO][EXTRA_VERSION_REPO] Attempt #1; timeout: 45000 ms; url: http://repo.tlauncher.org/update/downloads/versions/new3/
2020-01-09 14:06:07,419 Thread-2 > Started! (5425 ms.)
2020-01-09 14:06:07,421 Thread-2 > [Loading] SUCCESS
2020-01-09 14:06:07,422 Thread-2 [Bootstrapper] I can be terminated now: 0
