2019-12-07 12:22:54,412 main 
2019-12-07 12:22:54,413 main -------------------------------------------------------------------
2019-12-07 12:22:55,214 main [Downloader2] Loaded configuration: normal
2019-12-07 12:22:55,948 main [Bootstrapper] createLauncher
2019-12-07 12:22:55,948 main path C:\Users\Ste-PC\AppData\Roaming\.tlauncher\jvms\jre1.8.0_51
2019-12-07 12:22:55,948 main [Bootstrapper] choose jvm:C:\Users\Ste-PC\AppData\Roaming\.tlauncher\jvms\jre1.8.0_51\bin\javaw.exe
2019-12-07 12:22:55,949 main [Bootstrapper] validate files
2019-12-07 12:22:55,949 main [Bootstrapper] end validated files
2019-12-07 12:22:55,949 main [Bootstrapper] Starting launcher...
2019-12-07 12:22:56,108 Thread-2 > [TLAUNCHER][STATIC] initialize inner config
2019-12-07 12:22:56,131 Thread-2 > [Loading] INITIALIZING
2019-12-07 12:22:57,674 Thread-2 > Starting TLauncher 2.67 RELEASE
2019-12-07 12:22:57,674 Thread-2 > For more information, visit https://tlauncher.org/
2019-12-07 12:22:57,675 Thread-2 > Startup time: Dec 7, 2019 12:22:57 PM
2019-12-07 12:22:57,675 Thread-2 > ---
2019-12-07 12:22:58,454 Thread-2 > [Loading] LOADING_CONFIGURATION
2019-12-07 12:22:58,455 Thread-2 > Loading configuration from file: C:\Users\Ste-PC\AppData\Roaming\.tlauncher\tlauncher-2.0.properties
2019-12-07 12:22:58,477 Thread-2 > [Configuration] Constant values: {}
2019-12-07 12:22:58,492 Thread-2 > Machine info: -------------------------------------------------------
2019-12-07 12:22:58,493 Thread-2 > Windows 8.1 6.3, Java 1.8.0_51, jvm bit x64, 12162 MB RAM
2019-12-07 12:22:58,493 Thread-2 > java path=C:\Users\Ste-PC\AppData\Roaming\.tlauncher\jvms\jre1.8.0_51\bin\javaw.exe
2019-12-07 12:22:58,493 Thread-2 > Intel(R) Core(TM) i5-8300H CPU @ 2.30GHz
2019-12-07 12:22:58,493 Thread-2 >  Intel(R) UHD Graphics 630, Intel(R) UHD Graphics Family, 6209 MB, NVIDIA GeForce GTX 1050, GeForce GTX 1050, 10102 MB
2019-12-07 12:22:58,493 Thread-2 > -------------------------------------------------------
2019-12-07 12:22:58,493 Thread-2 > Selected locale: en_US
2019-12-07 12:22:58,527 Thread-2 > [Loading] LOADING_CONSOLE
2019-12-07 12:22:58,725 Thread-2 > [Swing] Favicons loaded: 256px, 128px, 96px, 64px, 48px, 32px, 24px, 16px
2019-12-07 12:22:58,935 Thread-2 > 
2019-12-07 12:22:59,037 Thread-2 > [Downloader2] Loaded configuration: good
2019-12-07 12:22:59,157 Thread-2 > [Updater] Requesting an update...
2019-12-07 12:22:59,158 Thread-2 > [Updater] Requesting from: http://repo.tlauncher.org/update/lch/update_2.0.json
2019-12-07 12:22:59,159 Thread-2 > [Updater] Making request: http://repo.tlauncher.org/update/lch/update_2.0.json?version=2.67&client=49fddef2-7fd7-4e1b-b03a-a2418f93b47d
2019-12-07 12:22:59,400 Thread-2 > [Browser] Loading resources...
2019-12-07 12:22:59,503 Thread-2 > [Browser] Loading background...
2019-12-07 12:22:59,559 Thread-2 > [Browser] Cleaning up after loading:
2019-12-07 12:22:59,559 Thread-2 > Starting garbage collector: 26 / 152 MB
2019-12-07 12:22:59,609 Thread-2 > Garbage collector completed: 13 / 152 MB
2019-12-07 12:22:59,610 Thread-2 > [Loading] LOADING_MANAGERS
2019-12-07 12:22:59,614 Thread-2 > [LocalVersionList] Base directory: C:\Users\Ste-PC\AppData\Roaming\.minecraft
2019-12-07 12:22:59,622 Thread-2 > [ProfileManager] Refreshing profiles from: C:\Users\Ste-PC\AppData\Roaming\.minecraft\TlauncherProfiles.json
2019-12-07 12:22:59,643 Thread-2 > [Updater] Request time: 485 ms
2019-12-07 12:22:59,644 Thread-2 > [Updater] Successfully requested from: http://repo.tlauncher.org/update/lch/update_2.0.json
2019-12-07 12:22:59,646 Thread-2 > [AdvertisingStatusObserver]  started to get ad information
2019-12-07 12:22:59,647 Thread-2 > [AdvertisingStatusObserver]  finished to get add information
2019-12-07 12:22:59,647 Thread-2 > [GsonUtil]  request to http://repo.tlauncher.org/update/downloads/libraries/org/tlauncher/authlib/libraries-1.5.json
2019-12-07 12:22:59,656 Thread-2 > [Loading] LOADING_WINDOW
2019-12-07 12:22:59,674 Thread-2 > [JFXStartPageLoader]  start load page: http://page.tlauncher.org/update/downloads/configs/client/eng.html
2019-12-07 12:22:59,678 Thread-2 > [Browser] Running in JavaFX Thread
2019-12-07 12:22:59,678 Thread-2 > [Browser] Preparing JavaFX...
2019-12-07 12:22:59,680 Thread-2 > [Loading] PREPARING_MAINPANE
2019-12-07 12:22:59,747 Thread-2 > [Browser] Initializing...
2019-12-07 12:23:00,109 Thread-2 > [REPO][SERVER_LIST_REPO] Success: Reached the repo in 453 ms.
2019-12-07 12:23:00,309 Thread-2 > [Downloader2] Loaded configuration: good
2019-12-07 12:23:01,210 Thread-2 > [JFXStartPageLoader]  succeeded load page: http://page.tlauncher.org/update/downloads/configs/client/eng.html during 1
2019-12-07 12:23:01,211 Thread-2 > [Browser@1324790955] Loaded successfully: "http://page.tlauncher.org/update/downloads/configs/client/eng.html"
2019-12-07 12:23:01,289 Thread-2 > [Browser] add listens into server_choose
2019-12-07 12:23:01,289 Thread-2 > [Browser] finished listens into server_choose
2019-12-07 12:23:01,559 Thread-2 > [Loading] POSTINIT_GUI
2019-12-07 12:23:01,559 Thread-2 > [Frame] Packing main frame...
2019-12-07 12:23:01,642 Thread-2 > [Frame] Resizing main pane...
2019-12-07 12:23:01,643 Thread-2 > Updater is already closed. Showing up...
2019-12-07 12:23:01,643 Thread-2 > Visibility set.
2019-12-07 12:23:01,644 Thread-2 > [Loading] REFRESHING_INFO
2019-12-07 12:23:01,646 Thread-2 > [VersionManager] Refreshing versions remotely...
2019-12-07 12:23:01,646 Thread-2 > [REPO][EXTRA_VERSION_REPO] Attempt #1; timeout: 45000 ms; url: http://repo.tlauncher.org/update/downloads/versions/new3/
2019-12-07 12:23:01,647 Thread-2 > Started! (3192 ms.)
2019-12-07 12:23:01,647 Thread-2 > [Loading] SUCCESS
2019-12-07 12:23:01,647 Thread-2 [Bootstrapper] I can be terminated now: 0
2019-12-14 18:48:30,346 main 
2019-12-14 18:48:30,347 main -------------------------------------------------------------------
2019-12-14 18:48:31,916 main [Downloader2] Loaded configuration: normal
2019-12-14 18:48:32,897 main [Bootstrapper] createLauncher
2019-12-14 18:48:32,897 main path C:\Users\Ste-PC\AppData\Roaming\.tlauncher\jvms\jre1.8.0_51
2019-12-14 18:48:32,897 main [Bootstrapper] choose jvm:C:\Users\Ste-PC\AppData\Roaming\.tlauncher\jvms\jre1.8.0_51\bin\javaw.exe
2019-12-14 18:48:32,898 main [Bootstrapper] validate files
2019-12-14 18:48:32,898 main [Bootstrapper] end validated files
2019-12-14 18:48:32,899 main [Bootstrapper] Starting launcher...
2019-12-14 18:48:33,100 Thread-2 > [TLAUNCHER][STATIC] initialize inner config
2019-12-14 18:48:33,124 Thread-2 > [Loading] INITIALIZING
2019-12-14 18:48:35,167 Thread-2 > Starting TLauncher 2.67 RELEASE
2019-12-14 18:48:35,167 Thread-2 > For more information, visit https://tlauncher.org/
2019-12-14 18:48:35,167 Thread-2 > Startup time: Dec 14, 2019 6:48:35 PM
2019-12-14 18:48:35,167 Thread-2 > ---
2019-12-14 18:48:36,066 Thread-2 > [Loading] LOADING_CONFIGURATION
2019-12-14 18:48:36,067 Thread-2 > Loading configuration from file: C:\Users\Ste-PC\AppData\Roaming\.tlauncher\tlauncher-2.0.properties
2019-12-14 18:48:36,092 Thread-2 > [Configuration] Constant values: {}
2019-12-14 18:48:36,108 Thread-2 > Machine info: -------------------------------------------------------
2019-12-14 18:48:36,108 Thread-2 > Windows 8.1 6.3, Java 1.8.0_51, jvm bit x64, 12162 MB RAM
2019-12-14 18:48:36,109 Thread-2 > java path=C:\Users\Ste-PC\AppData\Roaming\.tlauncher\jvms\jre1.8.0_51\bin\javaw.exe
2019-12-14 18:48:36,109 Thread-2 > Intel(R) Core(TM) i5-8300H CPU @ 2.30GHz
2019-12-14 18:48:36,109 Thread-2 >  Intel(R) UHD Graphics 630, Intel(R) UHD Graphics Family, 6209 MB, NVIDIA GeForce GTX 1050, GeForce GTX 1050, 10102 MB
2019-12-14 18:48:36,109 Thread-2 > -------------------------------------------------------
2019-12-14 18:48:36,109 Thread-2 > Selected locale: en_US
2019-12-14 18:48:36,147 Thread-2 > [Loading] LOADING_CONSOLE
2019-12-14 18:48:36,319 Thread-2 > [Swing] Favicons loaded: 256px, 128px, 96px, 64px, 48px, 32px, 24px, 16px
2019-12-14 18:48:36,531 Thread-2 > 
2019-12-14 18:48:36,619 Thread-2 > [Downloader2] Loaded configuration: good
2019-12-14 18:48:36,739 Thread-2 > [Updater] Requesting an update...
2019-12-14 18:48:36,741 Thread-2 > [Updater] Requesting from: http://repo.tlauncher.org/update/lch/update_2.0.json
2019-12-14 18:48:36,742 Thread-2 > [Updater] Making request: http://repo.tlauncher.org/update/lch/update_2.0.json?version=2.67&client=49fddef2-7fd7-4e1b-b03a-a2418f93b47d
2019-12-14 18:48:36,906 Thread-2 > [Browser] Loading resources...
2019-12-14 18:48:37,067 Thread-2 > [Browser] Loading background...
2019-12-14 18:48:37,105 Thread-2 > [Updater] Request time: 364 ms
2019-12-14 18:48:37,105 Thread-2 > [Updater] Successfully requested from: http://repo.tlauncher.org/update/lch/update_2.0.json
2019-12-14 18:48:37,169 Thread-2 > [Browser] Cleaning up after loading:
2019-12-14 18:48:37,169 Thread-2 > Starting garbage collector: 32 / 154 MB
2019-12-14 18:48:37,247 Thread-2 > Garbage collector completed: 14 / 154 MB
2019-12-14 18:48:37,249 Thread-2 > [Loading] LOADING_MANAGERS
2019-12-14 18:48:37,258 Thread-2 > [LocalVersionList] Base directory: C:\Users\Ste-PC\AppData\Roaming\.minecraft
2019-12-14 18:48:37,275 Thread-2 > [ProfileManager] Refreshing profiles from: C:\Users\Ste-PC\AppData\Roaming\.minecraft\TlauncherProfiles.json
2019-12-14 18:48:37,290 Thread-2 > [AdvertisingStatusObserver]  started to get ad information
2019-12-14 18:48:37,291 Thread-2 > [AdvertisingStatusObserver]  finished to get add information
2019-12-14 18:48:37,291 Thread-2 > [GsonUtil]  request to http://repo.tlauncher.org/update/downloads/libraries/org/tlauncher/authlib/libraries-1.5.json
2019-12-14 18:48:37,298 Thread-2 > [Loading] LOADING_WINDOW
2019-12-14 18:48:37,301 Thread-2 > [JFXStartPageLoader]  start load page: http://page.tlauncher.org/update/downloads/configs/client/eng.html
2019-12-14 18:48:37,333 Thread-2 > [Browser] Running in JavaFX Thread
2019-12-14 18:48:37,333 Thread-2 > [Browser] Preparing JavaFX...
2019-12-14 18:48:37,344 Thread-2 > [Loading] PREPARING_MAINPANE
2019-12-14 18:48:37,447 Thread-2 > [Browser] Initializing...
2019-12-14 18:48:37,782 Thread-2 > [REPO][SERVER_LIST_REPO] Success: Reached the repo in 483 ms.
2019-12-14 18:48:38,449 Thread-2 > [Downloader2] Loaded configuration: good
2019-12-14 18:48:39,764 Thread-2 > [Loading] POSTINIT_GUI
2019-12-14 18:48:39,764 Thread-2 > [Frame] Packing main frame...
2019-12-14 18:48:39,866 Thread-2 > [Frame] Resizing main pane...
2019-12-14 18:48:39,867 Thread-2 > Updater is already closed. Showing up...
2019-12-14 18:48:39,867 Thread-2 > Visibility set.
2019-12-14 18:48:39,869 Thread-2 > [Loading] REFRESHING_INFO
2019-12-14 18:48:39,872 Thread-2 > [VersionManager] Refreshing versions remotely...
2019-12-14 18:48:39,874 Thread-2 > [REPO][EXTRA_VERSION_REPO] Attempt #1; timeout: 45000 ms; url: http://repo.tlauncher.org/update/downloads/versions/new3/
2019-12-14 18:48:39,877 Thread-2 > Started! (3812 ms.)
2019-12-14 18:48:39,878 Thread-2 > [Loading] SUCCESS
2019-12-14 18:48:39,878 Thread-2 [Bootstrapper] I can be terminated now: 0
