2019-12-03 11:04:53,571 main 
2019-12-03 11:04:53,571 main -------------------------------------------------------------------
2019-12-03 11:04:54,672 main [Downloader2] Loaded configuration: normal
2019-12-03 11:04:55,500 main [Bootstrapper] createLauncher
2019-12-03 11:04:55,500 main path C:\Users\Ste-PC\AppData\Roaming\.tlauncher\jvms\jre1.8.0_51
2019-12-03 11:04:55,500 main [Bootstrapper] choose jvm:C:\Users\Ste-PC\AppData\Roaming\.tlauncher\jvms\jre1.8.0_51\bin\javaw.exe
2019-12-03 11:04:55,501 main [Bootstrapper] validate files
2019-12-03 11:04:55,501 main [Bootstrapper] end validated files
2019-12-03 11:04:55,501 main [Bootstrapper] Starting launcher...
2019-12-03 11:04:56,677 Thread-2 > [TLAUNCHER][STATIC] initialize inner config
2019-12-03 11:04:56,701 Thread-2 > [Loading] INITIALIZING
2019-12-03 11:04:58,333 Thread-2 > Starting TLauncher 2.67 RELEASE
2019-12-03 11:04:58,333 Thread-2 > For more information, visit https://tlauncher.org/
2019-12-03 11:04:58,334 Thread-2 > Startup time: Dec 3, 2019 11:04:58 AM
2019-12-03 11:04:58,334 Thread-2 > ---
2019-12-03 11:05:10,949 Thread-2 > [Loading] LOADING_CONFIGURATION
2019-12-03 11:05:10,950 Thread-2 > Loading configuration from file: C:\Users\Ste-PC\AppData\Roaming\.tlauncher\tlauncher-2.0.properties
2019-12-03 11:05:11,036 Thread-2 > [Configuration] Constant values: {}
2019-12-03 11:05:11,056 Thread-2 > Machine info: -------------------------------------------------------
2019-12-03 11:05:11,056 Thread-2 > Windows 8.1 6.3, Java 1.8.0_51, jvm bit x64, 12162 MB RAM
2019-12-03 11:05:11,056 Thread-2 > java path=C:\Users\Ste-PC\AppData\Roaming\.tlauncher\jvms\jre1.8.0_51\bin\javaw.exe
2019-12-03 11:05:11,056 Thread-2 > Intel(R) Core(TM) i5-8300H CPU @ 2.30GHz
2019-12-03 11:05:11,056 Thread-2 >  Intel(R) UHD Graphics 630, Intel(R) UHD Graphics Family, 6209 MB, NVIDIA GeForce GTX 1050, GeForce GTX 1050, 10102 MB
2019-12-03 11:05:11,056 Thread-2 > -------------------------------------------------------
2019-12-03 11:05:11,057 Thread-2 > Selected locale: en_US
2019-12-03 11:05:11,095 Thread-2 > [Loading] LOADING_CONSOLE
2019-12-03 11:05:11,264 Thread-2 > [Swing] Favicons loaded: 256px, 128px, 96px, 64px, 48px, 32px, 24px, 16px
2019-12-03 11:05:11,529 Thread-2 > 
2019-12-03 11:05:11,641 Thread-2 > [Downloader2] Loaded configuration: good
2019-12-03 11:05:11,759 Thread-2 > [Updater] Requesting an update...
2019-12-03 11:05:11,760 Thread-2 > [Updater] Requesting from: http://repo.tlauncher.org/update/lch/update_2.0.json
2019-12-03 11:05:11,761 Thread-2 > [Updater] Making request: http://repo.tlauncher.org/update/lch/update_2.0.json?version=2.67&client=49fddef2-7fd7-4e1b-b03a-a2418f93b47d
2019-12-03 11:05:12,068 Thread-2 > [Browser] Loading resources...
2019-12-03 11:05:12,174 Thread-2 > [Browser] Loading background...
2019-12-03 11:05:12,203 Thread-2 > [Browser] Cleaning up after loading:
2019-12-03 11:05:12,203 Thread-2 > Starting garbage collector: 26 / 152 MB
2019-12-03 11:05:12,252 Thread-2 > Garbage collector completed: 13 / 152 MB
2019-12-03 11:05:12,254 Thread-2 > [Loading] LOADING_MANAGERS
2019-12-03 11:05:12,517 Thread-2 > [LocalVersionList] Base directory: C:\Users\Ste-PC\AppData\Roaming\.minecraft
2019-12-03 11:05:12,529 Thread-2 > [ProfileManager] Refreshing profiles from: C:\Users\Ste-PC\AppData\Roaming\.minecraft\TlauncherProfiles.json
2019-12-03 11:05:12,538 Thread-2 > [Updater] Request time: 778 ms
2019-12-03 11:05:12,539 Thread-2 > [Updater] Successfully requested from: http://repo.tlauncher.org/update/lch/update_2.0.json
2019-12-03 11:05:12,547 Thread-2 > [AdvertisingStatusObserver]  started to get ad information
2019-12-03 11:05:12,547 Thread-2 > [AdvertisingStatusObserver]  finished to get add information
2019-12-03 11:05:12,554 Thread-2 > [Loading] LOADING_WINDOW
2019-12-03 11:05:12,562 Thread-2 > [GsonUtil]  request to http://repo.tlauncher.org/update/downloads/libraries/org/tlauncher/authlib/libraries-1.5.json
2019-12-03 11:05:12,592 Thread-2 > [Loading] PREPARING_MAINPANE
2019-12-03 11:05:12,692 Thread-2 > [JFXStartPageLoader]  start load page: http://page.tlauncher.org/update/downloads/configs/client/eng.html
2019-12-03 11:05:12,695 Thread-2 > [Browser] Running in JavaFX Thread
2019-12-03 11:05:12,695 Thread-2 > [Browser] Preparing JavaFX...
2019-12-03 11:05:12,765 Thread-2 > [Browser] Initializing...
2019-12-03 11:05:13,018 Thread-2 > [REPO][SERVER_LIST_REPO] Success: Reached the repo in 455 ms.
2019-12-03 11:05:14,000 Thread-2 > [Downloader2] Loaded configuration: good
2019-12-03 11:05:14,459 Thread-2 > [JFXStartPageLoader]  succeeded load page: http://page.tlauncher.org/update/downloads/configs/client/eng.html during 1
2019-12-03 11:05:14,459 Thread-2 > [Browser@1873679612] Loaded successfully: "http://page.tlauncher.org/update/downloads/configs/client/eng.html"
2019-12-03 11:05:14,531 Thread-2 > [Browser] add listens into server_choose
2019-12-03 11:05:14,531 Thread-2 > [Browser] finished listens into server_choose
2019-12-03 11:05:15,401 Thread-2 > [Loading] POSTINIT_GUI
2019-12-03 11:05:15,401 Thread-2 > [Frame] Packing main frame...
2019-12-03 11:05:15,474 Thread-2 > [Frame] Resizing main pane...
2019-12-03 11:05:15,475 Thread-2 > Updater is already closed. Showing up...
2019-12-03 11:05:15,476 Thread-2 > Visibility set.
2019-12-03 11:05:15,476 Thread-2 > [Loading] REFRESHING_INFO
2019-12-03 11:05:15,479 Thread-2 > [VersionManager] Refreshing versions remotely...
2019-12-03 11:05:15,481 Thread-2 > [REPO][EXTRA_VERSION_REPO] Attempt #1; timeout: 45000 ms; url: http://repo.tlauncher.org/update/downloads/versions/new3/
2019-12-03 11:05:15,482 Thread-2 > Started! (4532 ms.)
2019-12-03 11:05:15,482 Thread-2 > [Loading] SUCCESS
2019-12-03 11:05:15,482 Thread-2 [Bootstrapper] I can be terminated now: 0
2019-12-07 19:51:34,068 main 
2019-12-07 19:51:34,069 main -------------------------------------------------------------------
2019-12-07 19:51:35,487 main [Downloader2] Loaded configuration: normal
2019-12-07 19:51:36,906 main [Bootstrapper] createLauncher
2019-12-07 19:51:36,906 main path C:\Users\Ste-PC\AppData\Roaming\.tlauncher\jvms\jre1.8.0_51
2019-12-07 19:51:36,906 main [Bootstrapper] choose jvm:C:\Users\Ste-PC\AppData\Roaming\.tlauncher\jvms\jre1.8.0_51\bin\javaw.exe
2019-12-07 19:51:36,907 main [Bootstrapper] validate files
2019-12-07 19:51:36,907 main [Bootstrapper] end validated files
2019-12-07 19:51:36,907 main [Bootstrapper] Starting launcher...
2019-12-07 19:51:37,791 Thread-2 > [TLAUNCHER][STATIC] initialize inner config
2019-12-07 19:51:37,821 Thread-2 > [Loading] INITIALIZING
2019-12-07 19:51:40,134 Thread-2 > Starting TLauncher 2.67 RELEASE
2019-12-07 19:51:40,134 Thread-2 > For more information, visit https://tlauncher.org/
2019-12-07 19:51:40,134 Thread-2 > Startup time: Dec 7, 2019 7:51:40 PM
2019-12-07 19:51:40,134 Thread-2 > ---
2019-12-07 19:51:40,804 Thread-2 > [Loading] LOADING_CONFIGURATION
2019-12-07 19:51:40,805 Thread-2 > Loading configuration from file: C:\Users\Ste-PC\AppData\Roaming\.tlauncher\tlauncher-2.0.properties
2019-12-07 19:51:40,845 Thread-2 > [Configuration] Constant values: {}
2019-12-07 19:51:40,868 Thread-2 > Machine info: -------------------------------------------------------
2019-12-07 19:51:40,868 Thread-2 > Windows 8.1 6.3, Java 1.8.0_51, jvm bit x64, 12162 MB RAM
2019-12-07 19:51:40,868 Thread-2 > java path=C:\Users\Ste-PC\AppData\Roaming\.tlauncher\jvms\jre1.8.0_51\bin\javaw.exe
2019-12-07 19:51:40,868 Thread-2 > Intel(R) Core(TM) i5-8300H CPU @ 2.30GHz
2019-12-07 19:51:40,868 Thread-2 >  Intel(R) UHD Graphics 630, Intel(R) UHD Graphics Family, 6209 MB, NVIDIA GeForce GTX 1050, GeForce GTX 1050, 10102 MB
2019-12-07 19:51:40,868 Thread-2 > -------------------------------------------------------
2019-12-07 19:51:40,868 Thread-2 > Selected locale: en_US
2019-12-07 19:51:40,928 Thread-2 > [Loading] LOADING_CONSOLE
2019-12-07 19:51:41,112 Thread-2 > [Swing] Favicons loaded: 256px, 128px, 96px, 64px, 48px, 32px, 24px, 16px
2019-12-07 19:51:41,323 Thread-2 > 
2019-12-07 19:51:41,425 Thread-2 > [Downloader2] Loaded configuration: good
2019-12-07 19:51:41,547 Thread-2 > [Updater] Requesting an update...
2019-12-07 19:51:41,549 Thread-2 > [Updater] Requesting from: http://repo.tlauncher.org/update/lch/update_2.0.json
2019-12-07 19:51:41,549 Thread-2 > [Updater] Making request: http://repo.tlauncher.org/update/lch/update_2.0.json?version=2.67&client=49fddef2-7fd7-4e1b-b03a-a2418f93b47d
2019-12-07 19:51:42,115 Thread-2 > [Updater] Request time: 567 ms
2019-12-07 19:51:42,116 Thread-2 > [Updater] Successfully requested from: http://repo.tlauncher.org/update/lch/update_2.0.json
2019-12-07 19:51:42,377 Thread-2 > [Browser] Loading resources...
2019-12-07 19:51:42,504 Thread-2 > [Browser] Loading background...
2019-12-07 19:51:42,541 Thread-2 > [Browser] Cleaning up after loading:
2019-12-07 19:51:42,541 Thread-2 > Starting garbage collector: 25 / 153 MB
2019-12-07 19:51:42,599 Thread-2 > Garbage collector completed: 13 / 153 MB
2019-12-07 19:51:42,601 Thread-2 > [Loading] LOADING_MANAGERS
2019-12-07 19:51:42,607 Thread-2 > [LocalVersionList] Base directory: C:\Users\Ste-PC\AppData\Roaming\.minecraft
2019-12-07 19:51:42,638 Thread-2 > [ProfileManager] Refreshing profiles from: C:\Users\Ste-PC\AppData\Roaming\.minecraft\TlauncherProfiles.json
2019-12-07 19:51:42,652 Thread-2 > [AdvertisingStatusObserver]  started to get ad information
2019-12-07 19:51:42,652 Thread-2 > [GsonUtil]  request to http://repo.tlauncher.org/update/downloads/libraries/org/tlauncher/authlib/libraries-1.5.json
2019-12-07 19:51:42,652 Thread-2 > [AdvertisingStatusObserver]  finished to get add information
2019-12-07 19:51:42,657 Thread-2 > [Loading] LOADING_WINDOW
2019-12-07 19:51:42,710 Thread-2 > [Loading] PREPARING_MAINPANE
2019-12-07 19:51:43,666 Thread-2 > [Downloader2] Loaded configuration: good
2019-12-07 19:51:43,753 Thread-2 > [JFXStartPageLoader]  start load page: http://page.tlauncher.org/update/downloads/configs/client/eng.html
2019-12-07 19:51:43,758 Thread-2 > [Browser] Running in JavaFX Thread
2019-12-07 19:51:43,758 Thread-2 > [Browser] Preparing JavaFX...
2019-12-07 19:51:43,953 Thread-2 > [Browser] Initializing...
2019-12-07 19:51:44,980 Thread-2 > [Loading] POSTINIT_GUI
2019-12-07 19:51:44,980 Thread-2 > [Frame] Packing main frame...
2019-12-07 19:51:45,060 Thread-2 > [Frame] Resizing main pane...
2019-12-07 19:51:45,060 Thread-2 > Updater is already closed. Showing up...
2019-12-07 19:51:45,061 Thread-2 > Visibility set.
2019-12-07 19:51:45,062 Thread-2 > [Loading] REFRESHING_INFO
2019-12-07 19:51:45,064 Thread-2 > [VersionManager] Refreshing versions remotely...
2019-12-07 19:51:45,066 Thread-2 > Started! (4262 ms.)
2019-12-07 19:51:45,066 Thread-2 > [Loading] SUCCESS
2019-12-07 19:51:45,066 Thread-2 [Bootstrapper] I can be terminated now: 0
2019-12-15 10:53:14,116 main 
2019-12-15 10:53:14,116 main -------------------------------------------------------------------
2019-12-15 10:53:15,882 main [Downloader2] Loaded configuration: normal
2019-12-15 10:53:17,297 main [Bootstrapper] createLauncher
2019-12-15 10:53:17,297 main path C:\Users\Ste-PC\AppData\Roaming\.tlauncher\jvms\jre1.8.0_51
2019-12-15 10:53:17,297 main [Bootstrapper] choose jvm:C:\Users\Ste-PC\AppData\Roaming\.tlauncher\jvms\jre1.8.0_51\bin\javaw.exe
2019-12-15 10:53:17,298 main [Bootstrapper] validate files
2019-12-15 10:53:17,298 main [Bootstrapper] end validated files
2019-12-15 10:53:17,298 main [Bootstrapper] Starting launcher...
2019-12-15 10:53:17,571 Thread-2 > [TLAUNCHER][STATIC] initialize inner config
2019-12-15 10:53:17,624 Thread-2 > [Loading] INITIALIZING
2019-12-15 10:53:20,619 Thread-2 > Starting TLauncher 2.67 RELEASE
2019-12-15 10:53:20,619 Thread-2 > For more information, visit https://tlauncher.org/
2019-12-15 10:53:20,619 Thread-2 > Startup time: Dec 15, 2019 10:53:20 AM
2019-12-15 10:53:20,619 Thread-2 > ---
2019-12-15 10:53:21,177 Thread-2 > [Loading] LOADING_CONFIGURATION
2019-12-15 10:53:21,181 Thread-2 > Loading configuration from file: C:\Users\Ste-PC\AppData\Roaming\.tlauncher\tlauncher-2.0.properties
2019-12-15 10:53:21,233 Thread-2 > [Configuration] Constant values: {}
2019-12-15 10:53:21,273 Thread-2 > Machine info: -------------------------------------------------------
2019-12-15 10:53:21,273 Thread-2 > Windows 8.1 6.3, Java 1.8.0_51, jvm bit x64, 12162 MB RAM
2019-12-15 10:53:21,273 Thread-2 > java path=C:\Users\Ste-PC\AppData\Roaming\.tlauncher\jvms\jre1.8.0_51\bin\javaw.exe
2019-12-15 10:53:21,273 Thread-2 > Intel(R) Core(TM) i5-8300H CPU @ 2.30GHz
2019-12-15 10:53:21,273 Thread-2 >  Intel(R) UHD Graphics 630, Intel(R) UHD Graphics Family, 6209 MB, NVIDIA GeForce GTX 1050, GeForce GTX 1050, 10102 MB
2019-12-15 10:53:21,274 Thread-2 > -------------------------------------------------------
2019-12-15 10:53:21,274 Thread-2 > Selected locale: en_US
2019-12-15 10:53:21,361 Thread-2 > [Loading] LOADING_CONSOLE
2019-12-15 10:53:21,688 Thread-2 > [Swing] Favicons loaded: 256px, 128px, 96px, 64px, 48px, 32px, 24px, 16px
2019-12-15 10:53:21,912 Thread-2 > 
2019-12-15 10:53:22,178 Thread-2 > [Downloader2] Loaded configuration: good
2019-12-15 10:53:22,344 Thread-2 > [Updater] Requesting an update...
2019-12-15 10:53:22,345 Thread-2 > [Updater] Requesting from: http://repo.tlauncher.org/update/lch/update_2.0.json
2019-12-15 10:53:22,346 Thread-2 > [Updater] Making request: http://repo.tlauncher.org/update/lch/update_2.0.json?version=2.67&client=49fddef2-7fd7-4e1b-b03a-a2418f93b47d
2019-12-15 10:53:22,631 Thread-2 > [Browser] Loading resources...
2019-12-15 10:53:22,769 Thread-2 > [Updater] Request time: 422 ms
2019-12-15 10:53:22,769 Thread-2 > [Updater] Successfully requested from: http://repo.tlauncher.org/update/lch/update_2.0.json
2019-12-15 10:53:22,915 Thread-2 > [Browser] Loading background...
2019-12-15 10:53:23,006 Thread-2 > [JFXStartPageLoader]  start load page: http://page.tlauncher.org/update/downloads/configs/client/eng.html
2019-12-15 10:53:23,013 Thread-2 > [Browser] Cleaning up after loading:
2019-12-15 10:53:23,013 Thread-2 > Starting garbage collector: 31 / 154 MB
2019-12-15 10:53:23,132 Thread-2 > Garbage collector completed: 14 / 154 MB
2019-12-15 10:53:23,135 Thread-2 > [Loading] LOADING_MANAGERS
2019-12-15 10:53:23,151 Thread-2 > [LocalVersionList] Base directory: C:\Users\Ste-PC\AppData\Roaming\.minecraft
2019-12-15 10:53:23,184 Thread-2 > [Browser] Running in JavaFX Thread
2019-12-15 10:53:23,186 Thread-2 > [Browser] Preparing JavaFX...
2019-12-15 10:53:23,192 Thread-2 > [ProfileManager] Refreshing profiles from: C:\Users\Ste-PC\AppData\Roaming\.minecraft\TlauncherProfiles.json
2019-12-15 10:53:23,222 Thread-2 > [AdvertisingStatusObserver]  started to get ad information
2019-12-15 10:53:23,223 Thread-2 > [AdvertisingStatusObserver]  finished to get add information
2019-12-15 10:53:23,223 Thread-2 > [GsonUtil]  request to http://repo.tlauncher.org/update/downloads/libraries/org/tlauncher/authlib/libraries-1.5.json
2019-12-15 10:53:23,240 Thread-2 > [Loading] LOADING_WINDOW
2019-12-15 10:53:23,315 Thread-2 > [Loading] PREPARING_MAINPANE
2019-12-15 10:53:23,433 Thread-2 > [Browser] Initializing...
2019-12-15 10:53:23,744 Thread-2 > [REPO][SERVER_LIST_REPO] Success: Reached the repo in 504 ms.
2019-12-15 10:53:25,232 Thread-2 > [Downloader2] Loaded configuration: good
2019-12-15 10:53:27,074 Thread-2 > [Loading] POSTINIT_GUI
2019-12-15 10:53:27,074 Thread-2 > [Frame] Packing main frame...
2019-12-15 10:53:27,186 Thread-2 > [Frame] Resizing main pane...
2019-12-15 10:53:27,187 Thread-2 > Updater is already closed. Showing up...
2019-12-15 10:53:27,188 Thread-2 > Visibility set.
2019-12-15 10:53:27,190 Thread-2 > [Loading] REFRESHING_INFO
2019-12-15 10:53:27,193 Thread-2 > [VersionManager] Refreshing versions remotely...
2019-12-15 10:53:27,195 Thread-2 > [REPO][EXTRA_VERSION_REPO] Attempt #1; timeout: 45000 ms; url: http://repo.tlauncher.org/update/downloads/versions/new3/
2019-12-15 10:53:27,197 Thread-2 > Started! (6019 ms.)
2019-12-15 10:53:27,197 Thread-2 > [Loading] SUCCESS
2019-12-15 10:53:27,198 Thread-2 [Bootstrapper] I can be terminated now: 0
