2019-12-01 21:29:40,002 main [Loading] INITIALIZING
Starting TLauncher 2.67 RELEASE
For more information, visit https://tlauncher.org/
Startup time: Dec 1, 2019 9:29:38 PM
---
[Loading] LOADING_CONFIGURATION
Loading configuration from file: C:\Users\Ste-PC\AppData\Roaming\.tlauncher\tlauncher-2.0.properties
[Configuration] Constant values: {}
Machine info: -------------------------------------------------------
Windows 8.1 6.3, Java 1.8.0_51, jvm bit x64, 12162 MB RAM
java path=C:\Users\Ste-PC\AppData\Roaming\.tlauncher\jvms\jre1.8.0_51\bin\javaw.exe
Intel(R) Core(TM) i5-8300H CPU @ 2.30GHz
 Intel(R) UHD Graphics 630, Intel(R) UHD Graphics Family, 6209 MB, NVIDIA GeForce GTX 1050, GeForce GTX 1050, 10102 MB
-------------------------------------------------------
Selected locale: en_US
[Loading] LOADING_CONSOLE
[Swing] Favicons loaded: 256px, 128px, 96px, 64px, 48px, 32px, 24px, 16px


2019-12-01 21:29:40,003 main [Downloader2] Loaded configuration: good
2019-12-01 21:29:40,136 ExtendedThread#4 [Updater] Requesting an update...
2019-12-01 21:29:40,140 ExtendedThread#4 [Updater] Requesting from: http://repo.tlauncher.org/update/lch/update_2.0.json
2019-12-01 21:29:40,141 ExtendedThread#4 [Updater] Making request: http://repo.tlauncher.org/update/lch/update_2.0.json?version=2.67&client=49fddef2-7fd7-4e1b-b03a-a2418f93b47d
2019-12-01 21:29:40,730 main [Browser] Loading resources...
2019-12-01 21:29:40,842 main [Browser] Loading background...
2019-12-01 21:29:40,872 main [Browser] Cleaning up after loading:
2019-12-01 21:29:40,873 main Starting garbage collector: 26 / 153 MB
2019-12-01 21:29:40,921 main Garbage collector completed: 13 / 153 MB
2019-12-01 21:29:40,923 main [Loading] LOADING_MANAGERS
2019-12-01 21:29:40,929 main [LocalVersionList] Base directory: C:\Users\Ste-PC\AppData\Roaming\.minecraft
2019-12-01 21:29:40,939 main [ProfileManager] Refreshing profiles from: C:\Users\Ste-PC\AppData\Roaming\.minecraft\TlauncherProfiles.json
2019-12-01 21:29:40,958 main [AdvertisingStatusObserver]  started to get ad information
2019-12-01 21:29:40,958 main [AdvertisingStatusObserver]  finished to get add information
2019-12-01 21:29:40,958 ExtendedThread#6 [GsonUtil]  request to http://repo.tlauncher.org/update/downloads/libraries/org/tlauncher/authlib/libraries-1.5.json
2019-12-01 21:29:40,963 main [Loading] LOADING_WINDOW
2019-12-01 21:29:41,010 main [Loading] PREPARING_MAINPANE
2019-12-01 21:29:41,095 JavaFX Application Thread [JFXStartPageLoader]  start load page: http://page.tlauncher.org/update/downloads/configs/client/eng.html
2019-12-01 21:29:41,098 JavaFX Application Thread [Browser] Running in JavaFX Thread
2019-12-01 21:29:41,099 JavaFX Application Thread [Browser] Preparing JavaFX...
2019-12-01 21:29:41,220 JavaFX Application Thread [Browser] Initializing...
2019-12-01 21:29:41,580 ExtendedThread#4 [Updater] Request time: 1440 ms
2019-12-01 21:29:41,580 ExtendedThread#4 [Updater] Successfully requested from: http://repo.tlauncher.org/update/lch/update_2.0.json
2019-12-01 21:29:41,828 ExtendedThread#7 [REPO][SERVER_LIST_REPO] Success: Reached the repo in 864 ms.
2019-12-01 21:29:41,882 main [Downloader2] Loaded configuration: good
2019-12-01 21:29:43,244 main [Loading] POSTINIT_GUI
2019-12-01 21:29:43,244 main [Frame] Packing main frame...
2019-12-01 21:29:43,368 main [Frame] Resizing main pane...
2019-12-01 21:29:43,369 main Updater is already closed. Showing up...
2019-12-01 21:29:43,369 main Visibility set.
2019-12-01 21:29:43,370 main [Loading] REFRESHING_INFO
2019-12-01 21:29:43,372 ExtendedThread#6 [VersionManager] Refreshing versions remotely...
2019-12-01 21:29:43,372 ExtendedThread#4 [REPO][EXTRA_VERSION_REPO] Attempt #1; timeout: 45000 ms; url: http://repo.tlauncher.org/update/downloads/versions/new3/
2019-12-01 21:29:43,376 main Started! (4002 ms.)
2019-12-01 21:29:43,376 main [Loading] SUCCESS
2019-12-01 21:29:43,391 main [TLauncher] show tlauncher!!!
2019-12-01 21:29:43,392 main [Double running] clear time label
2019-12-01 21:29:43,659 AsyncObject#13 [REPO][OFFICIAL_VERSION_REPO] Attempt #1; timeout: 45000 ms; url: https://launchermeta.mojang.com/mc/game/
2019-12-01 21:29:43,659 AsyncObject#14 [REPO][EXTRA_VERSION_REPO] Attempt #1; timeout: 45000 ms; url: http://repo.tlauncher.org/update/downloads/versions/new3/
2019-12-01 21:29:43,661 AsyncObject#15 [REPO][SKIN_VERSION_REPO] Attempt #1; timeout: 45000 ms; url: http://repo.tlauncher.org/update/downloads/versions/new3/skin/versions/
2019-12-01 21:29:43,845 JavaFX Application Thread [JFXStartPageLoader]  succeeded load page: http://page.tlauncher.org/update/downloads/configs/client/eng.html during 2
2019-12-01 21:29:43,848 JavaFX Application Thread [Browser@1532601807] Loaded successfully: "http://page.tlauncher.org/update/downloads/configs/client/eng.html"
2019-12-01 21:29:43,989 JavaFX Application Thread [Browser] add listens into server_choose
2019-12-01 21:29:43,991 JavaFX Application Thread [Browser] finished listens into server_choose
2019-12-01 21:29:44,260 AsyncObject#15 [REPO][SKIN_VERSION_REPO] Success: Reached the repo in 593 ms.
2019-12-01 21:29:44,324 AsyncObject#14 [REPO][EXTRA_VERSION_REPO] Success: Reached the repo in 663 ms.
2019-12-01 21:29:44,338 AsyncObject#15 [SkinVersionList] Got in 679 ms
2019-12-01 21:29:44,356 AsyncObject#14 [ExtraVersionList] Got in 697 ms
2019-12-01 21:29:44,601 ExtendedThread#4 [REPO][EXTRA_VERSION_REPO] Success: Reached the repo in 1228 ms.
2019-12-01 21:29:45,166 AsyncObject#13 [REPO][OFFICIAL_VERSION_REPO] Success: Reached the repo in 1507 ms.
2019-12-01 21:29:45,232 AsyncObject#13 [OfficialVersionList] Got in 1573 ms
2019-12-01 21:29:45,234 ExtendedThread#6 [VersionManager] Versions has been refreshed (1833 ms)
2019-12-01 21:29:45,523 ExtendedThread#4 [REPO][ADD_HOT_SERVERS_REPO] Attempt #1; timeout: 45000 ms; url: http://repo.tlauncher.org/update/lch/additional_hot_servers.json
2019-12-01 21:29:45,526 ExtendedThread#17 [REPO][HOT_SERVERS_REPO] Attempt #1; timeout: 45000 ms; url: http://repo.tlauncher.org/update/lch/servers/hot_servers.json
2019-12-01 21:29:45,552 Thread-25 run server on  37842
2019-12-01 21:29:46,175 ExtendedThread#4 [REPO][ADD_HOT_SERVERS_REPO] Success: Reached the repo in 649 ms.
2019-12-01 21:29:47,196 ExtendedThread#17 [REPO][HOT_SERVERS_REPO] Success: Reached the repo in 1667 ms.
2019-12-01 21:30:01,151 LoopedThread#8 [LoginForm] Login was OK. Trying to launch now.
2019-12-01 21:30:01,502 LoopedThread#8 [Launcher] Running under TLauncher 2.67
2019-12-01 21:30:01,505 LoopedThread#8 [Launcher] Collecting info...
2019-12-01 21:30:01,522 LoopedThread#8 [TLauncherManager] before clearLibrary 
2019-12-01 21:30:01,524 LoopedThread#8 [TLauncherManager] written:  []
2019-12-01 21:30:01,525 LoopedThread#8 [TLauncherManager] after clearLibrary 
2019-12-01 21:30:01,525 LoopedThread#8 [Launcher] Force update: false
2019-12-01 21:30:01,526 LoopedThread#8 [Launcher] Selected version: OptiFine 1.14.4
2019-12-01 21:30:01,527 LoopedThread#8 [Launcher] Selected account: Account{displayName=null, userid=null, uuid=null, username=Steven}
2019-12-01 21:30:01,529 LoopedThread#8 [Launcher] Version sync info: VersionSyncInfo{id='OptiFine 1.14.4',
local=CompleteVersion{id='OptiFine 1.14.4', time=Fri Jul 19 15:29:04 ICT 2019, release=Fri Jul 19 16:25:47 ICT 2019, type=modified, class=net.minecraft.launchwrapper.Launch, minimumVersion=21, assets='1.14', source=LOCAL_VERSION_REPO, list=net.minecraft.launcher.updater.ExtraVersionList@13e8b16a, libraries=[Library{name='optifine:OptiFine:1.14.4_HD_U_F4', rules=null, natives=null, extract=null, packed='null'}, Library{name='optifine:launchwrapper-of:2.1', rules=null, natives=null, extract=null, packed='null'}, Library{name='com.mojang:patchy:1.1', rules=null, natives=null, extract=null, packed='null'}, Library{name='oshi-project:oshi-core:1.1', rules=null, natives=null, extract=null, packed='null'}, Library{name='net.java.dev.jna:jna:4.4.0', rules=null, natives=null, extract=null, packed='null'}, Library{name='net.java.dev.jna:platform:3.4.0', rules=null, natives=null, extract=null, packed='null'}, Library{name='com.ibm.icu:icu4j-core-mojang:51.2', rules=null, natives=null, extract=null, packed='null'}, Library{name='com.mojang:javabridge:1.0.22', rules=null, natives=null, extract=null, packed='null'}, Library{name='net.sf.jopt-simple:jopt-simple:5.0.3', rules=null, natives=null, extract=null, packed='null'}, Library{name='io.netty:netty-all:4.1.25.Final', rules=null, natives=null, extract=null, packed='null'}, Library{name='com.google.guava:guava:21.0', rules=null, natives=null, extract=null, packed='null'}, Library{name='org.apache.commons:commons-lang3:3.5', rules=null, natives=null, extract=null, packed='null'}, Library{name='commons-io:commons-io:2.5', rules=null, natives=null, extract=null, packed='null'}, Library{name='commons-codec:commons-codec:1.10', rules=null, natives=null, extract=null, packed='null'}, Library{name='net.java.jinput:jinput:2.0.5', rules=null, natives=null, extract=null, packed='null'}, Library{name='net.java.jutils:jutils:1.0.0', rules=null, natives=null, extract=null, packed='null'}, Library{name='com.mojang:brigadier:1.0.17', rules=null, natives=null, extract=null, packed='null'}, Library{name='com.mojang:datafixerupper:2.0.24', rules=null, natives=null, extract=null, packed='null'}, Library{name='com.google.code.gson:gson:2.8.0', rules=null, natives=null, extract=null, packed='null'}, Library{name='com.mojang:authlib:1.5.25', rules=null, natives=null, extract=null, packed='null'}, Library{name='org.apache.commons:commons-compress:1.8.1', rules=null, natives=null, extract=null, packed='null'}, Library{name='org.apache.httpcomponents:httpclient:4.3.3', rules=null, natives=null, extract=null, packed='null'}, Library{name='commons-logging:commons-logging:1.1.3', rules=null, natives=null, extract=null, packed='null'}, Library{name='org.apache.httpcomponents:httpcore:4.3.2', rules=null, natives=null, extract=null, packed='null'}, Library{name='it.unimi.dsi:fastutil:8.2.1', rules=null, natives=null, extract=null, packed='null'}, Library{name='org.apache.logging.log4j:log4j-api:2.8.1', rules=null, natives=null, extract=null, packed='null'}, Library{name='org.apache.logging.log4j:log4j-core:2.8.1', rules=null, natives=null, extract=null, packed='null'}, Library{name='org.lwjgl:lwjgl:3.2.1', rules=[Rule{action=ALLOW, os=OSRestriction{name=OSX, version='null'}, features=null}], natives=null, extract=null, packed='null'}, Library{name='org.lwjgl:lwjgl:3.2.2', rules=[Rule{action=ALLOW, os=null, features=null}, Rule{action=DISALLOW, os=OSRestriction{name=OSX, version='null'}, features=null}], natives=null, extract=null, packed='null'}, Library{name='org.lwjgl:lwjgl-jemalloc:3.2.1', rules=[Rule{action=ALLOW, os=OSRestriction{name=OSX, version='null'}, features=null}], natives=null, extract=null, packed='null'}, Library{name='org.lwjgl:lwjgl-jemalloc:3.2.2', rules=[Rule{action=ALLOW, os=null, features=null}, Rule{action=DISALLOW, os=OSRestriction{name=OSX, version='null'}, features=null}], natives=null, extract=null, packed='null'}, Library{name='org.lwjgl:lwjgl-openal:3.2.1', rules=[Rule{action=ALLOW, os=OSRestriction{name=OSX, version='null'}, features=null}], natives=null, extract=null, packed='null'}, Library{name='org.lwjgl:lwjgl-openal:3.2.2', rules=[Rule{action=ALLOW, os=null, features=null}, Rule{action=DISALLOW, os=OSRestriction{name=OSX, version='null'}, features=null}], natives=null, extract=null, packed='null'}, Library{name='org.lwjgl:lwjgl-opengl:3.2.1', rules=[Rule{action=ALLOW, os=OSRestriction{name=OSX, version='null'}, features=null}], natives=null, extract=null, packed='null'}, Library{name='org.lwjgl:lwjgl-opengl:3.2.2', rules=[Rule{action=ALLOW, os=null, features=null}, Rule{action=DISALLOW, os=OSRestriction{name=OSX, version='null'}, features=null}], natives=null, extract=null, packed='null'}, Library{name='org.lwjgl:lwjgl-glfw:3.2.1', rules=[Rule{action=ALLOW, os=OSRestriction{name=OSX, version='null'}, features=null}], natives=null, extract=null, packed='null'}, Library{name='org.lwjgl:lwjgl-glfw:3.2.2', rules=[Rule{action=ALLOW, os=null, features=null}, Rule{action=DISALLOW, os=OSRestriction{name=OSX, version='null'}, features=null}], natives=null, extract=null, packed='null'}, Library{name='org.lwjgl:lwjgl-stb:3.2.1', rules=[Rule{action=ALLOW, os=OSRestriction{name=OSX, version='null'}, features=null}], natives=null, extract=null, packed='null'}, Library{name='org.lwjgl:lwjgl-stb:3.2.2', rules=[Rule{action=ALLOW, os=null, features=null}, Rule{action=DISALLOW, os=OSRestriction{name=OSX, version='null'}, features=null}], natives=null, extract=null, packed='null'}, Library{name='org.lwjgl:lwjgl:3.2.1', rules=[Rule{action=ALLOW, os=OSRestriction{name=OSX, version='null'}, features=null}], natives={OSX=natives-macos}, extract=null, packed='null'}, Library{name='org.lwjgl:lwjgl:3.2.2', rules=[Rule{action=ALLOW, os=null, features=null}, Rule{action=DISALLOW, os=OSRestriction{name=OSX, version='null'}, features=null}], natives={LINUX=natives-linux, WINDOWS=natives-windows}, extract=null, packed='null'}, Library{name='org.lwjgl:lwjgl-jemalloc:3.2.1', rules=[Rule{action=ALLOW, os=OSRestriction{name=OSX, version='null'}, features=null}], natives={OSX=natives-macos}, extract=null, packed='null'}, Library{name='org.lwjgl:lwjgl-jemalloc:3.2.2', rules=[Rule{action=ALLOW, os=null, features=null}, Rule{action=DISALLOW, os=OSRestriction{name=OSX, version='null'}, features=null}], natives={LINUX=natives-linux, WINDOWS=natives-windows}, extract=null, packed='null'}, Library{name='org.lwjgl:lwjgl-openal:3.2.1', rules=[Rule{action=ALLOW, os=OSRestriction{name=OSX, version='null'}, features=null}], natives={OSX=natives-macos}, extract=null, packed='null'}, Library{name='org.lwjgl:lwjgl-openal:3.2.2', rules=[Rule{action=ALLOW, os=null, features=null}, Rule{action=DISALLOW, os=OSRestriction{name=OSX, version='null'}, features=null}], natives={LINUX=natives-linux, WINDOWS=natives-windows}, extract=null, packed='null'}, Library{name='org.lwjgl:lwjgl-opengl:3.2.1', rules=[Rule{action=ALLOW, os=OSRestriction{name=OSX, version='null'}, features=null}], natives={OSX=natives-macos}, extract=null, packed='null'}, Library{name='org.lwjgl:lwjgl-opengl:3.2.2', rules=[Rule{action=ALLOW, os=null, features=null}, Rule{action=DISALLOW, os=OSRestriction{name=OSX, version='null'}, features=null}], natives={LINUX=natives-linux, WINDOWS=natives-windows}, extract=null, packed='null'}, Library{name='org.lwjgl:lwjgl-glfw:3.2.1', rules=[Rule{action=ALLOW, os=OSRestriction{name=OSX, version='null'}, features=null}], natives={OSX=natives-macos}, extract=null, packed='null'}, Library{name='org.lwjgl:lwjgl-glfw:3.2.2', rules=[Rule{action=ALLOW, os=null, features=null}, Rule{action=DISALLOW, os=OSRestriction{name=OSX, version='null'}, features=null}], natives={LINUX=natives-linux, WINDOWS=natives-windows}, extract=null, packed='null'}, Library{name='org.lwjgl:lwjgl-stb:3.2.1', rules=[Rule{action=ALLOW, os=OSRestriction{name=OSX, version='null'}, features=null}], natives={OSX=natives-macos}, extract=null, packed='null'}, Library{name='org.lwjgl:lwjgl-stb:3.2.2', rules=[Rule{action=ALLOW, os=null, features=null}, Rule{action=DISALLOW, os=OSRestriction{name=OSX, version='null'}, features=null}], natives={LINUX=natives-linux, WINDOWS=natives-windows}, extract=null, packed='null'}, Library{name='com.mojang:text2speech:1.11.3', rules=null, natives=null, extract=null, packed='null'}, Library{name='com.mojang:text2speech:1.11.3', rules=null, natives={LINUX=natives-linux, WINDOWS=natives-windows}, extract=net.minecraft.launcher.versions.ExtractRules@61138583, packed='null'}, Library{name='ca.weblite:java-objc-bridge:1.0.0', rules=[Rule{action=ALLOW, os=OSRestriction{name=OSX, version='null'}, features=null}], natives={OSX=natives-osx}, extract=net.minecraft.launcher.versions.ExtractRules@2330e3cb, packed='null'}, Library{name='ca.weblite:java-objc-bridge:1.0.0', rules=[Rule{action=ALLOW, os=OSRestriction{name=OSX, version='null'}, features=null}], natives=null, extract=null, packed='null'}]},
remote=PartialVersion{id='OptiFine 1.14.4', time=Fri Jul 19 15:29:04 ICT 2019, release=Fri Jul 19 15:25:48 ICT 2019, type=modified, source=EXTRA_VERSION_REPO, skinVersion=true, list=net.minecraft.launcher.updater.ExtraVersionList@13e8b16a}, isInstalled=true, hasRemote=true, isUpToDate=true}
2019-12-01 21:30:01,619 LoopedThread#8 [Launcher] Java path: C:\Users\Ste-PC\AppData\Roaming\.tlauncher\jvms\jre1.8.0_51\bin\javaw.exe
2019-12-01 21:30:01,621 LoopedThread#8 [Launcher] Checking conditions...
2019-12-01 21:30:01,627 LoopedThread#8 [Launcher] Comparing assets...
2019-12-01 21:30:01,628 LoopedThread#8 [AssetsManager] Checking resources...
2019-12-01 21:30:01,628 LoopedThread#8 [AssetsManager] Reading indexes from file C:\Users\Ste-PC\AppData\Roaming\.minecraft\assets\indexes\1.14.json
2019-12-01 21:30:01,646 LoopedThread#8 [AssetsManager] Fast comparing: true
2019-12-01 21:30:02,083 LoopedThread#8 [Launcher] Delta time to compare assets: 454 ms.
2019-12-01 21:30:02,084 LoopedThread#8 [TLauncherManager] add required libraries: OptiFine 1.14.4
2019-12-01 21:30:04,716 LoopedThread#8 [VersionManager] Required for version OptiFine 1.14.4: []
2019-12-01 21:30:04,719 LoopedThread#8 [Modpack]  got container
2019-12-01 21:30:04,741 LoopedThread#8 [VersionManager] Refreshing versions locally...
2019-12-01 21:30:04,753 LoopedThread#8 [VersionManager] Versions has been refreshed (10 ms)
2019-12-01 21:30:04,763 LoopedThread#8 [Launcher] Error occurred:
org.tlauncher.tlauncher.minecraft.launcher.MinecraftLauncher$MinecraftLauncherAborted: shown skin message
at org.tlauncher.tlauncher.minecraft.launcher.MinecraftLauncher.beforeRunTLauncherSkinVersion(MinecraftLauncher.java:814)
at org.tlauncher.tlauncher.minecraft.launcher.MinecraftLauncher.start(MinecraftLauncher.java:247)
at org.tlauncher.tlauncher.rmo.TLauncher.launch(TLauncher.java:565)
at org.tlauncher.tlauncher.ui.login.LoginForm.runProcess(LoginForm.java:183)
at org.tlauncher.tlauncher.ui.login.LoginForm.access$000(LoginForm.java:38)
at org.tlauncher.tlauncher.ui.login.LoginForm$StartThread.iterateOnce(LoginForm.java:256)
at org.tlauncher.util.async.LoopedThread.run(LoopedThread.java:38)
Thread called by: org.tlauncher.util.async.ExtendedThread$ExtendedThreadCaller
at org.tlauncher.util.async.ExtendedThread.<init>(ExtendedThread.java:17)
at org.tlauncher.util.async.LoopedThread.<init>(LoopedThread.java:7)
at org.tlauncher.util.async.LoopedThread.<init>(LoopedThread.java:11)
at org.tlauncher.tlauncher.ui.login.LoginForm$StartThread.<init>(LoginForm.java:249)
at org.tlauncher.tlauncher.ui.login.LoginForm.<init>(LoginForm.java:82)
at org.tlauncher.tlauncher.ui.scenes.DefaultScene.<init>(DefaultScene.java:47)
at org.tlauncher.tlauncher.ui.MainPane.<init>(MainPane.java:52)
at org.tlauncher.tlauncher.ui.TLauncherFrame.<init>(TLauncherFrame.java:93)
at org.tlauncher.tlauncher.rmo.TLauncher.launch(TLauncher.java:370)
at org.tlauncher.tlauncher.rmo.TLauncher.main(TLauncher.java:230)

2019-12-01 21:30:04,831 LoopedThread#8 [Launcher] Launcher exited.
2019-12-02 00:04:07,299 LoopedThread#8 [LoginForm] Login was OK. Trying to launch now.
2019-12-02 00:04:08,140 LoopedThread#8 [Launcher] Running under TLauncher 2.67
2019-12-02 00:04:08,140 LoopedThread#8 [Launcher] Collecting info...
2019-12-02 00:04:08,149 LoopedThread#8 [TLauncherManager] before clearLibrary 
2019-12-02 00:04:08,152 LoopedThread#8 [TLauncherManager] written:  []
2019-12-02 00:04:08,152 LoopedThread#8 [TLauncherManager] after clearLibrary 
2019-12-02 00:04:08,154 LoopedThread#8 [Launcher] Force update: false
2019-12-02 00:04:08,154 LoopedThread#8 [Launcher] Selected version: OptiFine 1.14.4
2019-12-02 00:04:08,156 LoopedThread#8 [Launcher] Selected account: Account{displayName=null, userid=null, uuid=null, username=Steven}
2019-12-02 00:04:08,159 LoopedThread#8 [Launcher] Version sync info: VersionSyncInfo{id='OptiFine 1.14.4',
local=CompleteVersion{id='OptiFine 1.14.4', time=Fri Jul 19 15:29:04 ICT 2019, release=Fri Jul 19 16:25:47 ICT 2019, type=modified, class=net.minecraft.launchwrapper.Launch, minimumVersion=21, assets='1.14', source=LOCAL_VERSION_REPO, list=net.minecraft.launcher.updater.ExtraVersionList@13e8b16a, libraries=[Library{name='optifine:OptiFine:1.14.4_HD_U_F4', rules=null, natives=null, extract=null, packed='null'}, Library{name='optifine:launchwrapper-of:2.1', rules=null, natives=null, extract=null, packed='null'}, Library{name='com.mojang:patchy:1.1', rules=null, natives=null, extract=null, packed='null'}, Library{name='oshi-project:oshi-core:1.1', rules=null, natives=null, extract=null, packed='null'}, Library{name='net.java.dev.jna:jna:4.4.0', rules=null, natives=null, extract=null, packed='null'}, Library{name='net.java.dev.jna:platform:3.4.0', rules=null, natives=null, extract=null, packed='null'}, Library{name='com.ibm.icu:icu4j-core-mojang:51.2', rules=null, natives=null, extract=null, packed='null'}, Library{name='com.mojang:javabridge:1.0.22', rules=null, natives=null, extract=null, packed='null'}, Library{name='net.sf.jopt-simple:jopt-simple:5.0.3', rules=null, natives=null, extract=null, packed='null'}, Library{name='io.netty:netty-all:4.1.25.Final', rules=null, natives=null, extract=null, packed='null'}, Library{name='com.google.guava:guava:21.0', rules=null, natives=null, extract=null, packed='null'}, Library{name='org.apache.commons:commons-lang3:3.5', rules=null, natives=null, extract=null, packed='null'}, Library{name='commons-io:commons-io:2.5', rules=null, natives=null, extract=null, packed='null'}, Library{name='commons-codec:commons-codec:1.10', rules=null, natives=null, extract=null, packed='null'}, Library{name='net.java.jinput:jinput:2.0.5', rules=null, natives=null, extract=null, packed='null'}, Library{name='net.java.jutils:jutils:1.0.0', rules=null, natives=null, extract=null, packed='null'}, Library{name='com.mojang:brigadier:1.0.17', rules=null, natives=null, extract=null, packed='null'}, Library{name='com.mojang:datafixerupper:2.0.24', rules=null, natives=null, extract=null, packed='null'}, Library{name='com.google.code.gson:gson:2.8.0', rules=null, natives=null, extract=null, packed='null'}, Library{name='com.mojang:authlib:1.5.25', rules=null, natives=null, extract=null, packed='null'}, Library{name='org.apache.commons:commons-compress:1.8.1', rules=null, natives=null, extract=null, packed='null'}, Library{name='org.apache.httpcomponents:httpclient:4.3.3', rules=null, natives=null, extract=null, packed='null'}, Library{name='commons-logging:commons-logging:1.1.3', rules=null, natives=null, extract=null, packed='null'}, Library{name='org.apache.httpcomponents:httpcore:4.3.2', rules=null, natives=null, extract=null, packed='null'}, Library{name='it.unimi.dsi:fastutil:8.2.1', rules=null, natives=null, extract=null, packed='null'}, Library{name='org.apache.logging.log4j:log4j-api:2.8.1', rules=null, natives=null, extract=null, packed='null'}, Library{name='org.apache.logging.log4j:log4j-core:2.8.1', rules=null, natives=null, extract=null, packed='null'}, Library{name='org.lwjgl:lwjgl:3.2.1', rules=[Rule{action=ALLOW, os=OSRestriction{name=OSX, version='null'}, features=null}], natives=null, extract=null, packed='null'}, Library{name='org.lwjgl:lwjgl:3.2.2', rules=[Rule{action=ALLOW, os=null, features=null}, Rule{action=DISALLOW, os=OSRestriction{name=OSX, version='null'}, features=null}], natives=null, extract=null, packed='null'}, Library{name='org.lwjgl:lwjgl-jemalloc:3.2.1', rules=[Rule{action=ALLOW, os=OSRestriction{name=OSX, version='null'}, features=null}], natives=null, extract=null, packed='null'}, Library{name='org.lwjgl:lwjgl-jemalloc:3.2.2', rules=[Rule{action=ALLOW, os=null, features=null}, Rule{action=DISALLOW, os=OSRestriction{name=OSX, version='null'}, features=null}], natives=null, extract=null, packed='null'}, Library{name='org.lwjgl:lwjgl-openal:3.2.1', rules=[Rule{action=ALLOW, os=OSRestriction{name=OSX, version='null'}, features=null}], natives=null, extract=null, packed='null'}, Library{name='org.lwjgl:lwjgl-openal:3.2.2', rules=[Rule{action=ALLOW, os=null, features=null}, Rule{action=DISALLOW, os=OSRestriction{name=OSX, version='null'}, features=null}], natives=null, extract=null, packed='null'}, Library{name='org.lwjgl:lwjgl-opengl:3.2.1', rules=[Rule{action=ALLOW, os=OSRestriction{name=OSX, version='null'}, features=null}], natives=null, extract=null, packed='null'}, Library{name='org.lwjgl:lwjgl-opengl:3.2.2', rules=[Rule{action=ALLOW, os=null, features=null}, Rule{action=DISALLOW, os=OSRestriction{name=OSX, version='null'}, features=null}], natives=null, extract=null, packed='null'}, Library{name='org.lwjgl:lwjgl-glfw:3.2.1', rules=[Rule{action=ALLOW, os=OSRestriction{name=OSX, version='null'}, features=null}], natives=null, extract=null, packed='null'}, Library{name='org.lwjgl:lwjgl-glfw:3.2.2', rules=[Rule{action=ALLOW, os=null, features=null}, Rule{action=DISALLOW, os=OSRestriction{name=OSX, version='null'}, features=null}], natives=null, extract=null, packed='null'}, Library{name='org.lwjgl:lwjgl-stb:3.2.1', rules=[Rule{action=ALLOW, os=OSRestriction{name=OSX, version='null'}, features=null}], natives=null, extract=null, packed='null'}, Library{name='org.lwjgl:lwjgl-stb:3.2.2', rules=[Rule{action=ALLOW, os=null, features=null}, Rule{action=DISALLOW, os=OSRestriction{name=OSX, version='null'}, features=null}], natives=null, extract=null, packed='null'}, Library{name='org.lwjgl:lwjgl:3.2.1', rules=[Rule{action=ALLOW, os=OSRestriction{name=OSX, version='null'}, features=null}], natives={OSX=natives-macos}, extract=null, packed='null'}, Library{name='org.lwjgl:lwjgl:3.2.2', rules=[Rule{action=ALLOW, os=null, features=null}, Rule{action=DISALLOW, os=OSRestriction{name=OSX, version='null'}, features=null}], natives={LINUX=natives-linux, WINDOWS=natives-windows}, extract=null, packed='null'}, Library{name='org.lwjgl:lwjgl-jemalloc:3.2.1', rules=[Rule{action=ALLOW, os=OSRestriction{name=OSX, version='null'}, features=null}], natives={OSX=natives-macos}, extract=null, packed='null'}, Library{name='org.lwjgl:lwjgl-jemalloc:3.2.2', rules=[Rule{action=ALLOW, os=null, features=null}, Rule{action=DISALLOW, os=OSRestriction{name=OSX, version='null'}, features=null}], natives={LINUX=natives-linux, WINDOWS=natives-windows}, extract=null, packed='null'}, Library{name='org.lwjgl:lwjgl-openal:3.2.1', rules=[Rule{action=ALLOW, os=OSRestriction{name=OSX, version='null'}, features=null}], natives={OSX=natives-macos}, extract=null, packed='null'}, Library{name='org.lwjgl:lwjgl-openal:3.2.2', rules=[Rule{action=ALLOW, os=null, features=null}, Rule{action=DISALLOW, os=OSRestriction{name=OSX, version='null'}, features=null}], natives={LINUX=natives-linux, WINDOWS=natives-windows}, extract=null, packed='null'}, Library{name='org.lwjgl:lwjgl-opengl:3.2.1', rules=[Rule{action=ALLOW, os=OSRestriction{name=OSX, version='null'}, features=null}], natives={OSX=natives-macos}, extract=null, packed='null'}, Library{name='org.lwjgl:lwjgl-opengl:3.2.2', rules=[Rule{action=ALLOW, os=null, features=null}, Rule{action=DISALLOW, os=OSRestriction{name=OSX, version='null'}, features=null}], natives={LINUX=natives-linux, WINDOWS=natives-windows}, extract=null, packed='null'}, Library{name='org.lwjgl:lwjgl-glfw:3.2.1', rules=[Rule{action=ALLOW, os=OSRestriction{name=OSX, version='null'}, features=null}], natives={OSX=natives-macos}, extract=null, packed='null'}, Library{name='org.lwjgl:lwjgl-glfw:3.2.2', rules=[Rule{action=ALLOW, os=null, features=null}, Rule{action=DISALLOW, os=OSRestriction{name=OSX, version='null'}, features=null}], natives={LINUX=natives-linux, WINDOWS=natives-windows}, extract=null, packed='null'}, Library{name='org.lwjgl:lwjgl-stb:3.2.1', rules=[Rule{action=ALLOW, os=OSRestriction{name=OSX, version='null'}, features=null}], natives={OSX=natives-macos}, extract=null, packed='null'}, Library{name='org.lwjgl:lwjgl-stb:3.2.2', rules=[Rule{action=ALLOW, os=null, features=null}, Rule{action=DISALLOW, os=OSRestriction{name=OSX, version='null'}, features=null}], natives={LINUX=natives-linux, WINDOWS=natives-windows}, extract=null, packed='null'}, Library{name='com.mojang:text2speech:1.11.3', rules=null, natives=null, extract=null, packed='null'}, Library{name='com.mojang:text2speech:1.11.3', rules=null, natives={LINUX=natives-linux, WINDOWS=natives-windows}, extract=net.minecraft.launcher.versions.ExtractRules@7a06601c, packed='null'}, Library{name='ca.weblite:java-objc-bridge:1.0.0', rules=[Rule{action=ALLOW, os=OSRestriction{name=OSX, version='null'}, features=null}], natives={OSX=natives-osx}, extract=net.minecraft.launcher.versions.ExtractRules@40e2d3d7, packed='null'}, Library{name='ca.weblite:java-objc-bridge:1.0.0', rules=[Rule{action=ALLOW, os=OSRestriction{name=OSX, version='null'}, features=null}], natives=null, extract=null, packed='null'}]},
remote=PartialVersion{id='OptiFine 1.14.4', time=Fri Jul 19 15:29:04 ICT 2019, release=Fri Jul 19 15:25:48 ICT 2019, type=modified, source=EXTRA_VERSION_REPO, skinVersion=true, list=net.minecraft.launcher.updater.ExtraVersionList@13e8b16a}, isInstalled=true, hasRemote=true, isUpToDate=true}
2019-12-02 00:04:08,378 LoopedThread#8 [Launcher] Java path: C:\Users\Ste-PC\AppData\Roaming\.tlauncher\jvms\jre1.8.0_51\bin\javaw.exe
2019-12-02 00:04:08,381 LoopedThread#8 [Launcher] Checking conditions...
2019-12-02 00:04:08,382 LoopedThread#8 [Launcher] Comparing assets...
2019-12-02 00:04:08,382 LoopedThread#8 [AssetsManager] Checking resources...
2019-12-02 00:04:08,383 LoopedThread#8 [AssetsManager] Reading indexes from file C:\Users\Ste-PC\AppData\Roaming\.minecraft\assets\indexes\1.14.json
2019-12-02 00:04:08,401 LoopedThread#8 [AssetsManager] Fast comparing: true
2019-12-02 00:04:08,672 LoopedThread#8 [Launcher] Delta time to compare assets: 289 ms.
2019-12-02 00:04:08,673 LoopedThread#8 [TLauncherManager] add required libraries: OptiFine 1.14.4
2019-12-02 00:04:10,631 LoopedThread#8 [VersionManager] Required for version OptiFine 1.14.4: []
2019-12-02 00:04:10,633 LoopedThread#8 [Modpack]  got container
2019-12-02 00:04:10,660 LoopedThread#8 [TLauncherManager] library will be replaced: com.mojang:authlib:1.5.25
2019-12-02 00:04:10,662 LoopedThread#8 [TLauncherManager] library will be replaced: org.tlauncher:authlib:1.6.25
2019-12-02 00:04:10,664 LoopedThread#8 [TLauncherManager] library will be replaced: com.mojang:patchy:1.1
2019-12-02 00:04:10,666 LoopedThread#8 [TLauncherManager] library will be added as required: org.ow2.asm:asm-commons:6.2
2019-12-02 00:04:10,668 LoopedThread#8 [TLauncherManager] library will be added as required: org.ow2.asm:asm:6.2
2019-12-02 00:04:10,671 LoopedThread#8 [TLauncherManager] library will be added as required: org.ow2.asm:asm-tree:6.2
2019-12-02 00:04:10,673 LoopedThread#8 [TLauncherManager] library will be added: customskinloader:CustomSkinLoader_1.14.4:1.61
2019-12-02 00:04:10,694 LoopedThread#8 [Launcher] Unpacking natives...
2019-12-02 00:04:10,716 LoopedThread#8 [Launcher] Constructing process...
2019-12-02 00:04:10,717 LoopedThread#8 [Launcher] Constructing classpath...
2019-12-02 00:04:10,722 LoopedThread#8 [Launcher] Getting Minecraft arguments...
2019-12-02 00:04:10,860 LoopedThread#8 [Launcher] Full command (characters are not escaped):
C:\Users\Ste-PC\AppData\Roaming\.tlauncher\jvms\jre1.8.0_51\bin\javaw.exe -Djava.net.preferIPv4Stack=true -Xmn128M -Xmx10962M -XX:HeapDumpPath=MojangTricksIntelDriversForPerformance_javaw.exe_minecraft.exe.heapdump -Xss1M -Djava.library.path=C:\Users\Ste-PC\AppData\Roaming\.minecraft\versions\OptiFine 1.14.4\natives -Dminecraft.launcher.brand=minecraft-launcher -Dminecraft.launcher.version=2.0.1003 -cp C:\Users\Ste-PC\AppData\Roaming\.minecraft\libraries\customskinloader\CustomSkinLoader_1.14.4\1.61\CustomSkinLoader_1.14.4-1.61.jar;C:\Users\Ste-PC\AppData\Roaming\.minecraft\libraries\org\ow2\asm\asm-tree\6.2\asm-tree-6.2.jar;C:\Users\Ste-PC\AppData\Roaming\.minecraft\libraries\org\ow2\asm\asm\6.2\asm-6.2.jar;C:\Users\Ste-PC\AppData\Roaming\.minecraft\libraries\org\ow2\asm\asm-commons\6.2\asm-commons-6.2.jar;C:\Users\Ste-PC\AppData\Roaming\.minecraft\libraries\optifine\OptiFine\1.14.4_HD_U_F4\OptiFine-1.14.4_HD_U_F4.jar;C:\Users\Ste-PC\AppData\Roaming\.minecraft\libraries\optifine\launchwrapper-of\2.1\launchwrapper-of-2.1.jar;C:\Users\Ste-PC\AppData\Roaming\.minecraft\libraries\org\tlauncher\patchy\1.1\patchy-1.1.jar;C:\Users\Ste-PC\AppData\Roaming\.minecraft\libraries\oshi-project\oshi-core\1.1\oshi-core-1.1.jar;C:\Users\Ste-PC\AppData\Roaming\.minecraft\libraries\net\java\dev\jna\jna\4.4.0\jna-4.4.0.jar;C:\Users\Ste-PC\AppData\Roaming\.minecraft\libraries\net\java\dev\jna\platform\3.4.0\platform-3.4.0.jar;C:\Users\Ste-PC\AppData\Roaming\.minecraft\libraries\com\ibm\icu\icu4j-core-mojang\51.2\icu4j-core-mojang-51.2.jar;C:\Users\Ste-PC\AppData\Roaming\.minecraft\libraries\com\mojang\javabridge\1.0.22\javabridge-1.0.22.jar;C:\Users\Ste-PC\AppData\Roaming\.minecraft\libraries\net\sf\jopt-simple\jopt-simple\5.0.3\jopt-simple-5.0.3.jar;C:\Users\Ste-PC\AppData\Roaming\.minecraft\libraries\io\netty\netty-all\4.1.25.Final\netty-all-4.1.25.Final.jar;C:\Users\Ste-PC\AppData\Roaming\.minecraft\libraries\com\google\guava\guava\21.0\guava-21.0.jar;C:\Users\Ste-PC\AppData\Roaming\.minecraft\libraries\org\apache\commons\commons-lang3\3.5\commons-lang3-3.5.jar;C:\Users\Ste-PC\AppData\Roaming\.minecraft\libraries\commons-io\commons-io\2.5\commons-io-2.5.jar;C:\Users\Ste-PC\AppData\Roaming\.minecraft\libraries\commons-codec\commons-codec\1.10\commons-codec-1.10.jar;C:\Users\Ste-PC\AppData\Roaming\.minecraft\libraries\net\java\jinput\jinput\2.0.5\jinput-2.0.5.jar;C:\Users\Ste-PC\AppData\Roaming\.minecraft\libraries\net\java\jutils\jutils\1.0.0\jutils-1.0.0.jar;C:\Users\Ste-PC\AppData\Roaming\.minecraft\libraries\com\mojang\brigadier\1.0.17\brigadier-1.0.17.jar;C:\Users\Ste-PC\AppData\Roaming\.minecraft\libraries\com\mojang\datafixerupper\2.0.24\datafixerupper-2.0.24.jar;C:\Users\Ste-PC\AppData\Roaming\.minecraft\libraries\com\google\code\gson\gson\2.8.0\gson-2.8.0.jar;C:\Users\Ste-PC\AppData\Roaming\.minecraft\libraries\org\tlauncher\authlib\1.5.25\authlib-1.5.25.jar;C:\Users\Ste-PC\AppData\Roaming\.minecraft\libraries\org\apache\commons\commons-compress\1.8.1\commons-compress-1.8.1.jar;C:\Users\Ste-PC\AppData\Roaming\.minecraft\libraries\org\apache\httpcomponents\httpclient\4.3.3\httpclient-4.3.3.jar;C:\Users\Ste-PC\AppData\Roaming\.minecraft\libraries\commons-logging\commons-logging\1.1.3\commons-logging-1.1.3.jar;C:\Users\Ste-PC\AppData\Roaming\.minecraft\libraries\org\apache\httpcomponents\httpcore\4.3.2\httpcore-4.3.2.jar;C:\Users\Ste-PC\AppData\Roaming\.minecraft\libraries\it\unimi\dsi\fastutil\8.2.1\fastutil-8.2.1.jar;C:\Users\Ste-PC\AppData\Roaming\.minecraft\libraries\org\apache\logging\log4j\log4j-api\2.8.1\log4j-api-2.8.1.jar;C:\Users\Ste-PC\AppData\Roaming\.minecraft\libraries\org\apache\logging\log4j\log4j-core\2.8.1\log4j-core-2.8.1.jar;C:\Users\Ste-PC\AppData\Roaming\.minecraft\libraries\org\lwjgl\lwjgl\3.2.2\lwjgl-3.2.2.jar;C:\Users\Ste-PC\AppData\Roaming\.minecraft\libraries\org\lwjgl\lwjgl-jemalloc\3.2.2\lwjgl-jemalloc-3.2.2.jar;C:\Users\Ste-PC\AppData\Roaming\.minecraft\libraries\org\lwjgl\lwjgl-openal\3.2.2\lwjgl-openal-3.2.2.jar;C:\Users\Ste-PC\AppData\Roaming\.minecraft\libraries\org\lwjgl\lwjgl-opengl\3.2.2\lwjgl-opengl-3.2.2.jar;C:\Users\Ste-PC\AppData\Roaming\.minecraft\libraries\org\lwjgl\lwjgl-glfw\3.2.2\lwjgl-glfw-3.2.2.jar;C:\Users\Ste-PC\AppData\Roaming\.minecraft\libraries\org\lwjgl\lwjgl-stb\3.2.2\lwjgl-stb-3.2.2.jar;C:\Users\Ste-PC\AppData\Roaming\.minecraft\libraries\com\mojang\text2speech\1.11.3\text2speech-1.11.3.jar;C:\Users\Ste-PC\AppData\Roaming\.minecraft\versions\OptiFine 1.14.4\OptiFine 1.14.4.jar -Dminecraft.applet.TargetDirectory=C:\Users\Ste-PC\AppData\Roaming\.minecraft -XX:+UnlockExperimentalVMOptions -XX:+UseG1GC -XX:G1NewSizePercent=20 -XX:G1ReservePercent=20 -XX:MaxGCPauseMillis=50 -XX:G1HeapRegionSize=32M -Dfml.ignoreInvalidMinecraftCertificates=true -Dfml.ignorePatchDiscrepancies=true net.minecraft.launchwrapper.Launch --username Steven --version OptiFine 1.14.4 --gameDir C:\Users\Ste-PC\AppData\Roaming\.minecraft --assetsDir C:\Users\Ste-PC\AppData\Roaming\.minecraft\assets --assetIndex 1.14 --uuid 00000000-0000-0000-0000-000000000000 --accessToken null --userType legacy --versionType modified --width 925 --height 530 --tweakClass optifine.OptiFineTweaker --tweakClass org.tlauncher.tweaker.Tweaker
2019-12-02 00:04:10,969 LoopedThread#8 [Launcher] Launching Minecraft...
2019-12-02 00:04:10,978 LoopedThread#8 I'm hiding!
2019-12-02 00:04:10,983 LoopedThread#8 [TLauncherManager] mods before 
2019-12-02 00:04:10,984 LoopedThread#8 [TLauncherManager] read from  C:\Users\Ste-PC\AppData\Roaming\.minecraft\TempOptifineStore-1.0.json []
2019-12-02 00:04:10,986 LoopedThread#8 [TLauncherManager] has written in  TempOptifineStore-1.0.json []
2019-12-02 00:04:10,987 LoopedThread#8 [TLauncherManager] mods after 
2019-12-02 00:04:10,988 LoopedThread#8 [InnerMinecraftServersImpl]  search changers of the servers
2019-12-02 00:04:11,002 LoopedThread#8 read servers from servers.dat [Server(name=  §8/§7=§8[§aTeamExtreme§8]§7=§8\§f, address=Play.TeamExtremeMc.com, ip=Play.TeamExtremeMc.com, port=null, hideAddress=false, acceptTextures=0)]
2019-12-02 00:04:11,010 LoopedThread#8 [InnerMinecraftServersImpl]  prepare inner servers
2019-12-02 00:04:11,018 LoopedThread#8 save servers to servers.dat
2019-12-02 00:04:11,038 LoopedThread#8 [Launcher] Starting Minecraft OptiFine 1.14.4...
2019-12-02 00:04:11,040 LoopedThread#8 [Launcher] Launching in: C:\Users\Ste-PC\AppData\Roaming\.minecraft
2019-12-02 00:04:11,043 LoopedThread#8 Starting garbage collector: 119 / 144 MB
2019-12-02 00:04:11,151 LoopedThread#8 Garbage collector completed: 34 / 158 MB
2019-12-02 00:04:11,159 LoopedThread#8 [Launcher] Processing post-launch actions. Assist launch: true
2019-12-02 00:04:13,604 Thread-27 ===============================================================================================
2019-12-02 00:04:13,609 Thread-27 > [00:04:13] [main/INFO]: Loading tweak class name optifine.OptiFineTweaker
2019-12-02 00:04:13,611 Thread-27 > [00:04:13] [main/INFO]: Using primary tweak class name optifine.OptiFineTweaker
2019-12-02 00:04:13,628 Thread-27 > [00:04:13] [main/INFO]: Loading tweak class name org.tlauncher.tweaker.Tweaker
2019-12-02 00:04:13,635 Thread-27 > [main INFO] Tweaker: OptiFine detected.
2019-12-02 00:04:13,637 Thread-27 > [00:04:13] [main/INFO]: Calling tweak class optifine.OptiFineTweaker
2019-12-02 00:04:13,639 Thread-27 > OptiFineTweaker: acceptOptions
2019-12-02 00:04:13,641 Thread-27 > OptiFineTweaker: injectIntoClassLoader
2019-12-02 00:04:13,643 Thread-27 > OptiFine ClassTransformer
2019-12-02 00:04:13,643 Thread-27 > OptiFine ZIP file: C:\Users\Ste-PC\AppData\Roaming\.minecraft\libraries\optifine\OptiFine\1.14.4_HD_U_F4\OptiFine-1.14.4_HD_U_F4.jar
2019-12-02 00:04:13,663 Thread-27 > [00:04:13] [main/INFO]: Calling tweak class org.tlauncher.tweaker.Tweaker
2019-12-02 00:04:13,667 Thread-27 > Log Path: C:\Users\Ste-PC\AppData\Roaming\.minecraft\.\CustomSkinLoader\Tweaker.log
2019-12-02 00:04:13,670 Thread-27 > [main INFO] Using Tweaker
2019-12-02 00:04:13,672 Thread-27 > [main INFO] Tweaker: acceptOptions
2019-12-02 00:04:13,675 Thread-27 > [main INFO] Tweaker: injectIntoClassLoader
2019-12-02 00:04:13,686 Thread-27 > [TLSkinCape] Current Minecraft version is 1.14.4.
2019-12-02 00:04:13,688 Thread-27 > [TLSkinCape] OptiFine detected.
2019-12-02 00:04:13,691 Thread-27 > [main INFO] Hook method dmm#n()Lqv; loaded.
2019-12-02 00:04:13,693 Thread-27 > [main INFO] Hook method dmm#m()Lqv; loaded.
2019-12-02 00:04:13,695 Thread-27 > [main INFO] Hook method dmm#s()Ljava/lang/String; loaded.
2019-12-02 00:04:13,697 Thread-27 > [main INFO] Hook method awg#a(Lawh;)Z loaded.
2019-12-02 00:04:13,699 Thread-27 > [main INFO] Loaded as a library.
2019-12-02 00:04:13,700 Thread-27 > OptiFineTweaker: getLaunchArguments
2019-12-02 00:04:13,701 Thread-27 > [main INFO] Tweaker: getLaunchArguments
2019-12-02 00:04:13,703 Thread-27 > OptiFineTweaker: getLaunchTarget
2019-12-02 00:04:13,840 Thread-27 > [00:04:13] [main/INFO]: Launching wrapped minecraft {net.minecraft.client.main.Main}
2019-12-02 00:04:14,139 Thread-27 > [Client thread INFO] [TLSkinCape] Method dmm.n()Lqv; successfully hooked.
2019-12-02 00:04:14,140 Thread-27 > [Client thread INFO] [TLSkinCape] Method dmm.m()Lqv; successfully hooked.
2019-12-02 00:04:14,141 Thread-27 > [Client thread INFO] [TLSkinCape] Method dmm.s()Ljava/lang/String; successfully hooked.
2019-12-02 00:04:14,164 Thread-27 > [Client thread INFO] [TLSkinCape] Method awg.a(Lawh;)Z successfully hooked.
2019-12-02 00:04:14,509 Thread-27 > [00:04:14] [main/INFO]: [OptiFine] *** Reflector Forge ***
2019-12-02 00:04:14,511 Thread-27 > [00:04:14] [main/INFO]: [OptiFine] (Reflector) Class not present: net.minecraftforge.client.model.Attributes
2019-12-02 00:04:14,513 Thread-27 > [00:04:14] [main/INFO]: [OptiFine] (Reflector) Class not present: mods.betterfoliage.client.BetterFoliageClient
2019-12-02 00:04:14,515 Thread-27 > [00:04:14] [main/INFO]: [OptiFine] (Reflector) Class not present: net.minecraftforge.fml.BrandingControl
2019-12-02 00:04:14,517 Thread-27 > [00:04:14] [main/INFO]: [OptiFine] (Reflector) Class not present: net.minecraftforge.common.capabilities.ICapabilityProvider
2019-12-02 00:04:14,519 Thread-27 > [00:04:14] [main/INFO]: [OptiFine] (Reflector) Class not present: net.minecraftforge.common.capabilities.CapabilityProvider
2019-12-02 00:04:14,521 Thread-27 > [00:04:14] [main/INFO]: [OptiFine] (Reflector) Class not present: net.minecraftforge.fml.client.ClientModLoader
2019-12-02 00:04:14,522 Thread-27 > [00:04:14] [main/INFO]: [OptiFine] (Reflector) Class not present: net.minecraftforge.event.world.ChunkEvent$Load
2019-12-02 00:04:14,534 Thread-27 > [00:04:14] [main/INFO]: [OptiFine] (Reflector) Class not present: net.minecraftforge.fml.client.ClientHooks
2019-12-02 00:04:14,535 Thread-27 > [00:04:14] [main/INFO]: [OptiFine] (Reflector) Class not present: net.minecraftforge.fml.CrashReportExtender
2019-12-02 00:04:14,536 Thread-27 > [00:04:14] [main/INFO]: [OptiFine] (Reflector) Class not present: net.minecraftforge.client.event.GuiScreenEvent$DrawScreenEvent$Pre
2019-12-02 00:04:14,538 Thread-27 > [00:04:14] [main/INFO]: [OptiFine] (Reflector) Class not present: net.minecraftforge.client.event.GuiScreenEvent$DrawScreenEvent$Post
2019-12-02 00:04:14,539 Thread-27 > [00:04:14] [main/INFO]: [OptiFine] (Reflector) Class not present: net.minecraftforge.client.event.EntityViewRenderEvent$FogColors
2019-12-02 00:04:14,540 Thread-27 > [00:04:14] [main/INFO]: [OptiFine] (Reflector) Class not present: net.minecraftforge.client.event.EntityViewRenderEvent$RenderFogEvent
2019-12-02 00:04:14,542 Thread-27 > [00:04:14] [main/INFO]: [OptiFine] (Reflector) Class not present: net.minecraftforge.event.entity.EntityJoinWorldEvent
2019-12-02 00:04:14,543 Thread-27 > [00:04:14] [main/INFO]: [OptiFine] (Reflector) Class not present: net.minecraftforge.eventbus.api.Event
2019-12-02 00:04:14,544 Thread-27 > [00:04:14] [main/INFO]: [OptiFine] (Reflector) Class not present: net.minecraftforge.eventbus.api.IEventBus
2019-12-02 00:04:14,546 Thread-27 > [00:04:14] [main/INFO]: [OptiFine] (Reflector) Class not present: net.minecraftforge.eventbus.api.Event$Result
2019-12-02 00:04:14,547 Thread-27 > [00:04:14] [main/INFO]: [OptiFine] (Reflector) Class not present: net.minecraftforge.common.extensions.IForgeBlock
2019-12-02 00:04:14,548 Thread-27 > [00:04:14] [main/INFO]: [OptiFine] (Reflector) Class not present: net.minecraftforge.client.model.pipeline.ForgeBlockModelRenderer
2019-12-02 00:04:14,562 Thread-27 > [00:04:14] [main/INFO]: [OptiFine] (Reflector) Method not present: dnv.getTexture
2019-12-02 00:04:14,565 Thread-27 > [00:04:14] [main/INFO]: [OptiFine] (Reflector) Method not present: dpt.getModelData
2019-12-02 00:04:14,567 Thread-27 > [00:04:14] [main/INFO]: [OptiFine] (Reflector) Method not present: net.minecraftforge.common.extensions.IForgeBlockState.addDestroyEffects
2019-12-02 00:04:14,568 Thread-27 > [00:04:14] [main/INFO]: [OptiFine] (Reflector) Method not present: net.minecraftforge.common.extensions.IForgeBlockState.addHitEffects
2019-12-02 00:04:14,570 Thread-27 > [00:04:14] [main/INFO]: [OptiFine] (Reflector) Method not present: net.minecraftforge.common.extensions.IForgeBlockState.canRenderInLayer
2019-12-02 00:04:14,572 Thread-27 > [00:04:14] [main/INFO]: [OptiFine] (Reflector) Method not present: net.minecraftforge.common.extensions.IForgeBlockState.getLightValue
2019-12-02 00:04:14,574 Thread-27 > [00:04:14] [main/INFO]: [OptiFine] (Reflector) Method not present: net.minecraftforge.common.extensions.IForgeBlockState.getSoundType
2019-12-02 00:04:14,576 Thread-27 > [00:04:14] [main/INFO]: [OptiFine] (Reflector) Method not present: net.minecraftforge.common.extensions.IForgeBlockState.getStateAtViewpoint
2019-12-02 00:04:14,577 Thread-27 > [00:04:14] [main/INFO]: [OptiFine] (Reflector) Method not present: net.minecraftforge.common.extensions.IForgeBlockState.hasTileEntity
2019-12-02 00:04:14,579 Thread-27 > [00:04:14] [main/INFO]: [OptiFine] (Reflector) Method not present: net.minecraftforge.common.extensions.IForgeBlockState.isAir
2019-12-02 00:04:14,580 Thread-27 > [00:04:14] [main/INFO]: [OptiFine] (Reflector) Class not present: net.minecraftforge.common.extensions.IForgeFluid
2019-12-02 00:04:14,582 Thread-27 > [00:04:14] [main/INFO]: [OptiFine] (Reflector) Class not present: net.minecraftforge.common.extensions.IForgeFluidState
2019-12-02 00:04:14,583 Thread-27 > [00:04:14] [main/INFO]: [OptiFine] (Reflector) Class not present: net.minecraftforge.common.extensions.IForgeEntity
2019-12-02 00:04:14,585 Thread-27 > [00:04:14] [main/INFO]: [OptiFine] (Reflector) Class not present: net.minecraftforge.fluids.FluidAttributes
2019-12-02 00:04:14,595 Thread-27 > [00:04:14] [main/INFO]: [OptiFine] (Reflector) Method not present: ais.getTags
2019-12-02 00:04:14,617 Thread-27 > [00:04:14] [main/INFO]: [OptiFine] (Reflector) Field not present: aix.NAMETAG_DISTANCE
2019-12-02 00:04:14,619 Thread-27 > [00:04:14] [main/INFO]: [OptiFine] (Reflector) Class not present: net.minecraftforge.event.ForgeEventFactory
2019-12-02 00:04:14,622 Thread-27 > [00:04:14] [main/INFO]: [OptiFine] (Reflector) Method not present: clj.getTags
2019-12-02 00:04:14,624 Thread-27 > [00:04:14] [main/INFO]: [OptiFine] (Reflector) Class not present: net.minecraftforge.client.ForgeHooksClient
2019-12-02 00:04:14,626 Thread-27 > [00:04:14] [main/INFO]: [OptiFine] (Reflector) Class not present: net.minecraftforge.common.ForgeConfig
2019-12-02 00:04:14,627 Thread-27 > [00:04:14] [main/INFO]: [OptiFine] (Reflector) Class not present: net.minecraftforge.common.ForgeConfig$Client
2019-12-02 00:04:14,629 Thread-27 > [00:04:14] [main/INFO]: [OptiFine] (Reflector) Class not present: net.minecraftforge.common.ForgeConfigSpec
2019-12-02 00:04:14,630 Thread-27 > [00:04:14] [main/INFO]: [OptiFine] (Reflector) Class not present: net.minecraftforge.common.ForgeConfigSpec$ConfigValue
2019-12-02 00:04:14,632 Thread-27 > [00:04:14] [main/INFO]: [OptiFine] (Reflector) Class not present: net.minecraftforge.common.extensions.IForgeItem
2019-12-02 00:04:14,634 Thread-27 > [00:04:14] [main/INFO]: [OptiFine] (Reflector) Class not present: net.minecraftforge.common.extensions.IForgeItemStack
2019-12-02 00:04:14,635 Thread-27 > [00:04:14] [main/INFO]: [OptiFine] (Reflector) Class not present: net.minecraftforge.fml.ForgeI18n
2019-12-02 00:04:14,636 Thread-27 > [00:04:14] [main/INFO]: [OptiFine] (Reflector) Class not present: net.minecraftforge.client.model.IModel
2019-12-02 00:04:14,637 Thread-27 > [00:04:14] [main/INFO]: [OptiFine] (Reflector) Method not present: cxz.setKeyConflictContext
2019-12-02 00:04:14,639 Thread-27 > [00:04:14] [main/INFO]: [OptiFine] (Reflector) Method not present: cxz.setKeyModifierAndCode
2019-12-02 00:04:14,639 Thread-27 > [00:04:14] [main/INFO]: [OptiFine] (Reflector) Method not present: cxz.getKeyModifier
2019-12-02 00:04:14,640 Thread-27 > [00:04:14] [main/INFO]: [OptiFine] (Reflector) Class not present: net.minecraftforge.common.ForgeMod
2019-12-02 00:04:14,642 Thread-27 > [00:04:14] [main/INFO]: [OptiFine] (Reflector) Method not present: dof.fromJson
2019-12-02 00:04:14,643 Thread-27 > [00:04:14] [main/INFO]: [OptiFine] (Reflector) Class not present: net.minecraftforge.common.extensions.IForgeEffect
2019-12-02 00:04:14,644 Thread-27 > [00:04:14] [main/INFO]: [OptiFine] (Reflector) Class not present: net.minecraftforge.common.extensions.IForgeEffectInstance
2019-12-02 00:04:14,645 Thread-27 > [00:04:14] [main/INFO]: [OptiFine] (Reflector) Class not present: net.minecraftforge.registries.ForgeRegistryEntry
2019-12-02 00:04:14,647 Thread-27 > [00:04:14] [main/INFO]: [OptiFine] (Reflector) Class not present: net.minecraftforge.common.extensions.IForgeTileEntity
2019-12-02 00:04:14,648 Thread-27 > [00:04:14] [main/INFO]: [OptiFine] (Reflector) Method not present: cvd$b.preDraw
2019-12-02 00:04:14,649 Thread-27 > [00:04:14] [main/INFO]: [OptiFine] (Reflector) Method not present: cvd$b.postDraw
2019-12-02 00:04:14,650 Thread-27 > [00:04:14] [main/INFO]: [OptiFine] (Reflector) Field not found: World.tileEntitiesToBeRemoved
2019-12-02 00:04:14,651 Thread-27 > [00:04:14] [main/INFO]: [OptiFine] (Reflector) Class not present: net.minecraftforge.common.extensions.IForgeDimension
2019-12-02 00:04:14,652 Thread-27 > [00:04:14] [main/INFO]: [OptiFine] (Reflector) Class not present: net.minecraftforge.fml.client.gui.GuiModList
2019-12-02 00:04:14,655 Thread-27 > [00:04:14] [main/INFO]: [OptiFine] (Reflector) Class not present: net.minecraftforge.client.IRenderHandler
2019-12-02 00:04:14,657 Thread-27 > [00:04:14] [main/INFO]: [OptiFine] (Reflector) Class not present: net.minecraftforge.client.ItemModelMesherForge
2019-12-02 00:04:14,659 Thread-27 > [00:04:14] [main/INFO]: [OptiFine] (Reflector) Class not present: net.minecraftforge.client.settings.KeyConflictContext
2019-12-02 00:04:14,661 Thread-27 > [00:04:14] [main/INFO]: [OptiFine] (Reflector) Class not present: net.minecraftforge.client.settings.KeyModifier
2019-12-02 00:04:14,663 Thread-27 > [00:04:14] [main/INFO]: [OptiFine] (Reflector) Class not present: net.minecraftforge.client.model.pipeline.LightUtil
2019-12-02 00:04:14,665 Thread-27 > [00:04:14] [main/INFO]: [OptiFine] (Reflector) Class not present: net.minecraftforge.fml.common.Loader
2019-12-02 00:04:14,668 Thread-27 > [00:04:14] [main/INFO]: [OptiFine] (Reflector) Class not present: net.minecraftforge.common.MinecraftForge
2019-12-02 00:04:14,668 Thread-27 > [00:04:14] [main/INFO]: [OptiFine] (Reflector) Class not present: net.minecraftforge.client.MinecraftForgeClient
2019-12-02 00:04:14,669 Thread-27 > [00:04:14] [main/INFO]: [OptiFine] (Reflector) Class not present: net.minecraftforge.client.gui.NotificationModUpdateScreen
2019-12-02 00:04:14,671 Thread-27 > [00:04:14] [main/INFO]: [OptiFine] (Reflector) Class not present: net.minecraftforge.event.entity.PlaySoundAtEntityEvent
2019-12-02 00:04:14,673 Thread-27 > [00:04:14] [main/INFO]: [OptiFine] (Reflector) Class not present: net.minecraftforge.client.event.RenderBlockOverlayEvent$OverlayType
2019-12-02 00:04:14,674 Thread-27 > [00:04:14] [main/INFO]: [OptiFine] (Reflector) Class not present: net.minecraftforge.fml.client.registry.RenderingRegistry
2019-12-02 00:04:14,675 Thread-27 > [00:04:14] [main/INFO]: [OptiFine] (Reflector) Class not present: net.minecraftforge.client.event.RenderItemInFrameEvent
2019-12-02 00:04:14,677 Thread-27 > [00:04:14] [main/INFO]: [OptiFine] (Reflector) Class not present: net.minecraftforge.client.event.RenderLivingEvent$Pre
2019-12-02 00:04:14,679 Thread-27 > [00:04:14] [main/INFO]: [OptiFine] (Reflector) Class not present: net.minecraftforge.client.event.RenderLivingEvent$Post
2019-12-02 00:04:14,681 Thread-27 > [00:04:14] [main/INFO]: [OptiFine] (Reflector) Class not present: net.minecraftforge.client.event.RenderLivingEvent$Specials$Pre
2019-12-02 00:04:14,682 Thread-27 > [00:04:14] [main/INFO]: [OptiFine] (Reflector) Class not present: net.minecraftforge.client.event.RenderLivingEvent$Specials$Post
2019-12-02 00:04:14,684 Thread-27 > [00:04:14] [main/INFO]: [OptiFine] (Reflector) Class not present: net.minecraftforge.client.event.ScreenshotEvent
2019-12-02 00:04:14,687 Thread-27 > [00:04:14] [main/INFO]: [OptiFine] (Reflector) Class not present: net.minecraftforge.fml.server.ServerLifecycleHooks
2019-12-02 00:04:14,688 Thread-27 > [00:04:14] [main/INFO]: [OptiFine] (Reflector) Class not present: net.minecraftforge.fml.client.SplashProgress
2019-12-02 00:04:14,689 Thread-27 > [00:04:14] [main/INFO]: [OptiFine] (Reflector) Class not present: net.minecraftforge.event.world.WorldEvent$Load
2019-12-02 00:04:14,690 Thread-27 > [00:04:14] [main/INFO]: [OptiFine] *** Reflector Vanilla ***
2019-12-02 00:04:14,793 Thread-27 > [00:04:14] [main/INFO]: Setting user: Steven
2019-12-02 00:04:19,895 Thread-27 > [00:04:19] [main/INFO]: LWJGL Version: 3.2.2 build 10
2019-12-02 00:04:20,904 Thread-27 > [00:04:20] [main/INFO]: [OptiFine] 
2019-12-02 00:04:20,906 Thread-27 > [00:04:20] [main/INFO]: [OptiFine] OptiFine_1.14.4_HD_U_F4
2019-12-02 00:04:20,907 Thread-27 > [00:04:20] [main/INFO]: [OptiFine] Build: 20191025-153543
2019-12-02 00:04:20,909 Thread-27 > [00:04:20] [main/INFO]: [OptiFine] OS: Windows 8.1 (amd64) version 6.3
2019-12-02 00:04:20,910 Thread-27 > [00:04:20] [main/INFO]: [OptiFine] Java: 1.8.0_51, Oracle Corporation
2019-12-02 00:04:20,912 Thread-27 > [00:04:20] [main/INFO]: [OptiFine] VM: Java HotSpot(TM) 64-Bit Server VM (mixed mode), Oracle Corporation
2019-12-02 00:04:20,914 Thread-27 > [00:04:20] [main/INFO]: [OptiFine] LWJGL: 3.3.0 Win32 WGL EGL OSMesa VisualC DLL
2019-12-02 00:04:20,916 Thread-27 > [00:04:20] [main/INFO]: [OptiFine] OpenGL: Intel(R) UHD Graphics 630, version 4.5.0 - Build 24.20.100.6292, Intel
2019-12-02 00:04:20,918 Thread-27 > [00:04:20] [main/INFO]: [OptiFine] OpenGL Version: 4.5.0
2019-12-02 00:04:20,920 Thread-27 > [00:04:20] [main/INFO]: [OptiFine] OpenGL Fancy fog: Not available (GL_NV_fog_distance)
2019-12-02 00:04:20,944 Thread-27 > [00:04:20] [main/INFO]: [OptiFine] Maximum texture size: 16384x16384
2019-12-02 00:04:20,955 Thread-27 > [00:04:20] [VersionCheck/INFO]: [OptiFine] Checking for new version
2019-12-02 00:04:20,976 Thread-27 > [00:04:20] [main/INFO]: [Shaders] OpenGL Version: 4.5.0 - Build 24.20.100.6292
2019-12-02 00:04:20,977 Thread-27 > [00:04:20] [main/INFO]: [Shaders] Vendor:  Intel
2019-12-02 00:04:20,979 Thread-27 > [00:04:20] [main/INFO]: [Shaders] Renderer: Intel(R) UHD Graphics 630
2019-12-02 00:04:20,979 Thread-27 > [00:04:20] [main/INFO]: [Shaders] Capabilities:  2.0  2.1  3.0  3.2  4.0 
2019-12-02 00:04:20,981 Thread-27 > [00:04:20] [main/INFO]: [Shaders] GL_MAX_DRAW_BUFFERS: 8
2019-12-02 00:04:20,982 Thread-27 > [00:04:20] [main/INFO]: [Shaders] GL_MAX_COLOR_ATTACHMENTS_EXT: 8
2019-12-02 00:04:20,984 Thread-27 > [00:04:20] [main/INFO]: [Shaders] GL_MAX_TEXTURE_IMAGE_UNITS: 32
2019-12-02 00:04:20,986 Thread-27 > [00:04:20] [main/INFO]: [Shaders] Load shaders configuration.
2019-12-02 00:04:20,987 Thread-27 > [00:04:20] [main/INFO]: [Shaders] Save shaders configuration.
2019-12-02 00:04:20,989 Thread-27 > [00:04:20] [main/INFO]: [Shaders] No shaderpack loaded.
2019-12-02 00:04:21,759 Thread-27 > [00:04:21] [VersionCheck/INFO]: [OptiFine] Version found: F2
2019-12-02 00:04:22,218 Thread-27 > [00:04:22] [main/INFO]: Narrator library for x64 successfully loaded
2019-12-02 00:04:22,450 Thread-27 > [00:04:22] [main/INFO]: [OptiFine] *** Reloading textures ***
2019-12-02 00:04:22,472 Thread-27 > [00:04:22] [main/INFO]: [OptiFine] Resource packs: Default
2019-12-02 00:04:24,559 Thread-27 > [00:04:24] [Realms Notification Availability checker #1/INFO]: Could not authorize you against Realms server: Invalid session id
2019-12-02 00:04:30,098 Thread-27 > [00:04:30] [Server-Worker-2/INFO]: [OptiFine] Multitexture: false
2019-12-02 00:04:30,106 Thread-27 > [00:04:30] [Server-Worker-2/INFO]: [OptiFine] ConnectedTextures: optifine/ctm/default/00_glass_white/glass_pane_white.properties
2019-12-02 00:04:30,133 Thread-27 > [00:04:30] [Server-Worker-2/INFO]: [OptiFine] ConnectedTextures: optifine/ctm/default/00_glass_white/glass_white.properties
2019-12-02 00:04:30,135 Thread-27 > [00:04:30] [Server-Worker-2/INFO]: [OptiFine] ConnectedTextures: optifine/ctm/default/01_glass_orange/glass_orange.properties
2019-12-02 00:04:30,138 Thread-27 > [00:04:30] [Server-Worker-2/INFO]: [OptiFine] ConnectedTextures: optifine/ctm/default/01_glass_orange/glass_pane_orange.properties
2019-12-02 00:04:30,141 Thread-27 > [00:04:30] [Server-Worker-2/INFO]: [OptiFine] ConnectedTextures: optifine/ctm/default/02_glass_magenta/glass_magenta.properties
2019-12-02 00:04:30,143 Thread-27 > [00:04:30] [Server-Worker-2/INFO]: [OptiFine] ConnectedTextures: optifine/ctm/default/02_glass_magenta/glass_pane_magenta.properties
2019-12-02 00:04:30,146 Thread-27 > [00:04:30] [Server-Worker-2/INFO]: [OptiFine] ConnectedTextures: optifine/ctm/default/03_glass_light_blue/glass_light_blue.properties
2019-12-02 00:04:30,149 Thread-27 > [00:04:30] [Server-Worker-2/INFO]: [OptiFine] ConnectedTextures: optifine/ctm/default/03_glass_light_blue/glass_pane_light_blue.properties
2019-12-02 00:04:30,152 Thread-27 > [00:04:30] [Server-Worker-2/INFO]: [OptiFine] ConnectedTextures: optifine/ctm/default/04_glass_yellow/glass_pane_yellow.properties
2019-12-02 00:04:30,155 Thread-27 > [00:04:30] [Server-Worker-2/INFO]: [OptiFine] ConnectedTextures: optifine/ctm/default/04_glass_yellow/glass_yellow.properties
2019-12-02 00:04:30,158 Thread-27 > [00:04:30] [Server-Worker-2/INFO]: [OptiFine] ConnectedTextures: optifine/ctm/default/05_glass_lime/glass_lime.properties
2019-12-02 00:04:30,160 Thread-27 > [00:04:30] [Server-Worker-2/INFO]: [OptiFine] ConnectedTextures: optifine/ctm/default/05_glass_lime/glass_pane_lime.properties
2019-12-02 00:04:30,163 Thread-27 > [00:04:30] [Server-Worker-2/INFO]: [OptiFine] ConnectedTextures: optifine/ctm/default/06_glass_pink/glass_pane_pink.properties
2019-12-02 00:04:30,165 Thread-27 > [00:04:30] [Server-Worker-2/INFO]: [OptiFine] ConnectedTextures: optifine/ctm/default/06_glass_pink/glass_pink.properties
2019-12-02 00:04:30,167 Thread-27 > [00:04:30] [Server-Worker-2/INFO]: [OptiFine] ConnectedTextures: optifine/ctm/default/07_glass_gray/glass_gray.properties
2019-12-02 00:04:30,169 Thread-27 > [00:04:30] [Server-Worker-2/INFO]: [OptiFine] ConnectedTextures: optifine/ctm/default/07_glass_gray/glass_pane_gray.properties
2019-12-02 00:04:30,172 Thread-27 > [00:04:30] [Server-Worker-2/INFO]: [OptiFine] ConnectedTextures: optifine/ctm/default/08_glass_light_gray/glass_light_gray.properties
2019-12-02 00:04:30,174 Thread-27 > [00:04:30] [Server-Worker-2/INFO]: [OptiFine] ConnectedTextures: optifine/ctm/default/08_glass_light_gray/glass_pane_light_gray.properties
2019-12-02 00:04:30,177 Thread-27 > [00:04:30] [Server-Worker-2/INFO]: [OptiFine] ConnectedTextures: optifine/ctm/default/09_glass_cyan/glass_cyan.properties
2019-12-02 00:04:30,179 Thread-27 > [00:04:30] [Server-Worker-2/INFO]: [OptiFine] ConnectedTextures: optifine/ctm/default/09_glass_cyan/glass_pane_cyan.properties
2019-12-02 00:04:30,182 Thread-27 > [00:04:30] [Server-Worker-2/INFO]: [OptiFine] ConnectedTextures: optifine/ctm/default/10_glass_purple/glass_pane_purple.properties
2019-12-02 00:04:30,184 Thread-27 > [00:04:30] [Server-Worker-2/INFO]: [OptiFine] ConnectedTextures: optifine/ctm/default/10_glass_purple/glass_purple.properties
2019-12-02 00:04:30,186 Thread-27 > [00:04:30] [Server-Worker-2/INFO]: [OptiFine] ConnectedTextures: optifine/ctm/default/11_glass_blue/glass_blue.properties
2019-12-02 00:04:30,189 Thread-27 > [00:04:30] [Server-Worker-2/INFO]: [OptiFine] ConnectedTextures: optifine/ctm/default/11_glass_blue/glass_pane_blue.properties
2019-12-02 00:04:30,192 Thread-27 > [00:04:30] [Server-Worker-2/INFO]: [OptiFine] ConnectedTextures: optifine/ctm/default/12_glass_brown/glass_brown.properties
2019-12-02 00:04:30,195 Thread-27 > [00:04:30] [Server-Worker-2/INFO]: [OptiFine] ConnectedTextures: optifine/ctm/default/12_glass_brown/glass_pane_brown.properties
2019-12-02 00:04:30,197 Thread-27 > [00:04:30] [Server-Worker-2/INFO]: [OptiFine] ConnectedTextures: optifine/ctm/default/13_glass_green/glass_green.properties
2019-12-02 00:04:30,200 Thread-27 > [00:04:30] [Server-Worker-2/INFO]: [OptiFine] ConnectedTextures: optifine/ctm/default/13_glass_green/glass_pane_green.properties
2019-12-02 00:04:30,202 Thread-27 > [00:04:30] [Server-Worker-2/INFO]: [OptiFine] ConnectedTextures: optifine/ctm/default/14_glass_red/glass_pane_red.properties
2019-12-02 00:04:30,205 Thread-27 > [00:04:30] [Server-Worker-2/INFO]: [OptiFine] ConnectedTextures: optifine/ctm/default/14_glass_red/glass_red.properties
2019-12-02 00:04:30,206 Thread-27 > [00:04:30] [Server-Worker-2/INFO]: [OptiFine] ConnectedTextures: optifine/ctm/default/15_glass_black/glass_black.properties
2019-12-02 00:04:30,208 Thread-27 > [00:04:30] [Server-Worker-2/INFO]: [OptiFine] ConnectedTextures: optifine/ctm/default/15_glass_black/glass_pane_black.properties
2019-12-02 00:04:30,210 Thread-27 > [00:04:30] [Server-Worker-2/INFO]: [OptiFine] ConnectedTextures: optifine/ctm/default/20_glass/glass.properties
2019-12-02 00:04:30,212 Thread-27 > [00:04:30] [Server-Worker-2/INFO]: [OptiFine] ConnectedTextures: optifine/ctm/default/20_glass/glass_pane.properties
2019-12-02 00:04:30,214 Thread-27 > [00:04:30] [Server-Worker-2/INFO]: [OptiFine] ConnectedTextures: optifine/ctm/default/30_bookshelf/bookshelf.properties
2019-12-02 00:04:30,215 Thread-27 > [00:04:30] [Server-Worker-2/INFO]: [OptiFine] ConnectedTextures: optifine/ctm/default/40_sandstone/sandstone.properties
2019-12-02 00:04:30,217 Thread-27 > [00:04:30] [Server-Worker-2/INFO]: [OptiFine] ConnectedTextures: optifine/ctm/default/41_red_sandstone/red_sandstone.properties
2019-12-02 00:04:30,218 Thread-27 > [00:04:30] [Server-Worker-2/INFO]: [OptiFine] Multipass connected textures: false
2019-12-02 00:04:30,220 Thread-27 > [00:04:30] [Server-Worker-2/INFO]: [OptiFine] BetterGrass: Parsing default configuration optifine/bettergrass.properties
2019-12-02 00:04:32,892 Thread-27 > [00:04:32] [Server-Worker-2/INFO]: [OptiFine] Mipmap levels: 4
2019-12-02 00:04:34,891 Thread-27 > [00:04:34] [main/INFO]: OpenAL initialized.
2019-12-02 00:04:34,893 Thread-27 > [00:04:34] [main/INFO]: Sound engine started
2019-12-02 00:04:35,214 Thread-27 > [00:04:35] [main/INFO]: Created: 1024x512 textures-atlas
2019-12-02 00:04:35,300 Thread-27 > [00:04:35] [main/INFO]: [OptiFine] Animated sprites: 33
2019-12-02 00:04:35,732 Thread-27 > [00:04:35] [main/INFO]: Created: 256x256 textures/particle-atlas
2019-12-02 00:04:35,741 Thread-27 > [00:04:35] [main/INFO]: Created: 256x256 textures/painting-atlas
2019-12-02 00:04:35,743 Thread-27 > [00:04:35] [main/INFO]: Created: 128x128 textures/mob_effect-atlas
2019-12-02 00:04:35,745 Thread-27 > [00:04:35] [main/INFO]: [OptiFine] *** Reloading custom textures ***
2019-12-02 00:04:35,791 Thread-27 > [00:04:35] [main/INFO]: [OptiFine] Disable Forge light pipeline
2019-12-02 00:04:45,525 Thread-27 > [00:04:45] [main/WARN]: Ambiguity between arguments [teleport, destination] and [teleport, targets] with inputs: [Player, 0123, @e, dd12be42-52a9-4a91-a8a1-11c01849e498]
2019-12-02 00:04:45,528 Thread-27 > [00:04:45] [main/WARN]: Ambiguity between arguments [teleport, location] and [teleport, destination] with inputs: [0.1 -0.5 .9, 0 0 0]
2019-12-02 00:04:45,531 Thread-27 > [00:04:45] [main/WARN]: Ambiguity between arguments [teleport, location] and [teleport, targets] with inputs: [0.1 -0.5 .9, 0 0 0]
2019-12-02 00:04:45,533 Thread-27 > [00:04:45] [main/WARN]: Ambiguity between arguments [teleport, targets] and [teleport, destination] with inputs: [Player, 0123, dd12be42-52a9-4a91-a8a1-11c01849e498]
2019-12-02 00:04:45,536 Thread-27 > [00:04:45] [main/WARN]: Ambiguity between arguments [teleport, targets, location] and [teleport, targets, destination] with inputs: [0.1 -0.5 .9, 0 0 0]
2019-12-02 00:04:45,567 Thread-27 > [00:04:45] [Server thread/INFO]: Starting integrated minecraft server version 1.14.4
2019-12-02 00:04:45,570 Thread-27 > [00:04:45] [Server thread/INFO]: Generating keypair
2019-12-02 00:04:45,689 Thread-27 > [00:04:45] [Server thread/INFO]: Reloading ResourceManager: Default
2019-12-02 00:04:46,024 Thread-27 > [00:04:46] [Server thread/INFO]: Loaded 6 recipes
2019-12-02 00:04:46,368 Thread-27 > [00:04:46] [Server thread/INFO]: Loaded 811 advancements
2019-12-02 00:04:46,758 Thread-27 > [00:04:46] [Server thread/INFO]: Preparing start region for dimension minecraft:overworld
2019-12-02 00:04:48,514 Thread-27 > [00:04:48] [main/INFO]: Preparing spawn area: 0%
2019-12-02 00:04:48,516 Thread-27 > [00:04:48] [main/INFO]: Preparing spawn area: 0%
2019-12-02 00:04:48,517 Thread-27 > [00:04:48] [main/INFO]: Preparing spawn area: 0%
2019-12-02 00:04:48,518 Thread-27 > [00:04:48] [main/INFO]: Preparing spawn area: 0%
2019-12-02 00:04:52,249 Thread-27 > [00:04:52] [main/INFO]: Preparing spawn area: 0%
2019-12-02 00:04:52,250 Thread-27 > [00:04:52] [main/INFO]: Preparing spawn area: 0%
2019-12-02 00:04:52,251 Thread-27 > [00:04:52] [main/INFO]: Preparing spawn area: 0%
2019-12-02 00:04:52,253 Thread-27 > [00:04:52] [main/INFO]: Preparing spawn area: 0%
2019-12-02 00:04:52,254 Thread-27 > [00:04:52] [main/INFO]: Preparing spawn area: 0%
2019-12-02 00:04:52,257 Thread-27 > [00:04:52] [main/INFO]: Preparing spawn area: 0%
2019-12-02 00:04:52,259 Thread-27 > [00:04:52] [main/INFO]: Preparing spawn area: 0%
2019-12-02 00:04:52,276 Thread-27 > [00:04:52] [main/INFO]: Preparing spawn area: 0%
2019-12-02 00:04:52,950 Thread-27 > [00:04:52] [main/INFO]: Preparing spawn area: 84%
2019-12-02 00:04:52,977 Thread-27 > [00:04:52] [main/INFO]: Time elapsed: 6209 ms
2019-12-02 00:04:53,606 Thread-27 > [00:04:53] [Server thread/INFO]: Changing view distance to 6, from 10
2019-12-02 00:04:55,957 Thread-27 > [00:04:55] [Server thread/INFO]: Steven[local:E:b7ab7777] logged in with entity id 764 at (-186.71451098418387, 71.0, 143.5376759027357)
2019-12-02 00:04:55,992 Thread-27 > [00:04:55] [Server thread/INFO]: Steven joined the game
2019-12-02 00:04:56,343 Thread-27 > [00:04:56] [Server thread/INFO]: Saving and pausing game...
2019-12-02 00:04:56,498 Thread-27 > [00:04:56] [main/INFO]: Loaded 25 advancements
2019-12-02 00:04:56,537 Thread-27 > [00:04:56] [Server thread/INFO]: Saving chunks for level 'Island'/minecraft:overworld
2019-12-02 00:04:56,685 Thread-27 > [00:04:56] [main/INFO]: [STDOUT]: [TLSkinCape] Current Minecraft version is 1.14.4.
2019-12-02 00:04:56,687 Thread-27 > [00:04:56] [main/INFO]: [STDOUT]: [TLSkinCape] OptiFine detected.
2019-12-02 00:04:57,988 Thread-27 > [00:04:57] [Server thread/INFO]: Saving chunks for level 'Island'/minecraft:the_end
2019-12-02 00:04:57,993 Thread-27 > [00:04:57] [Server thread/INFO]: Saving chunks for level 'Island'/minecraft:the_nether
2019-12-02 00:04:58,017 Thread-27 > [00:04:58] [Server thread/WARN]: Can't keep up! Is the server overloaded? Running 2047ms or 40 ticks behind
2019-12-02 00:04:58,253 Thread-27 > [00:04:58] [main/INFO]: textures Steven was added, skin: true,cape: false, max waiting: 2 ,during : 1255 
2019-12-02 00:06:12,941 Thread-27 > [00:06:12] [main/INFO]: Loaded 26 advancements
2019-12-02 00:07:00,954 Thread-27 > [00:07:00] [main/INFO]: Loaded 28 advancements
2019-12-02 00:07:12,303 Thread-27 > [00:07:12] [Server thread/INFO]: Steven has made the advancement [Sweet Dreams]
2019-12-02 00:07:12,338 Thread-27 > [00:07:12] [main/INFO]: [CHAT] Steven has made the advancement [Sweet Dreams]
2019-12-02 00:07:12,356 Thread-27 > [00:07:12] [main/INFO]: Loaded 31 advancements
2019-12-02 00:07:43,308 Thread-27 > [00:07:43] [Server thread/WARN]: Fetching packet for removed entity atx['Air'/2673, l='Island', x=-197.80, y=69.00, z=176.84]
2019-12-02 00:08:18,893 Thread-27 > [00:08:18] [main/INFO]: Loaded 37 advancements
2019-12-02 00:09:12,997 Thread-27 > [00:09:12] [Server thread/WARN]: Fetching packet for removed entity atx['Air'/3266, l='Island', x=-197.80, y=69.00, z=177.97]
2019-12-02 00:09:51,902 Thread-27 > [00:09:51] [main/INFO]: Loaded 38 advancements
2019-12-02 00:09:59,099 Thread-27 > [00:09:59] [main/INFO]: Loaded 39 advancements
2019-12-02 00:13:49,541 Thread-27 > [00:13:49] [Server thread/INFO]: Steven has made the advancement [Isn't It Iron Pick]
2019-12-02 00:13:49,553 Thread-27 > [00:13:49] [main/INFO]: [CHAT] Steven has made the advancement [Isn't It Iron Pick]
2019-12-02 00:13:49,556 Thread-27 > [00:13:49] [main/INFO]: Loaded 47 advancements
2019-12-02 00:16:03,578 Thread-27 > [00:16:03] [Server thread/WARN]: Fetching packet for removed entity atx['Air'/5776, l='Island', x=-197.68, y=69.00, z=174.43]
2019-12-02 00:18:25,196 Thread-27 > [00:18:25] [Server thread/INFO]: Steven has made the advancement [Diamonds!]
2019-12-02 00:18:25,224 Thread-27 > [00:18:25] [main/INFO]: [CHAT] Steven has made the advancement [Diamonds!]
2019-12-02 00:18:25,227 Thread-27 > [00:18:25] [main/INFO]: Loaded 59 advancements
2019-12-02 00:18:28,486 Thread-27 > [00:18:28] [main/INFO]: Loaded 60 advancements
2019-12-02 00:18:54,289 Thread-27 > [00:18:54] [Server thread/INFO]: Steven has made the advancement [Suit Up]
2019-12-02 00:18:54,314 Thread-27 > [00:18:54] [main/INFO]: [CHAT] Steven has made the advancement [Suit Up]
2019-12-02 00:18:54,317 Thread-27 > [00:18:54] [main/INFO]: Loaded 62 advancements
2019-12-02 00:20:20,739 Thread-27 > [00:20:20] [main/INFO]: Loaded 64 advancements
2019-12-02 00:20:25,591 Thread-27 > [00:20:25] [Server thread/WARN]: Fetching packet for removed entity atx['Air'/7135, l='Island', x=-197.80, y=69.00, z=174.26]
2019-12-02 00:22:09,492 Thread-27 > [00:22:09] [Server thread/WARN]: Fetching packet for removed entity atx['Air'/7609, l='Island', x=-196.29, y=69.00, z=178.77]
2019-12-02 00:22:54,087 Thread-27 > [00:22:54] [Server thread/INFO]: [OptiFine] (Reflector) Class not present: net.minecraftforge.common.ForgeHooks
2019-12-02 00:23:05,995 Thread-27 > [00:23:05] [main/INFO]: Loaded 65 advancements
2019-12-02 00:27:31,579 Thread-27 > [00:27:31] [Server thread/WARN]: Fetching packet for removed entity atx['Air'/9636, l='Island', x=-197.80, y=69.00, z=173.66]
2019-12-02 00:35:36,699 Thread-27 > [00:35:36] [main/INFO]: Loaded 75 advancements
2019-12-02 00:37:32,408 Thread-27 > [00:37:32] [Server thread/INFO]: Steven has made the advancement [Take Aim]
2019-12-02 00:37:32,418 Thread-27 > [00:37:32] [main/INFO]: [CHAT] Steven has made the advancement [Take Aim]
2019-12-02 00:37:32,450 Thread-27 > [00:37:32] [main/INFO]: Loaded 78 advancements
2019-12-02 00:37:34,893 Thread-27 > [00:37:34] [Server thread/INFO]: Steven has made the advancement [Monster Hunter]
2019-12-02 00:37:34,900 Thread-27 > [00:37:34] [main/INFO]: [CHAT] Steven has made the advancement [Monster Hunter]
2019-12-02 00:37:34,950 Thread-27 > [00:37:34] [main/INFO]: Loaded 87 advancements
2019-12-02 00:38:07,996 Thread-27 > [00:38:07] [main/INFO]: Loaded 87 advancements
2019-12-02 00:38:42,257 Thread-27 > [00:38:42] [main/INFO]: Loaded 87 advancements
2019-12-02 00:38:50,990 Thread-27 > [00:38:50] [main/INFO]: Loaded 93 advancements
2019-12-02 00:39:27,237 Thread-27 > [00:39:27] [main/INFO]: Loaded 94 advancements
2019-12-02 00:40:02,721 Thread-27 > [00:40:02] [Server thread/INFO]: Saving and pausing game...
2019-12-02 00:40:02,748 Thread-27 > [00:40:02] [Server thread/INFO]: Saving chunks for level 'Island'/minecraft:overworld
2019-12-02 00:40:03,142 Thread-27 > [00:40:03] [Server thread/INFO]: Saving chunks for level 'Island'/minecraft:the_end
2019-12-02 00:40:03,143 Thread-27 > [00:40:03] [Server thread/INFO]: Saving chunks for level 'Island'/minecraft:the_nether
2019-12-02 00:40:15,636 Thread-27 > [00:40:15] [main/INFO]: Loaded 94 advancements
2019-12-02 00:40:29,642 Thread-27 > [00:40:29] [main/INFO]: Loaded 94 advancements
2019-12-02 00:40:49,842 Thread-27 > [00:40:49] [main/INFO]: Loaded 94 advancements
2019-12-02 00:41:19,691 Thread-27 > [00:41:19] [main/INFO]: Loaded 100 advancements
2019-12-02 00:42:48,562 Thread-27 > [00:42:48] [main/INFO]: Loaded 119 advancements
2019-12-02 00:42:55,848 Thread-27 > [00:42:55] [main/INFO]: Loaded 134 advancements
2019-12-02 00:43:31,870 Thread-27 > [00:43:31] [Server thread/INFO]: Saving and pausing game...
2019-12-02 00:43:31,914 Thread-27 > [00:43:31] [Server thread/INFO]: Saving chunks for level 'Island'/minecraft:overworld
2019-12-02 00:43:32,487 Thread-27 > [00:43:32] [Server thread/INFO]: Saving chunks for level 'Island'/minecraft:the_end
2019-12-02 00:43:32,488 Thread-27 > [00:43:32] [Server thread/INFO]: Saving chunks for level 'Island'/minecraft:the_nether
2019-12-02 00:43:32,511 Thread-27 > [00:43:32] [Server thread/INFO]: Steven lost connection: Disconnected
2019-12-02 00:43:32,512 Thread-27 > [00:43:32] [Server thread/INFO]: Steven left the game
2019-12-02 00:43:32,529 Thread-27 > [00:43:32] [Server thread/INFO]: Stopping singleplayer server as player logged out
2019-12-02 00:43:32,541 Thread-27 > [00:43:32] [Server thread/INFO]: Stopping server
2019-12-02 00:43:32,542 Thread-27 > [00:43:32] [Server thread/INFO]: Saving players
2019-12-02 00:43:32,543 Thread-27 > [00:43:32] [Server thread/INFO]: Saving worlds
2019-12-02 00:43:32,544 Thread-27 > [00:43:32] [Server thread/INFO]: Saving chunks for level 'Island'/minecraft:overworld
2019-12-02 00:43:32,859 Thread-27 > [00:43:32] [Server thread/INFO]: ThreadedAnvilChunkStorage (Island): All chunks are saved
2019-12-02 00:43:32,861 Thread-27 > [00:43:32] [Server thread/INFO]: Saving chunks for level 'Island'/minecraft:the_end
2019-12-02 00:43:32,862 Thread-27 > [00:43:32] [Server thread/INFO]: ThreadedAnvilChunkStorage (DIM1): All chunks are saved
2019-12-02 00:43:32,863 Thread-27 > [00:43:32] [Server thread/INFO]: Saving chunks for level 'Island'/minecraft:the_nether
2019-12-02 00:43:32,864 Thread-27 > [00:43:32] [Server thread/INFO]: ThreadedAnvilChunkStorage (DIM-1): All chunks are saved
2019-12-02 00:43:32,869 Thread-27 > [00:43:32] [Server thread/INFO]: ThreadedAnvilChunkStorage (Island): All chunks are saved
2019-12-02 00:43:32,883 Thread-27 > [00:43:32] [Server thread/INFO]: ThreadedAnvilChunkStorage (DIM1): All chunks are saved
2019-12-02 00:43:32,885 Thread-27 > [00:43:32] [Server thread/INFO]: ThreadedAnvilChunkStorage (DIM-1): All chunks are saved
2019-12-02 00:43:33,754 Thread-27 > [00:43:33] [main/INFO]: Stopping!
2019-12-02 00:43:34,544 Thread-27 Here I am!
2019-12-02 00:43:34,591 Thread-27 [VersionManager] Refreshing versions locally...
2019-12-02 00:43:34,624 Thread-27 [VersionManager] Versions has been refreshed (32 ms)
2019-12-02 00:43:34,642 Thread-27 [Launcher] Minecraft closed with exit code: 0
2019-12-02 00:43:34,643 LoopedThread#8 [Launcher] Launcher exited.
2019-12-02 00:43:36,178 AWT-EventQueue-0 Good bye!
2019-12-02 00:43:36,179 AWT-EventQueue-0 [TLauncherManager] before clearLibrary 
2019-12-02 00:43:36,181 AWT-EventQueue-0 [TLauncherManager] written:  []
2019-12-02 00:43:36,182 AWT-EventQueue-0 [TLauncherManager] after clearLibrary 
