2019-12-03 02:02:21,342 main [Loading] INITIALIZING
Starting TLauncher 2.67 RELEASE
For more information, visit https://tlauncher.org/
Startup time: Dec 3, 2019 2:02:19 AM
---
[Loading] LOADING_CONFIGURATION
Loading configuration from file: C:\Users\Ste-PC\AppData\Roaming\.tlauncher\tlauncher-2.0.properties
[Configuration] Constant values: {}
Machine info: -------------------------------------------------------
Windows 8.1 6.3, Java 1.8.0_51, jvm bit x64, 12162 MB RAM
java path=C:\Users\Ste-PC\AppData\Roaming\.tlauncher\jvms\jre1.8.0_51\bin\javaw.exe
Intel(R) Core(TM) i5-8300H CPU @ 2.30GHz
 Intel(R) UHD Graphics 630, Intel(R) UHD Graphics Family, 6209 MB, NVIDIA GeForce GTX 1050, GeForce GTX 1050, 10102 MB
-------------------------------------------------------
Selected locale: en_US
[Loading] LOADING_CONSOLE
[Swing] Favicons loaded: 256px, 128px, 96px, 64px, 48px, 32px, 24px, 16px


2019-12-03 02:02:21,342 main [Downloader2] Loaded configuration: good
2019-12-03 02:02:21,496 ExtendedThread#4 [Updater] Requesting an update...
2019-12-03 02:02:21,503 ExtendedThread#4 [Updater] Requesting from: http://repo.tlauncher.org/update/lch/update_2.0.json
2019-12-03 02:02:21,504 ExtendedThread#4 [Updater] Making request: http://repo.tlauncher.org/update/lch/update_2.0.json?version=2.67&client=49fddef2-7fd7-4e1b-b03a-a2418f93b47d
2019-12-03 02:02:21,636 main [Browser] Loading resources...
2019-12-03 02:02:21,794 JavaFX Application Thread [JFXStartPageLoader]  start load page: http://page.tlauncher.org/update/downloads/configs/client/eng.html
2019-12-03 02:02:21,798 main [Browser] Loading background...
2019-12-03 02:02:21,871 main [Browser] Cleaning up after loading:
2019-12-03 02:02:21,872 main Starting garbage collector: 31 / 153 MB
2019-12-03 02:02:21,938 main Garbage collector completed: 14 / 152 MB
2019-12-03 02:02:21,939 JavaFX Application Thread [Browser] Running in JavaFX Thread
2019-12-03 02:02:21,939 JavaFX Application Thread [Browser] Preparing JavaFX...
2019-12-03 02:02:21,939 main [Loading] LOADING_MANAGERS
2019-12-03 02:02:21,946 main [LocalVersionList] Base directory: C:\Users\Ste-PC\AppData\Roaming\.minecraft
2019-12-03 02:02:21,961 main [ProfileManager] Refreshing profiles from: C:\Users\Ste-PC\AppData\Roaming\.minecraft\TlauncherProfiles.json
2019-12-03 02:02:21,972 main [AdvertisingStatusObserver]  started to get ad information
2019-12-03 02:02:21,973 main [AdvertisingStatusObserver]  finished to get add information
2019-12-03 02:02:21,973 ExtendedThread#6 [GsonUtil]  request to http://repo.tlauncher.org/update/downloads/libraries/org/tlauncher/authlib/libraries-1.5.json
2019-12-03 02:02:21,980 main [Loading] LOADING_WINDOW
2019-12-03 02:02:22,038 JavaFX Application Thread [Browser] Initializing...
2019-12-03 02:02:22,047 ExtendedThread#4 [Updater] Request time: 544 ms
2019-12-03 02:02:22,048 ExtendedThread#4 [Updater] Successfully requested from: http://repo.tlauncher.org/update/lch/update_2.0.json
2019-12-03 02:02:22,132 main [Loading] PREPARING_MAINPANE
2019-12-03 02:02:22,536 ExtendedThread#7 [REPO][SERVER_LIST_REPO] Success: Reached the repo in 556 ms.
2019-12-03 02:02:22,855 main [Downloader2] Loaded configuration: good
2019-12-03 02:02:22,893 JavaFX Application Thread [JFXStartPageLoader]  succeeded load page: http://page.tlauncher.org/update/downloads/configs/client/eng.html during 1
2019-12-03 02:02:22,894 JavaFX Application Thread [Browser@198669074] Loaded successfully: "http://page.tlauncher.org/update/downloads/configs/client/eng.html"
2019-12-03 02:02:22,963 JavaFX Application Thread [Browser] add listens into server_choose
2019-12-03 02:02:22,963 JavaFX Application Thread [Browser] finished listens into server_choose
2019-12-03 02:02:24,109 main [Loading] POSTINIT_GUI
2019-12-03 02:02:24,109 main [Frame] Packing main frame...
2019-12-03 02:02:24,158 main [Frame] Resizing main pane...
2019-12-03 02:02:24,159 main Updater is already closed. Showing up...
2019-12-03 02:02:24,159 main Visibility set.
2019-12-03 02:02:24,161 main [Loading] REFRESHING_INFO
2019-12-03 02:02:24,163 ExtendedThread#6 [VersionManager] Refreshing versions remotely...
2019-12-03 02:02:24,163 ExtendedThread#7 [REPO][EXTRA_VERSION_REPO] Attempt #1; timeout: 45000 ms; url: http://repo.tlauncher.org/update/downloads/versions/new3/
2019-12-03 02:02:24,165 main Started! (3623 ms.)
2019-12-03 02:02:24,166 main [Loading] SUCCESS
2019-12-03 02:02:24,196 main [TLauncher] show tlauncher!!!
2019-12-03 02:02:24,197 main [Double running] clear time label
2019-12-03 02:02:24,286 AsyncObject#14 [REPO][EXTRA_VERSION_REPO] Attempt #1; timeout: 45000 ms; url: http://repo.tlauncher.org/update/downloads/versions/new3/
2019-12-03 02:02:24,289 AsyncObject#15 [REPO][SKIN_VERSION_REPO] Attempt #1; timeout: 45000 ms; url: http://repo.tlauncher.org/update/downloads/versions/new3/skin/versions/
2019-12-03 02:02:24,291 AsyncObject#13 [REPO][OFFICIAL_VERSION_REPO] Attempt #1; timeout: 45000 ms; url: https://launchermeta.mojang.com/mc/game/
2019-12-03 02:02:24,819 ExtendedThread#7 [REPO][EXTRA_VERSION_REPO] Success: Reached the repo in 655 ms.
2019-12-03 02:02:24,977 AsyncObject#15 [REPO][SKIN_VERSION_REPO] Success: Reached the repo in 687 ms.
2019-12-03 02:02:24,987 AsyncObject#14 [REPO][EXTRA_VERSION_REPO] Success: Reached the repo in 701 ms.
2019-12-03 02:02:25,000 AsyncObject#15 [SkinVersionList] Got in 711 ms
2019-12-03 02:02:25,025 AsyncObject#14 [ExtraVersionList] Got in 739 ms
2019-12-03 02:02:25,074 AsyncObject#13 [REPO][OFFICIAL_VERSION_REPO] Success: Reached the repo in 783 ms.
2019-12-03 02:02:25,150 AsyncObject#13 [OfficialVersionList] Got in 861 ms
2019-12-03 02:02:25,152 ExtendedThread#6 [VersionManager] Versions has been refreshed (910 ms)
2019-12-03 02:02:25,215 ExtendedThread#7 [REPO][ADD_HOT_SERVERS_REPO] Attempt #1; timeout: 45000 ms; url: http://repo.tlauncher.org/update/lch/additional_hot_servers.json
2019-12-03 02:02:25,219 ExtendedThread#18 [REPO][HOT_SERVERS_REPO] Attempt #1; timeout: 45000 ms; url: http://repo.tlauncher.org/update/lch/servers/hot_servers.json
2019-12-03 02:02:25,232 Thread-26 run server on  37842
2019-12-03 02:02:25,864 ExtendedThread#18 [REPO][HOT_SERVERS_REPO] Success: Reached the repo in 641 ms.
2019-12-03 02:02:25,895 ExtendedThread#7 [REPO][ADD_HOT_SERVERS_REPO] Success: Reached the repo in 676 ms.
2019-12-03 02:02:31,798 LoopedThread#8 [LoginForm] Login was OK. Trying to launch now.
2019-12-03 02:02:32,171 LoopedThread#8 [Launcher] Running under TLauncher 2.67
2019-12-03 02:02:32,174 LoopedThread#8 [Launcher] Collecting info...
2019-12-03 02:02:32,192 LoopedThread#8 [TLauncherManager] before clearLibrary 
2019-12-03 02:02:32,195 LoopedThread#8 [TLauncherManager] written:  []
2019-12-03 02:02:32,196 LoopedThread#8 [TLauncherManager] after clearLibrary 
2019-12-03 02:02:32,196 LoopedThread#8 [Launcher] Force update: false
2019-12-03 02:02:32,197 LoopedThread#8 [Launcher] Selected version: OptiFine 1.14.4
2019-12-03 02:02:32,198 LoopedThread#8 [Launcher] Selected account: Account{displayName=null, userid=null, uuid=null, username=Steven}
2019-12-03 02:02:32,201 LoopedThread#8 [Launcher] Version sync info: VersionSyncInfo{id='OptiFine 1.14.4',
local=CompleteVersion{id='OptiFine 1.14.4', time=Fri Jul 19 15:29:04 ICT 2019, release=Fri Jul 19 16:25:47 ICT 2019, type=modified, class=net.minecraft.launchwrapper.Launch, minimumVersion=21, assets='1.14', source=LOCAL_VERSION_REPO, list=net.minecraft.launcher.updater.ExtraVersionList@6d354762, libraries=[Library{name='optifine:OptiFine:1.14.4_HD_U_F4', rules=null, natives=null, extract=null, packed='null'}, Library{name='optifine:launchwrapper-of:2.1', rules=null, natives=null, extract=null, packed='null'}, Library{name='com.mojang:patchy:1.1', rules=null, natives=null, extract=null, packed='null'}, Library{name='oshi-project:oshi-core:1.1', rules=null, natives=null, extract=null, packed='null'}, Library{name='net.java.dev.jna:jna:4.4.0', rules=null, natives=null, extract=null, packed='null'}, Library{name='net.java.dev.jna:platform:3.4.0', rules=null, natives=null, extract=null, packed='null'}, Library{name='com.ibm.icu:icu4j-core-mojang:51.2', rules=null, natives=null, extract=null, packed='null'}, Library{name='com.mojang:javabridge:1.0.22', rules=null, natives=null, extract=null, packed='null'}, Library{name='net.sf.jopt-simple:jopt-simple:5.0.3', rules=null, natives=null, extract=null, packed='null'}, Library{name='io.netty:netty-all:4.1.25.Final', rules=null, natives=null, extract=null, packed='null'}, Library{name='com.google.guava:guava:21.0', rules=null, natives=null, extract=null, packed='null'}, Library{name='org.apache.commons:commons-lang3:3.5', rules=null, natives=null, extract=null, packed='null'}, Library{name='commons-io:commons-io:2.5', rules=null, natives=null, extract=null, packed='null'}, Library{name='commons-codec:commons-codec:1.10', rules=null, natives=null, extract=null, packed='null'}, Library{name='net.java.jinput:jinput:2.0.5', rules=null, natives=null, extract=null, packed='null'}, Library{name='net.java.jutils:jutils:1.0.0', rules=null, natives=null, extract=null, packed='null'}, Library{name='com.mojang:brigadier:1.0.17', rules=null, natives=null, extract=null, packed='null'}, Library{name='com.mojang:datafixerupper:2.0.24', rules=null, natives=null, extract=null, packed='null'}, Library{name='com.google.code.gson:gson:2.8.0', rules=null, natives=null, extract=null, packed='null'}, Library{name='com.mojang:authlib:1.5.25', rules=null, natives=null, extract=null, packed='null'}, Library{name='org.apache.commons:commons-compress:1.8.1', rules=null, natives=null, extract=null, packed='null'}, Library{name='org.apache.httpcomponents:httpclient:4.3.3', rules=null, natives=null, extract=null, packed='null'}, Library{name='commons-logging:commons-logging:1.1.3', rules=null, natives=null, extract=null, packed='null'}, Library{name='org.apache.httpcomponents:httpcore:4.3.2', rules=null, natives=null, extract=null, packed='null'}, Library{name='it.unimi.dsi:fastutil:8.2.1', rules=null, natives=null, extract=null, packed='null'}, Library{name='org.apache.logging.log4j:log4j-api:2.8.1', rules=null, natives=null, extract=null, packed='null'}, Library{name='org.apache.logging.log4j:log4j-core:2.8.1', rules=null, natives=null, extract=null, packed='null'}, Library{name='org.lwjgl:lwjgl:3.2.1', rules=[Rule{action=ALLOW, os=OSRestriction{name=OSX, version='null'}, features=null}], natives=null, extract=null, packed='null'}, Library{name='org.lwjgl:lwjgl:3.2.2', rules=[Rule{action=ALLOW, os=null, features=null}, Rule{action=DISALLOW, os=OSRestriction{name=OSX, version='null'}, features=null}], natives=null, extract=null, packed='null'}, Library{name='org.lwjgl:lwjgl-jemalloc:3.2.1', rules=[Rule{action=ALLOW, os=OSRestriction{name=OSX, version='null'}, features=null}], natives=null, extract=null, packed='null'}, Library{name='org.lwjgl:lwjgl-jemalloc:3.2.2', rules=[Rule{action=ALLOW, os=null, features=null}, Rule{action=DISALLOW, os=OSRestriction{name=OSX, version='null'}, features=null}], natives=null, extract=null, packed='null'}, Library{name='org.lwjgl:lwjgl-openal:3.2.1', rules=[Rule{action=ALLOW, os=OSRestriction{name=OSX, version='null'}, features=null}], natives=null, extract=null, packed='null'}, Library{name='org.lwjgl:lwjgl-openal:3.2.2', rules=[Rule{action=ALLOW, os=null, features=null}, Rule{action=DISALLOW, os=OSRestriction{name=OSX, version='null'}, features=null}], natives=null, extract=null, packed='null'}, Library{name='org.lwjgl:lwjgl-opengl:3.2.1', rules=[Rule{action=ALLOW, os=OSRestriction{name=OSX, version='null'}, features=null}], natives=null, extract=null, packed='null'}, Library{name='org.lwjgl:lwjgl-opengl:3.2.2', rules=[Rule{action=ALLOW, os=null, features=null}, Rule{action=DISALLOW, os=OSRestriction{name=OSX, version='null'}, features=null}], natives=null, extract=null, packed='null'}, Library{name='org.lwjgl:lwjgl-glfw:3.2.1', rules=[Rule{action=ALLOW, os=OSRestriction{name=OSX, version='null'}, features=null}], natives=null, extract=null, packed='null'}, Library{name='org.lwjgl:lwjgl-glfw:3.2.2', rules=[Rule{action=ALLOW, os=null, features=null}, Rule{action=DISALLOW, os=OSRestriction{name=OSX, version='null'}, features=null}], natives=null, extract=null, packed='null'}, Library{name='org.lwjgl:lwjgl-stb:3.2.1', rules=[Rule{action=ALLOW, os=OSRestriction{name=OSX, version='null'}, features=null}], natives=null, extract=null, packed='null'}, Library{name='org.lwjgl:lwjgl-stb:3.2.2', rules=[Rule{action=ALLOW, os=null, features=null}, Rule{action=DISALLOW, os=OSRestriction{name=OSX, version='null'}, features=null}], natives=null, extract=null, packed='null'}, Library{name='org.lwjgl:lwjgl:3.2.1', rules=[Rule{action=ALLOW, os=OSRestriction{name=OSX, version='null'}, features=null}], natives={OSX=natives-macos}, extract=null, packed='null'}, Library{name='org.lwjgl:lwjgl:3.2.2', rules=[Rule{action=ALLOW, os=null, features=null}, Rule{action=DISALLOW, os=OSRestriction{name=OSX, version='null'}, features=null}], natives={LINUX=natives-linux, WINDOWS=natives-windows}, extract=null, packed='null'}, Library{name='org.lwjgl:lwjgl-jemalloc:3.2.1', rules=[Rule{action=ALLOW, os=OSRestriction{name=OSX, version='null'}, features=null}], natives={OSX=natives-macos}, extract=null, packed='null'}, Library{name='org.lwjgl:lwjgl-jemalloc:3.2.2', rules=[Rule{action=ALLOW, os=null, features=null}, Rule{action=DISALLOW, os=OSRestriction{name=OSX, version='null'}, features=null}], natives={LINUX=natives-linux, WINDOWS=natives-windows}, extract=null, packed='null'}, Library{name='org.lwjgl:lwjgl-openal:3.2.1', rules=[Rule{action=ALLOW, os=OSRestriction{name=OSX, version='null'}, features=null}], natives={OSX=natives-macos}, extract=null, packed='null'}, Library{name='org.lwjgl:lwjgl-openal:3.2.2', rules=[Rule{action=ALLOW, os=null, features=null}, Rule{action=DISALLOW, os=OSRestriction{name=OSX, version='null'}, features=null}], natives={LINUX=natives-linux, WINDOWS=natives-windows}, extract=null, packed='null'}, Library{name='org.lwjgl:lwjgl-opengl:3.2.1', rules=[Rule{action=ALLOW, os=OSRestriction{name=OSX, version='null'}, features=null}], natives={OSX=natives-macos}, extract=null, packed='null'}, Library{name='org.lwjgl:lwjgl-opengl:3.2.2', rules=[Rule{action=ALLOW, os=null, features=null}, Rule{action=DISALLOW, os=OSRestriction{name=OSX, version='null'}, features=null}], natives={LINUX=natives-linux, WINDOWS=natives-windows}, extract=null, packed='null'}, Library{name='org.lwjgl:lwjgl-glfw:3.2.1', rules=[Rule{action=ALLOW, os=OSRestriction{name=OSX, version='null'}, features=null}], natives={OSX=natives-macos}, extract=null, packed='null'}, Library{name='org.lwjgl:lwjgl-glfw:3.2.2', rules=[Rule{action=ALLOW, os=null, features=null}, Rule{action=DISALLOW, os=OSRestriction{name=OSX, version='null'}, features=null}], natives={LINUX=natives-linux, WINDOWS=natives-windows}, extract=null, packed='null'}, Library{name='org.lwjgl:lwjgl-stb:3.2.1', rules=[Rule{action=ALLOW, os=OSRestriction{name=OSX, version='null'}, features=null}], natives={OSX=natives-macos}, extract=null, packed='null'}, Library{name='org.lwjgl:lwjgl-stb:3.2.2', rules=[Rule{action=ALLOW, os=null, features=null}, Rule{action=DISALLOW, os=OSRestriction{name=OSX, version='null'}, features=null}], natives={LINUX=natives-linux, WINDOWS=natives-windows}, extract=null, packed='null'}, Library{name='com.mojang:text2speech:1.11.3', rules=null, natives=null, extract=null, packed='null'}, Library{name='com.mojang:text2speech:1.11.3', rules=null, natives={LINUX=natives-linux, WINDOWS=natives-windows}, extract=net.minecraft.launcher.versions.ExtractRules@6049ad14, packed='null'}, Library{name='ca.weblite:java-objc-bridge:1.0.0', rules=[Rule{action=ALLOW, os=OSRestriction{name=OSX, version='null'}, features=null}], natives={OSX=natives-osx}, extract=net.minecraft.launcher.versions.ExtractRules@4912f28e, packed='null'}, Library{name='ca.weblite:java-objc-bridge:1.0.0', rules=[Rule{action=ALLOW, os=OSRestriction{name=OSX, version='null'}, features=null}], natives=null, extract=null, packed='null'}]},
remote=PartialVersion{id='OptiFine 1.14.4', time=Fri Jul 19 15:29:04 ICT 2019, release=Fri Jul 19 15:25:48 ICT 2019, type=modified, source=EXTRA_VERSION_REPO, skinVersion=true, list=net.minecraft.launcher.updater.ExtraVersionList@6d354762}, isInstalled=true, hasRemote=true, isUpToDate=true}
2019-12-03 02:02:32,311 LoopedThread#8 [Launcher] Java path: C:\Users\Ste-PC\AppData\Roaming\.tlauncher\jvms\jre1.8.0_51\bin\javaw.exe
2019-12-03 02:02:32,313 LoopedThread#8 [Launcher] Checking conditions...
2019-12-03 02:02:32,319 LoopedThread#8 [Launcher] Comparing assets...
2019-12-03 02:02:32,320 LoopedThread#8 [AssetsManager] Checking resources...
2019-12-03 02:02:32,321 LoopedThread#8 [AssetsManager] Reading indexes from file C:\Users\Ste-PC\AppData\Roaming\.minecraft\assets\indexes\1.14.json
2019-12-03 02:02:32,335 LoopedThread#8 [AssetsManager] Fast comparing: true
2019-12-03 02:02:32,578 LoopedThread#8 [Launcher] Delta time to compare assets: 257 ms.
2019-12-03 02:02:32,579 LoopedThread#8 [TLauncherManager] add required libraries: OptiFine 1.14.4
2019-12-03 02:02:32,808 LoopedThread#8 [VersionManager] Required for version OptiFine 1.14.4: []
2019-12-03 02:02:32,810 LoopedThread#8 [Modpack]  got container
2019-12-03 02:02:32,837 LoopedThread#8 [VersionManager] Refreshing versions locally...
2019-12-03 02:02:32,848 LoopedThread#8 [VersionManager] Versions has been refreshed (10 ms)
2019-12-03 02:02:32,860 LoopedThread#8 [Launcher] Error occurred:
org.tlauncher.tlauncher.minecraft.launcher.MinecraftLauncher$MinecraftLauncherAborted: shown skin message
at org.tlauncher.tlauncher.minecraft.launcher.MinecraftLauncher.beforeRunTLauncherSkinVersion(MinecraftLauncher.java:814)
at org.tlauncher.tlauncher.minecraft.launcher.MinecraftLauncher.start(MinecraftLauncher.java:247)
at org.tlauncher.tlauncher.rmo.TLauncher.launch(TLauncher.java:565)
at org.tlauncher.tlauncher.ui.login.LoginForm.runProcess(LoginForm.java:183)
at org.tlauncher.tlauncher.ui.login.LoginForm.access$000(LoginForm.java:38)
at org.tlauncher.tlauncher.ui.login.LoginForm$StartThread.iterateOnce(LoginForm.java:256)
at org.tlauncher.util.async.LoopedThread.run(LoopedThread.java:38)
Thread called by: org.tlauncher.util.async.ExtendedThread$ExtendedThreadCaller
at org.tlauncher.util.async.ExtendedThread.<init>(ExtendedThread.java:17)
at org.tlauncher.util.async.LoopedThread.<init>(LoopedThread.java:7)
at org.tlauncher.util.async.LoopedThread.<init>(LoopedThread.java:11)
at org.tlauncher.tlauncher.ui.login.LoginForm$StartThread.<init>(LoginForm.java:249)
at org.tlauncher.tlauncher.ui.login.LoginForm.<init>(LoginForm.java:82)
at org.tlauncher.tlauncher.ui.scenes.DefaultScene.<init>(DefaultScene.java:47)
at org.tlauncher.tlauncher.ui.MainPane.<init>(MainPane.java:52)
at org.tlauncher.tlauncher.ui.TLauncherFrame.<init>(TLauncherFrame.java:93)
at org.tlauncher.tlauncher.rmo.TLauncher.launch(TLauncher.java:370)
at org.tlauncher.tlauncher.rmo.TLauncher.main(TLauncher.java:230)

2019-12-03 02:02:32,952 LoopedThread#8 [Launcher] Launcher exited.
2019-12-03 02:02:37,342 AWT-EventQueue-0 Good bye!
2019-12-03 02:02:37,343 AWT-EventQueue-0 [TLauncherManager] before clearLibrary 
2019-12-03 02:02:37,347 AWT-EventQueue-0 [TLauncherManager] written:  []
2019-12-03 02:02:37,349 AWT-EventQueue-0 [TLauncherManager] after clearLibrary 
