2019-12-03 23:02:48,311 main [Loading] INITIALIZING
Starting TLauncher 2.67 RELEASE
For more information, visit https://tlauncher.org/
Startup time: Dec 3, 2019 11:02:47 PM
---
[Loading] LOADING_CONFIGURATION
Loading configuration from file: C:\Users\Ste-PC\AppData\Roaming\.tlauncher\tlauncher-2.0.properties
[Configuration] Constant values: {}
Machine info: -------------------------------------------------------
Windows 8.1 6.3, Java 1.8.0_51, jvm bit x64, 12162 MB RAM
java path=C:\Users\Ste-PC\AppData\Roaming\.tlauncher\jvms\jre1.8.0_51\bin\javaw.exe
Intel(R) Core(TM) i5-8300H CPU @ 2.30GHz
 Intel(R) UHD Graphics 630, Intel(R) UHD Graphics Family, 6209 MB, NVIDIA GeForce GTX 1050, GeForce GTX 1050, 10102 MB
-------------------------------------------------------
Selected locale: en_US
[Loading] LOADING_CONSOLE
[Swing] Favicons loaded: 256px, 128px, 96px, 64px, 48px, 32px, 24px, 16px


2019-12-03 23:02:48,311 main [Downloader2] Loaded configuration: good
2019-12-03 23:02:48,433 ExtendedThread#4 [Updater] Requesting an update...
2019-12-03 23:02:48,435 ExtendedThread#4 [Updater] Requesting from: http://repo.tlauncher.org/update/lch/update_2.0.json
2019-12-03 23:02:48,436 ExtendedThread#4 [Updater] Making request: http://repo.tlauncher.org/update/lch/update_2.0.json?version=2.67&client=49fddef2-7fd7-4e1b-b03a-a2418f93b47d
2019-12-03 23:02:48,595 main [Browser] Loading resources...
2019-12-03 23:02:48,696 main [Browser] Loading background...
2019-12-03 23:02:48,754 main [Browser] Cleaning up after loading:
2019-12-03 23:02:48,754 main Starting garbage collector: 29 / 153 MB
2019-12-03 23:02:48,802 main Garbage collector completed: 14 / 153 MB
2019-12-03 23:02:48,804 main [Loading] LOADING_MANAGERS
2019-12-03 23:02:48,810 main [LocalVersionList] Base directory: C:\Users\Ste-PC\AppData\Roaming\.minecraft
2019-12-03 23:02:48,821 main [ProfileManager] Refreshing profiles from: C:\Users\Ste-PC\AppData\Roaming\.minecraft\TlauncherProfiles.json
2019-12-03 23:02:48,839 JavaFX Application Thread [JFXStartPageLoader]  start load page: http://page.tlauncher.org/update/downloads/configs/client/eng.html
2019-12-03 23:02:48,844 main [AdvertisingStatusObserver]  started to get ad information
2019-12-03 23:02:48,844 main [AdvertisingStatusObserver]  finished to get add information
2019-12-03 23:02:48,844 ExtendedThread#6 [GsonUtil]  request to http://repo.tlauncher.org/update/downloads/libraries/org/tlauncher/authlib/libraries-1.5.json
2019-12-03 23:02:48,849 ExtendedThread#4 [Updater] Request time: 414 ms
2019-12-03 23:02:48,850 ExtendedThread#4 [Updater] Successfully requested from: http://repo.tlauncher.org/update/lch/update_2.0.json
2019-12-03 23:02:48,850 main [Loading] LOADING_WINDOW
2019-12-03 23:02:48,861 JavaFX Application Thread [Browser] Running in JavaFX Thread
2019-12-03 23:02:48,862 JavaFX Application Thread [Browser] Preparing JavaFX...
2019-12-03 23:02:48,877 main [Loading] PREPARING_MAINPANE
2019-12-03 23:02:48,934 JavaFX Application Thread [Browser] Initializing...
2019-12-03 23:02:49,208 ExtendedThread#7 [REPO][SERVER_LIST_REPO] Success: Reached the repo in 357 ms.
2019-12-03 23:02:49,761 main [Downloader2] Loaded configuration: good
2019-12-03 23:02:49,937 JavaFX Application Thread [JFXStartPageLoader]  succeeded load page: http://page.tlauncher.org/update/downloads/configs/client/eng.html during 1
2019-12-03 23:02:49,937 JavaFX Application Thread [Browser@2084418553] Loaded successfully: "http://page.tlauncher.org/update/downloads/configs/client/eng.html"
2019-12-03 23:02:50,003 JavaFX Application Thread [Browser] add listens into server_choose
2019-12-03 23:02:50,003 JavaFX Application Thread [Browser] finished listens into server_choose
2019-12-03 23:02:50,928 main [Loading] POSTINIT_GUI
2019-12-03 23:02:50,928 main [Frame] Packing main frame...
2019-12-03 23:02:51,010 main [Frame] Resizing main pane...
2019-12-03 23:02:51,011 main Updater is already closed. Showing up...
2019-12-03 23:02:51,011 main Visibility set.
2019-12-03 23:02:51,012 main [Loading] REFRESHING_INFO
2019-12-03 23:02:51,014 ExtendedThread#6 [VersionManager] Refreshing versions remotely...
2019-12-03 23:02:51,014 ExtendedThread#4 [REPO][EXTRA_VERSION_REPO] Attempt #1; timeout: 45000 ms; url: http://repo.tlauncher.org/update/downloads/versions/new3/
2019-12-03 23:02:51,015 main Started! (3260 ms.)
2019-12-03 23:02:51,015 main [Loading] SUCCESS
2019-12-03 23:02:51,064 main [TLauncher] show tlauncher!!!
2019-12-03 23:02:51,065 main [Double running] clear time label
2019-12-03 23:02:51,448 AsyncObject#14 [REPO][OFFICIAL_VERSION_REPO] Attempt #1; timeout: 45000 ms; url: https://launchermeta.mojang.com/mc/game/
2019-12-03 23:02:51,448 AsyncObject#16 [REPO][SKIN_VERSION_REPO] Attempt #1; timeout: 45000 ms; url: http://repo.tlauncher.org/update/downloads/versions/new3/skin/versions/
2019-12-03 23:02:51,451 AsyncObject#15 [REPO][EXTRA_VERSION_REPO] Attempt #1; timeout: 45000 ms; url: http://repo.tlauncher.org/update/downloads/versions/new3/
2019-12-03 23:02:51,476 ExtendedThread#4 [REPO][EXTRA_VERSION_REPO] Success: Reached the repo in 461 ms.
2019-12-03 23:02:52,068 AsyncObject#15 [REPO][EXTRA_VERSION_REPO] Success: Reached the repo in 613 ms.
2019-12-03 23:02:52,077 AsyncObject#14 [REPO][OFFICIAL_VERSION_REPO] Success: Reached the repo in 629 ms.
2019-12-03 23:02:52,111 AsyncObject#15 [ExtraVersionList] Got in 663 ms
2019-12-03 23:02:52,185 AsyncObject#14 [OfficialVersionList] Got in 737 ms
2019-12-03 23:02:52,369 AsyncObject#16 [REPO][SKIN_VERSION_REPO] Success: Reached the repo in 918 ms.
2019-12-03 23:02:52,375 AsyncObject#16 [SkinVersionList] Got in 927 ms
2019-12-03 23:02:52,377 ExtendedThread#6 [VersionManager] Versions has been refreshed (974 ms)
2019-12-03 23:02:52,489 ExtendedThread#13 [REPO][ADD_HOT_SERVERS_REPO] Attempt #1; timeout: 45000 ms; url: http://repo.tlauncher.org/update/lch/additional_hot_servers.json
2019-12-03 23:02:52,493 ExtendedThread#4 [REPO][HOT_SERVERS_REPO] Attempt #1; timeout: 45000 ms; url: http://repo.tlauncher.org/update/lch/servers/hot_servers.json
2019-12-03 23:02:52,508 Thread-25 run server on  37842
2019-12-03 23:02:53,068 ExtendedThread#13 [REPO][ADD_HOT_SERVERS_REPO] Success: Reached the repo in 575 ms.
2019-12-03 23:02:53,114 ExtendedThread#4 [REPO][HOT_SERVERS_REPO] Success: Reached the repo in 617 ms.
2019-12-03 23:02:56,755 LoopedThread#8 [LoginForm] Login was OK. Trying to launch now.
2019-12-03 23:02:57,103 LoopedThread#8 [Launcher] Running under TLauncher 2.67
2019-12-03 23:02:57,106 LoopedThread#8 [Launcher] Collecting info...
2019-12-03 23:02:57,124 LoopedThread#8 [TLauncherManager] before clearLibrary 
2019-12-03 23:02:57,126 LoopedThread#8 [TLauncherManager] written:  []
2019-12-03 23:02:57,127 LoopedThread#8 [TLauncherManager] after clearLibrary 
2019-12-03 23:02:57,127 LoopedThread#8 [Launcher] Force update: false
2019-12-03 23:02:57,128 LoopedThread#8 [Launcher] Selected version: OptiFine 1.14.4
2019-12-03 23:02:57,128 LoopedThread#8 [Launcher] Selected account: Account{displayName=null, userid=null, uuid=null, username=Steven}
2019-12-03 23:02:57,130 LoopedThread#8 [Launcher] Version sync info: VersionSyncInfo{id='OptiFine 1.14.4',
local=CompleteVersion{id='OptiFine 1.14.4', time=Fri Jul 19 15:29:04 ICT 2019, release=Fri Jul 19 16:25:47 ICT 2019, type=modified, class=net.minecraft.launchwrapper.Launch, minimumVersion=21, assets='1.14', source=LOCAL_VERSION_REPO, list=net.minecraft.launcher.updater.ExtraVersionList@6aaf742c, libraries=[Library{name='optifine:OptiFine:1.14.4_HD_U_F4', rules=null, natives=null, extract=null, packed='null'}, Library{name='optifine:launchwrapper-of:2.1', rules=null, natives=null, extract=null, packed='null'}, Library{name='com.mojang:patchy:1.1', rules=null, natives=null, extract=null, packed='null'}, Library{name='oshi-project:oshi-core:1.1', rules=null, natives=null, extract=null, packed='null'}, Library{name='net.java.dev.jna:jna:4.4.0', rules=null, natives=null, extract=null, packed='null'}, Library{name='net.java.dev.jna:platform:3.4.0', rules=null, natives=null, extract=null, packed='null'}, Library{name='com.ibm.icu:icu4j-core-mojang:51.2', rules=null, natives=null, extract=null, packed='null'}, Library{name='com.mojang:javabridge:1.0.22', rules=null, natives=null, extract=null, packed='null'}, Library{name='net.sf.jopt-simple:jopt-simple:5.0.3', rules=null, natives=null, extract=null, packed='null'}, Library{name='io.netty:netty-all:4.1.25.Final', rules=null, natives=null, extract=null, packed='null'}, Library{name='com.google.guava:guava:21.0', rules=null, natives=null, extract=null, packed='null'}, Library{name='org.apache.commons:commons-lang3:3.5', rules=null, natives=null, extract=null, packed='null'}, Library{name='commons-io:commons-io:2.5', rules=null, natives=null, extract=null, packed='null'}, Library{name='commons-codec:commons-codec:1.10', rules=null, natives=null, extract=null, packed='null'}, Library{name='net.java.jinput:jinput:2.0.5', rules=null, natives=null, extract=null, packed='null'}, Library{name='net.java.jutils:jutils:1.0.0', rules=null, natives=null, extract=null, packed='null'}, Library{name='com.mojang:brigadier:1.0.17', rules=null, natives=null, extract=null, packed='null'}, Library{name='com.mojang:datafixerupper:2.0.24', rules=null, natives=null, extract=null, packed='null'}, Library{name='com.google.code.gson:gson:2.8.0', rules=null, natives=null, extract=null, packed='null'}, Library{name='com.mojang:authlib:1.5.25', rules=null, natives=null, extract=null, packed='null'}, Library{name='org.apache.commons:commons-compress:1.8.1', rules=null, natives=null, extract=null, packed='null'}, Library{name='org.apache.httpcomponents:httpclient:4.3.3', rules=null, natives=null, extract=null, packed='null'}, Library{name='commons-logging:commons-logging:1.1.3', rules=null, natives=null, extract=null, packed='null'}, Library{name='org.apache.httpcomponents:httpcore:4.3.2', rules=null, natives=null, extract=null, packed='null'}, Library{name='it.unimi.dsi:fastutil:8.2.1', rules=null, natives=null, extract=null, packed='null'}, Library{name='org.apache.logging.log4j:log4j-api:2.8.1', rules=null, natives=null, extract=null, packed='null'}, Library{name='org.apache.logging.log4j:log4j-core:2.8.1', rules=null, natives=null, extract=null, packed='null'}, Library{name='org.lwjgl:lwjgl:3.2.1', rules=[Rule{action=ALLOW, os=OSRestriction{name=OSX, version='null'}, features=null}], natives=null, extract=null, packed='null'}, Library{name='org.lwjgl:lwjgl:3.2.2', rules=[Rule{action=ALLOW, os=null, features=null}, Rule{action=DISALLOW, os=OSRestriction{name=OSX, version='null'}, features=null}], natives=null, extract=null, packed='null'}, Library{name='org.lwjgl:lwjgl-jemalloc:3.2.1', rules=[Rule{action=ALLOW, os=OSRestriction{name=OSX, version='null'}, features=null}], natives=null, extract=null, packed='null'}, Library{name='org.lwjgl:lwjgl-jemalloc:3.2.2', rules=[Rule{action=ALLOW, os=null, features=null}, Rule{action=DISALLOW, os=OSRestriction{name=OSX, version='null'}, features=null}], natives=null, extract=null, packed='null'}, Library{name='org.lwjgl:lwjgl-openal:3.2.1', rules=[Rule{action=ALLOW, os=OSRestriction{name=OSX, version='null'}, features=null}], natives=null, extract=null, packed='null'}, Library{name='org.lwjgl:lwjgl-openal:3.2.2', rules=[Rule{action=ALLOW, os=null, features=null}, Rule{action=DISALLOW, os=OSRestriction{name=OSX, version='null'}, features=null}], natives=null, extract=null, packed='null'}, Library{name='org.lwjgl:lwjgl-opengl:3.2.1', rules=[Rule{action=ALLOW, os=OSRestriction{name=OSX, version='null'}, features=null}], natives=null, extract=null, packed='null'}, Library{name='org.lwjgl:lwjgl-opengl:3.2.2', rules=[Rule{action=ALLOW, os=null, features=null}, Rule{action=DISALLOW, os=OSRestriction{name=OSX, version='null'}, features=null}], natives=null, extract=null, packed='null'}, Library{name='org.lwjgl:lwjgl-glfw:3.2.1', rules=[Rule{action=ALLOW, os=OSRestriction{name=OSX, version='null'}, features=null}], natives=null, extract=null, packed='null'}, Library{name='org.lwjgl:lwjgl-glfw:3.2.2', rules=[Rule{action=ALLOW, os=null, features=null}, Rule{action=DISALLOW, os=OSRestriction{name=OSX, version='null'}, features=null}], natives=null, extract=null, packed='null'}, Library{name='org.lwjgl:lwjgl-stb:3.2.1', rules=[Rule{action=ALLOW, os=OSRestriction{name=OSX, version='null'}, features=null}], natives=null, extract=null, packed='null'}, Library{name='org.lwjgl:lwjgl-stb:3.2.2', rules=[Rule{action=ALLOW, os=null, features=null}, Rule{action=DISALLOW, os=OSRestriction{name=OSX, version='null'}, features=null}], natives=null, extract=null, packed='null'}, Library{name='org.lwjgl:lwjgl:3.2.1', rules=[Rule{action=ALLOW, os=OSRestriction{name=OSX, version='null'}, features=null}], natives={OSX=natives-macos}, extract=null, packed='null'}, Library{name='org.lwjgl:lwjgl:3.2.2', rules=[Rule{action=ALLOW, os=null, features=null}, Rule{action=DISALLOW, os=OSRestriction{name=OSX, version='null'}, features=null}], natives={LINUX=natives-linux, WINDOWS=natives-windows}, extract=null, packed='null'}, Library{name='org.lwjgl:lwjgl-jemalloc:3.2.1', rules=[Rule{action=ALLOW, os=OSRestriction{name=OSX, version='null'}, features=null}], natives={OSX=natives-macos}, extract=null, packed='null'}, Library{name='org.lwjgl:lwjgl-jemalloc:3.2.2', rules=[Rule{action=ALLOW, os=null, features=null}, Rule{action=DISALLOW, os=OSRestriction{name=OSX, version='null'}, features=null}], natives={LINUX=natives-linux, WINDOWS=natives-windows}, extract=null, packed='null'}, Library{name='org.lwjgl:lwjgl-openal:3.2.1', rules=[Rule{action=ALLOW, os=OSRestriction{name=OSX, version='null'}, features=null}], natives={OSX=natives-macos}, extract=null, packed='null'}, Library{name='org.lwjgl:lwjgl-openal:3.2.2', rules=[Rule{action=ALLOW, os=null, features=null}, Rule{action=DISALLOW, os=OSRestriction{name=OSX, version='null'}, features=null}], natives={LINUX=natives-linux, WINDOWS=natives-windows}, extract=null, packed='null'}, Library{name='org.lwjgl:lwjgl-opengl:3.2.1', rules=[Rule{action=ALLOW, os=OSRestriction{name=OSX, version='null'}, features=null}], natives={OSX=natives-macos}, extract=null, packed='null'}, Library{name='org.lwjgl:lwjgl-opengl:3.2.2', rules=[Rule{action=ALLOW, os=null, features=null}, Rule{action=DISALLOW, os=OSRestriction{name=OSX, version='null'}, features=null}], natives={LINUX=natives-linux, WINDOWS=natives-windows}, extract=null, packed='null'}, Library{name='org.lwjgl:lwjgl-glfw:3.2.1', rules=[Rule{action=ALLOW, os=OSRestriction{name=OSX, version='null'}, features=null}], natives={OSX=natives-macos}, extract=null, packed='null'}, Library{name='org.lwjgl:lwjgl-glfw:3.2.2', rules=[Rule{action=ALLOW, os=null, features=null}, Rule{action=DISALLOW, os=OSRestriction{name=OSX, version='null'}, features=null}], natives={LINUX=natives-linux, WINDOWS=natives-windows}, extract=null, packed='null'}, Library{name='org.lwjgl:lwjgl-stb:3.2.1', rules=[Rule{action=ALLOW, os=OSRestriction{name=OSX, version='null'}, features=null}], natives={OSX=natives-macos}, extract=null, packed='null'}, Library{name='org.lwjgl:lwjgl-stb:3.2.2', rules=[Rule{action=ALLOW, os=null, features=null}, Rule{action=DISALLOW, os=OSRestriction{name=OSX, version='null'}, features=null}], natives={LINUX=natives-linux, WINDOWS=natives-windows}, extract=null, packed='null'}, Library{name='com.mojang:text2speech:1.11.3', rules=null, natives=null, extract=null, packed='null'}, Library{name='com.mojang:text2speech:1.11.3', rules=null, natives={LINUX=natives-linux, WINDOWS=natives-windows}, extract=net.minecraft.launcher.versions.ExtractRules@500334ea, packed='null'}, Library{name='ca.weblite:java-objc-bridge:1.0.0', rules=[Rule{action=ALLOW, os=OSRestriction{name=OSX, version='null'}, features=null}], natives={OSX=natives-osx}, extract=net.minecraft.launcher.versions.ExtractRules@560e8656, packed='null'}, Library{name='ca.weblite:java-objc-bridge:1.0.0', rules=[Rule{action=ALLOW, os=OSRestriction{name=OSX, version='null'}, features=null}], natives=null, extract=null, packed='null'}]},
remote=PartialVersion{id='OptiFine 1.14.4', time=Fri Jul 19 15:29:04 ICT 2019, release=Fri Jul 19 15:25:48 ICT 2019, type=modified, source=EXTRA_VERSION_REPO, skinVersion=true, list=net.minecraft.launcher.updater.ExtraVersionList@6aaf742c}, isInstalled=true, hasRemote=true, isUpToDate=true}
2019-12-03 23:02:57,218 LoopedThread#8 [Launcher] Java path: C:\Users\Ste-PC\AppData\Roaming\.tlauncher\jvms\jre1.8.0_51\bin\javaw.exe
2019-12-03 23:02:57,220 LoopedThread#8 [Launcher] Checking conditions...
2019-12-03 23:02:57,224 LoopedThread#8 [Launcher] Comparing assets...
2019-12-03 23:02:57,224 LoopedThread#8 [AssetsManager] Checking resources...
2019-12-03 23:02:57,225 LoopedThread#8 [AssetsManager] Reading indexes from file C:\Users\Ste-PC\AppData\Roaming\.minecraft\assets\indexes\1.14.json
2019-12-03 23:02:57,243 LoopedThread#8 [AssetsManager] Fast comparing: true
2019-12-03 23:02:57,486 LoopedThread#8 [Launcher] Delta time to compare assets: 262 ms.
2019-12-03 23:02:57,487 LoopedThread#8 [TLauncherManager] add required libraries: OptiFine 1.14.4
2019-12-03 23:02:58,356 LoopedThread#8 [VersionManager] Required for version OptiFine 1.14.4: []
2019-12-03 23:02:58,358 LoopedThread#8 [Modpack]  got container
2019-12-03 23:02:58,375 LoopedThread#8 [VersionManager] Refreshing versions locally...
2019-12-03 23:02:58,385 LoopedThread#8 [VersionManager] Versions has been refreshed (9 ms)
2019-12-03 23:02:58,394 LoopedThread#8 [Launcher] Error occurred:
org.tlauncher.tlauncher.minecraft.launcher.MinecraftLauncher$MinecraftLauncherAborted: shown skin message
at org.tlauncher.tlauncher.minecraft.launcher.MinecraftLauncher.beforeRunTLauncherSkinVersion(MinecraftLauncher.java:814)
at org.tlauncher.tlauncher.minecraft.launcher.MinecraftLauncher.start(MinecraftLauncher.java:247)
at org.tlauncher.tlauncher.rmo.TLauncher.launch(TLauncher.java:565)
at org.tlauncher.tlauncher.ui.login.LoginForm.runProcess(LoginForm.java:183)
at org.tlauncher.tlauncher.ui.login.LoginForm.access$000(LoginForm.java:38)
at org.tlauncher.tlauncher.ui.login.LoginForm$StartThread.iterateOnce(LoginForm.java:256)
at org.tlauncher.util.async.LoopedThread.run(LoopedThread.java:38)
Thread called by: org.tlauncher.util.async.ExtendedThread$ExtendedThreadCaller
at org.tlauncher.util.async.ExtendedThread.<init>(ExtendedThread.java:17)
at org.tlauncher.util.async.LoopedThread.<init>(LoopedThread.java:7)
at org.tlauncher.util.async.LoopedThread.<init>(LoopedThread.java:11)
at org.tlauncher.tlauncher.ui.login.LoginForm$StartThread.<init>(LoginForm.java:249)
at org.tlauncher.tlauncher.ui.login.LoginForm.<init>(LoginForm.java:82)
at org.tlauncher.tlauncher.ui.scenes.DefaultScene.<init>(DefaultScene.java:47)
at org.tlauncher.tlauncher.ui.MainPane.<init>(MainPane.java:52)
at org.tlauncher.tlauncher.ui.TLauncherFrame.<init>(TLauncherFrame.java:93)
at org.tlauncher.tlauncher.rmo.TLauncher.launch(TLauncher.java:370)
at org.tlauncher.tlauncher.rmo.TLauncher.main(TLauncher.java:230)

2019-12-03 23:02:58,467 LoopedThread#8 [Launcher] Launcher exited.
2019-12-03 23:03:10,812 LoopedThread#8 [LoginForm] Login was OK. Trying to launch now.
2019-12-03 23:03:11,133 LoopedThread#8 [Launcher] Running under TLauncher 2.67
2019-12-03 23:03:11,134 LoopedThread#8 [Launcher] Collecting info...
2019-12-03 23:03:11,145 LoopedThread#8 [TLauncherManager] before clearLibrary 
2019-12-03 23:03:11,146 LoopedThread#8 [TLauncherManager] written:  []
2019-12-03 23:03:11,147 LoopedThread#8 [TLauncherManager] after clearLibrary 
2019-12-03 23:03:11,148 LoopedThread#8 [Launcher] Force update: false
2019-12-03 23:03:11,148 LoopedThread#8 [Launcher] Selected version: OptiFine 1.14.4
2019-12-03 23:03:11,149 LoopedThread#8 [Launcher] Selected account: Account{displayName=null, userid=null, uuid=null, username=Steven}
2019-12-03 23:03:11,150 LoopedThread#8 [Launcher] Version sync info: VersionSyncInfo{id='OptiFine 1.14.4',
local=CompleteVersion{id='OptiFine 1.14.4', time=Fri Jul 19 15:29:04 ICT 2019, release=Fri Jul 19 16:25:47 ICT 2019, type=modified, class=net.minecraft.launchwrapper.Launch, minimumVersion=21, assets='1.14', source=LOCAL_VERSION_REPO, list=net.minecraft.launcher.updater.ExtraVersionList@6aaf742c, libraries=[Library{name='optifine:OptiFine:1.14.4_HD_U_F4', rules=null, natives=null, extract=null, packed='null'}, Library{name='optifine:launchwrapper-of:2.1', rules=null, natives=null, extract=null, packed='null'}, Library{name='com.mojang:patchy:1.1', rules=null, natives=null, extract=null, packed='null'}, Library{name='oshi-project:oshi-core:1.1', rules=null, natives=null, extract=null, packed='null'}, Library{name='net.java.dev.jna:jna:4.4.0', rules=null, natives=null, extract=null, packed='null'}, Library{name='net.java.dev.jna:platform:3.4.0', rules=null, natives=null, extract=null, packed='null'}, Library{name='com.ibm.icu:icu4j-core-mojang:51.2', rules=null, natives=null, extract=null, packed='null'}, Library{name='com.mojang:javabridge:1.0.22', rules=null, natives=null, extract=null, packed='null'}, Library{name='net.sf.jopt-simple:jopt-simple:5.0.3', rules=null, natives=null, extract=null, packed='null'}, Library{name='io.netty:netty-all:4.1.25.Final', rules=null, natives=null, extract=null, packed='null'}, Library{name='com.google.guava:guava:21.0', rules=null, natives=null, extract=null, packed='null'}, Library{name='org.apache.commons:commons-lang3:3.5', rules=null, natives=null, extract=null, packed='null'}, Library{name='commons-io:commons-io:2.5', rules=null, natives=null, extract=null, packed='null'}, Library{name='commons-codec:commons-codec:1.10', rules=null, natives=null, extract=null, packed='null'}, Library{name='net.java.jinput:jinput:2.0.5', rules=null, natives=null, extract=null, packed='null'}, Library{name='net.java.jutils:jutils:1.0.0', rules=null, natives=null, extract=null, packed='null'}, Library{name='com.mojang:brigadier:1.0.17', rules=null, natives=null, extract=null, packed='null'}, Library{name='com.mojang:datafixerupper:2.0.24', rules=null, natives=null, extract=null, packed='null'}, Library{name='com.google.code.gson:gson:2.8.0', rules=null, natives=null, extract=null, packed='null'}, Library{name='com.mojang:authlib:1.5.25', rules=null, natives=null, extract=null, packed='null'}, Library{name='org.apache.commons:commons-compress:1.8.1', rules=null, natives=null, extract=null, packed='null'}, Library{name='org.apache.httpcomponents:httpclient:4.3.3', rules=null, natives=null, extract=null, packed='null'}, Library{name='commons-logging:commons-logging:1.1.3', rules=null, natives=null, extract=null, packed='null'}, Library{name='org.apache.httpcomponents:httpcore:4.3.2', rules=null, natives=null, extract=null, packed='null'}, Library{name='it.unimi.dsi:fastutil:8.2.1', rules=null, natives=null, extract=null, packed='null'}, Library{name='org.apache.logging.log4j:log4j-api:2.8.1', rules=null, natives=null, extract=null, packed='null'}, Library{name='org.apache.logging.log4j:log4j-core:2.8.1', rules=null, natives=null, extract=null, packed='null'}, Library{name='org.lwjgl:lwjgl:3.2.1', rules=[Rule{action=ALLOW, os=OSRestriction{name=OSX, version='null'}, features=null}], natives=null, extract=null, packed='null'}, Library{name='org.lwjgl:lwjgl:3.2.2', rules=[Rule{action=ALLOW, os=null, features=null}, Rule{action=DISALLOW, os=OSRestriction{name=OSX, version='null'}, features=null}], natives=null, extract=null, packed='null'}, Library{name='org.lwjgl:lwjgl-jemalloc:3.2.1', rules=[Rule{action=ALLOW, os=OSRestriction{name=OSX, version='null'}, features=null}], natives=null, extract=null, packed='null'}, Library{name='org.lwjgl:lwjgl-jemalloc:3.2.2', rules=[Rule{action=ALLOW, os=null, features=null}, Rule{action=DISALLOW, os=OSRestriction{name=OSX, version='null'}, features=null}], natives=null, extract=null, packed='null'}, Library{name='org.lwjgl:lwjgl-openal:3.2.1', rules=[Rule{action=ALLOW, os=OSRestriction{name=OSX, version='null'}, features=null}], natives=null, extract=null, packed='null'}, Library{name='org.lwjgl:lwjgl-openal:3.2.2', rules=[Rule{action=ALLOW, os=null, features=null}, Rule{action=DISALLOW, os=OSRestriction{name=OSX, version='null'}, features=null}], natives=null, extract=null, packed='null'}, Library{name='org.lwjgl:lwjgl-opengl:3.2.1', rules=[Rule{action=ALLOW, os=OSRestriction{name=OSX, version='null'}, features=null}], natives=null, extract=null, packed='null'}, Library{name='org.lwjgl:lwjgl-opengl:3.2.2', rules=[Rule{action=ALLOW, os=null, features=null}, Rule{action=DISALLOW, os=OSRestriction{name=OSX, version='null'}, features=null}], natives=null, extract=null, packed='null'}, Library{name='org.lwjgl:lwjgl-glfw:3.2.1', rules=[Rule{action=ALLOW, os=OSRestriction{name=OSX, version='null'}, features=null}], natives=null, extract=null, packed='null'}, Library{name='org.lwjgl:lwjgl-glfw:3.2.2', rules=[Rule{action=ALLOW, os=null, features=null}, Rule{action=DISALLOW, os=OSRestriction{name=OSX, version='null'}, features=null}], natives=null, extract=null, packed='null'}, Library{name='org.lwjgl:lwjgl-stb:3.2.1', rules=[Rule{action=ALLOW, os=OSRestriction{name=OSX, version='null'}, features=null}], natives=null, extract=null, packed='null'}, Library{name='org.lwjgl:lwjgl-stb:3.2.2', rules=[Rule{action=ALLOW, os=null, features=null}, Rule{action=DISALLOW, os=OSRestriction{name=OSX, version='null'}, features=null}], natives=null, extract=null, packed='null'}, Library{name='org.lwjgl:lwjgl:3.2.1', rules=[Rule{action=ALLOW, os=OSRestriction{name=OSX, version='null'}, features=null}], natives={OSX=natives-macos}, extract=null, packed='null'}, Library{name='org.lwjgl:lwjgl:3.2.2', rules=[Rule{action=ALLOW, os=null, features=null}, Rule{action=DISALLOW, os=OSRestriction{name=OSX, version='null'}, features=null}], natives={LINUX=natives-linux, WINDOWS=natives-windows}, extract=null, packed='null'}, Library{name='org.lwjgl:lwjgl-jemalloc:3.2.1', rules=[Rule{action=ALLOW, os=OSRestriction{name=OSX, version='null'}, features=null}], natives={OSX=natives-macos}, extract=null, packed='null'}, Library{name='org.lwjgl:lwjgl-jemalloc:3.2.2', rules=[Rule{action=ALLOW, os=null, features=null}, Rule{action=DISALLOW, os=OSRestriction{name=OSX, version='null'}, features=null}], natives={LINUX=natives-linux, WINDOWS=natives-windows}, extract=null, packed='null'}, Library{name='org.lwjgl:lwjgl-openal:3.2.1', rules=[Rule{action=ALLOW, os=OSRestriction{name=OSX, version='null'}, features=null}], natives={OSX=natives-macos}, extract=null, packed='null'}, Library{name='org.lwjgl:lwjgl-openal:3.2.2', rules=[Rule{action=ALLOW, os=null, features=null}, Rule{action=DISALLOW, os=OSRestriction{name=OSX, version='null'}, features=null}], natives={LINUX=natives-linux, WINDOWS=natives-windows}, extract=null, packed='null'}, Library{name='org.lwjgl:lwjgl-opengl:3.2.1', rules=[Rule{action=ALLOW, os=OSRestriction{name=OSX, version='null'}, features=null}], natives={OSX=natives-macos}, extract=null, packed='null'}, Library{name='org.lwjgl:lwjgl-opengl:3.2.2', rules=[Rule{action=ALLOW, os=null, features=null}, Rule{action=DISALLOW, os=OSRestriction{name=OSX, version='null'}, features=null}], natives={LINUX=natives-linux, WINDOWS=natives-windows}, extract=null, packed='null'}, Library{name='org.lwjgl:lwjgl-glfw:3.2.1', rules=[Rule{action=ALLOW, os=OSRestriction{name=OSX, version='null'}, features=null}], natives={OSX=natives-macos}, extract=null, packed='null'}, Library{name='org.lwjgl:lwjgl-glfw:3.2.2', rules=[Rule{action=ALLOW, os=null, features=null}, Rule{action=DISALLOW, os=OSRestriction{name=OSX, version='null'}, features=null}], natives={LINUX=natives-linux, WINDOWS=natives-windows}, extract=null, packed='null'}, Library{name='org.lwjgl:lwjgl-stb:3.2.1', rules=[Rule{action=ALLOW, os=OSRestriction{name=OSX, version='null'}, features=null}], natives={OSX=natives-macos}, extract=null, packed='null'}, Library{name='org.lwjgl:lwjgl-stb:3.2.2', rules=[Rule{action=ALLOW, os=null, features=null}, Rule{action=DISALLOW, os=OSRestriction{name=OSX, version='null'}, features=null}], natives={LINUX=natives-linux, WINDOWS=natives-windows}, extract=null, packed='null'}, Library{name='com.mojang:text2speech:1.11.3', rules=null, natives=null, extract=null, packed='null'}, Library{name='com.mojang:text2speech:1.11.3', rules=null, natives={LINUX=natives-linux, WINDOWS=natives-windows}, extract=net.minecraft.launcher.versions.ExtractRules@299b951e, packed='null'}, Library{name='ca.weblite:java-objc-bridge:1.0.0', rules=[Rule{action=ALLOW, os=OSRestriction{name=OSX, version='null'}, features=null}], natives={OSX=natives-osx}, extract=net.minecraft.launcher.versions.ExtractRules@29bae69a, packed='null'}, Library{name='ca.weblite:java-objc-bridge:1.0.0', rules=[Rule{action=ALLOW, os=OSRestriction{name=OSX, version='null'}, features=null}], natives=null, extract=null, packed='null'}]},
remote=PartialVersion{id='OptiFine 1.14.4', time=Fri Jul 19 15:29:04 ICT 2019, release=Fri Jul 19 15:25:48 ICT 2019, type=modified, source=EXTRA_VERSION_REPO, skinVersion=true, list=net.minecraft.launcher.updater.ExtraVersionList@6aaf742c}, isInstalled=true, hasRemote=true, isUpToDate=true}
2019-12-03 23:03:11,233 LoopedThread#8 [Launcher] Java path: C:\Users\Ste-PC\AppData\Roaming\.tlauncher\jvms\jre1.8.0_51\bin\javaw.exe
2019-12-03 23:03:11,234 LoopedThread#8 [Launcher] Checking conditions...
2019-12-03 23:03:11,235 LoopedThread#8 [Launcher] Comparing assets...
2019-12-03 23:03:11,235 LoopedThread#8 [AssetsManager] Checking resources...
2019-12-03 23:03:11,236 LoopedThread#8 [AssetsManager] Reading indexes from file C:\Users\Ste-PC\AppData\Roaming\.minecraft\assets\indexes\1.14.json
2019-12-03 23:03:11,244 LoopedThread#8 [AssetsManager] Fast comparing: true
2019-12-03 23:03:11,339 LoopedThread#8 [Launcher] Delta time to compare assets: 104 ms.
2019-12-03 23:03:11,340 LoopedThread#8 [TLauncherManager] add required libraries: OptiFine 1.14.4
2019-12-03 23:03:11,505 LoopedThread#8 [VersionManager] Required for version OptiFine 1.14.4: []
2019-12-03 23:03:11,506 LoopedThread#8 [Modpack]  got container
2019-12-03 23:03:11,524 LoopedThread#8 [TLauncherManager] library will be replaced: com.mojang:authlib:1.5.25
2019-12-03 23:03:11,525 LoopedThread#8 [TLauncherManager] library will be replaced: org.tlauncher:authlib:1.6.25
2019-12-03 23:03:11,526 LoopedThread#8 [TLauncherManager] library will be replaced: com.mojang:patchy:1.1
2019-12-03 23:03:11,527 LoopedThread#8 [TLauncherManager] library will be added as required: org.ow2.asm:asm-commons:6.2
2019-12-03 23:03:11,528 LoopedThread#8 [TLauncherManager] library will be added as required: org.ow2.asm:asm:6.2
2019-12-03 23:03:11,530 LoopedThread#8 [TLauncherManager] library will be added as required: org.ow2.asm:asm-tree:6.2
2019-12-03 23:03:11,531 LoopedThread#8 [TLauncherManager] library will be added: customskinloader:CustomSkinLoader_1.14.4:1.61
2019-12-03 23:03:11,538 LoopedThread#8 [Launcher] Unpacking natives...
2019-12-03 23:03:11,550 LoopedThread#8 [Launcher] Constructing process...
2019-12-03 23:03:11,551 LoopedThread#8 [Launcher] Constructing classpath...
2019-12-03 23:03:11,554 LoopedThread#8 [Launcher] Getting Minecraft arguments...
2019-12-03 23:03:11,562 LoopedThread#8 [Launcher] Full command (characters are not escaped):
C:\Users\Ste-PC\AppData\Roaming\.tlauncher\jvms\jre1.8.0_51\bin\javaw.exe -Djava.net.preferIPv4Stack=true -Xmn128M -Xmx10962M -XX:HeapDumpPath=MojangTricksIntelDriversForPerformance_javaw.exe_minecraft.exe.heapdump -Xss1M -Djava.library.path=C:\Users\Ste-PC\AppData\Roaming\.minecraft\versions\OptiFine 1.14.4\natives -Dminecraft.launcher.brand=minecraft-launcher -Dminecraft.launcher.version=2.0.1003 -cp C:\Users\Ste-PC\AppData\Roaming\.minecraft\libraries\customskinloader\CustomSkinLoader_1.14.4\1.61\CustomSkinLoader_1.14.4-1.61.jar;C:\Users\Ste-PC\AppData\Roaming\.minecraft\libraries\org\ow2\asm\asm-tree\6.2\asm-tree-6.2.jar;C:\Users\Ste-PC\AppData\Roaming\.minecraft\libraries\org\ow2\asm\asm\6.2\asm-6.2.jar;C:\Users\Ste-PC\AppData\Roaming\.minecraft\libraries\org\ow2\asm\asm-commons\6.2\asm-commons-6.2.jar;C:\Users\Ste-PC\AppData\Roaming\.minecraft\libraries\optifine\OptiFine\1.14.4_HD_U_F4\OptiFine-1.14.4_HD_U_F4.jar;C:\Users\Ste-PC\AppData\Roaming\.minecraft\libraries\optifine\launchwrapper-of\2.1\launchwrapper-of-2.1.jar;C:\Users\Ste-PC\AppData\Roaming\.minecraft\libraries\org\tlauncher\patchy\1.1\patchy-1.1.jar;C:\Users\Ste-PC\AppData\Roaming\.minecraft\libraries\oshi-project\oshi-core\1.1\oshi-core-1.1.jar;C:\Users\Ste-PC\AppData\Roaming\.minecraft\libraries\net\java\dev\jna\jna\4.4.0\jna-4.4.0.jar;C:\Users\Ste-PC\AppData\Roaming\.minecraft\libraries\net\java\dev\jna\platform\3.4.0\platform-3.4.0.jar;C:\Users\Ste-PC\AppData\Roaming\.minecraft\libraries\com\ibm\icu\icu4j-core-mojang\51.2\icu4j-core-mojang-51.2.jar;C:\Users\Ste-PC\AppData\Roaming\.minecraft\libraries\com\mojang\javabridge\1.0.22\javabridge-1.0.22.jar;C:\Users\Ste-PC\AppData\Roaming\.minecraft\libraries\net\sf\jopt-simple\jopt-simple\5.0.3\jopt-simple-5.0.3.jar;C:\Users\Ste-PC\AppData\Roaming\.minecraft\libraries\io\netty\netty-all\4.1.25.Final\netty-all-4.1.25.Final.jar;C:\Users\Ste-PC\AppData\Roaming\.minecraft\libraries\com\google\guava\guava\21.0\guava-21.0.jar;C:\Users\Ste-PC\AppData\Roaming\.minecraft\libraries\org\apache\commons\commons-lang3\3.5\commons-lang3-3.5.jar;C:\Users\Ste-PC\AppData\Roaming\.minecraft\libraries\commons-io\commons-io\2.5\commons-io-2.5.jar;C:\Users\Ste-PC\AppData\Roaming\.minecraft\libraries\commons-codec\commons-codec\1.10\commons-codec-1.10.jar;C:\Users\Ste-PC\AppData\Roaming\.minecraft\libraries\net\java\jinput\jinput\2.0.5\jinput-2.0.5.jar;C:\Users\Ste-PC\AppData\Roaming\.minecraft\libraries\net\java\jutils\jutils\1.0.0\jutils-1.0.0.jar;C:\Users\Ste-PC\AppData\Roaming\.minecraft\libraries\com\mojang\brigadier\1.0.17\brigadier-1.0.17.jar;C:\Users\Ste-PC\AppData\Roaming\.minecraft\libraries\com\mojang\datafixerupper\2.0.24\datafixerupper-2.0.24.jar;C:\Users\Ste-PC\AppData\Roaming\.minecraft\libraries\com\google\code\gson\gson\2.8.0\gson-2.8.0.jar;C:\Users\Ste-PC\AppData\Roaming\.minecraft\libraries\org\tlauncher\authlib\1.5.25\authlib-1.5.25.jar;C:\Users\Ste-PC\AppData\Roaming\.minecraft\libraries\org\apache\commons\commons-compress\1.8.1\commons-compress-1.8.1.jar;C:\Users\Ste-PC\AppData\Roaming\.minecraft\libraries\org\apache\httpcomponents\httpclient\4.3.3\httpclient-4.3.3.jar;C:\Users\Ste-PC\AppData\Roaming\.minecraft\libraries\commons-logging\commons-logging\1.1.3\commons-logging-1.1.3.jar;C:\Users\Ste-PC\AppData\Roaming\.minecraft\libraries\org\apache\httpcomponents\httpcore\4.3.2\httpcore-4.3.2.jar;C:\Users\Ste-PC\AppData\Roaming\.minecraft\libraries\it\unimi\dsi\fastutil\8.2.1\fastutil-8.2.1.jar;C:\Users\Ste-PC\AppData\Roaming\.minecraft\libraries\org\apache\logging\log4j\log4j-api\2.8.1\log4j-api-2.8.1.jar;C:\Users\Ste-PC\AppData\Roaming\.minecraft\libraries\org\apache\logging\log4j\log4j-core\2.8.1\log4j-core-2.8.1.jar;C:\Users\Ste-PC\AppData\Roaming\.minecraft\libraries\org\lwjgl\lwjgl\3.2.2\lwjgl-3.2.2.jar;C:\Users\Ste-PC\AppData\Roaming\.minecraft\libraries\org\lwjgl\lwjgl-jemalloc\3.2.2\lwjgl-jemalloc-3.2.2.jar;C:\Users\Ste-PC\AppData\Roaming\.minecraft\libraries\org\lwjgl\lwjgl-openal\3.2.2\lwjgl-openal-3.2.2.jar;C:\Users\Ste-PC\AppData\Roaming\.minecraft\libraries\org\lwjgl\lwjgl-opengl\3.2.2\lwjgl-opengl-3.2.2.jar;C:\Users\Ste-PC\AppData\Roaming\.minecraft\libraries\org\lwjgl\lwjgl-glfw\3.2.2\lwjgl-glfw-3.2.2.jar;C:\Users\Ste-PC\AppData\Roaming\.minecraft\libraries\org\lwjgl\lwjgl-stb\3.2.2\lwjgl-stb-3.2.2.jar;C:\Users\Ste-PC\AppData\Roaming\.minecraft\libraries\com\mojang\text2speech\1.11.3\text2speech-1.11.3.jar;C:\Users\Ste-PC\AppData\Roaming\.minecraft\versions\OptiFine 1.14.4\OptiFine 1.14.4.jar -Dminecraft.applet.TargetDirectory=C:\Users\Ste-PC\AppData\Roaming\.minecraft -XX:+UnlockExperimentalVMOptions -XX:+UseG1GC -XX:G1NewSizePercent=20 -XX:G1ReservePercent=20 -XX:MaxGCPauseMillis=50 -XX:G1HeapRegionSize=32M -Dfml.ignoreInvalidMinecraftCertificates=true -Dfml.ignorePatchDiscrepancies=true net.minecraft.launchwrapper.Launch --username Steven --version OptiFine 1.14.4 --gameDir C:\Users\Ste-PC\AppData\Roaming\.minecraft --assetsDir C:\Users\Ste-PC\AppData\Roaming\.minecraft\assets --assetIndex 1.14 --uuid 00000000-0000-0000-0000-000000000000 --accessToken null --userType legacy --versionType modified --width 925 --height 530 --tweakClass optifine.OptiFineTweaker --tweakClass org.tlauncher.tweaker.Tweaker
2019-12-03 23:03:11,610 LoopedThread#8 [Launcher] Launching Minecraft...
2019-12-03 23:03:11,618 LoopedThread#8 I'm hiding!
2019-12-03 23:03:11,621 LoopedThread#8 [TLauncherManager] mods before 
2019-12-03 23:03:11,622 LoopedThread#8 [TLauncherManager] read from  C:\Users\Ste-PC\AppData\Roaming\.minecraft\TempOptifineStore-1.0.json []
2019-12-03 23:03:11,625 LoopedThread#8 [TLauncherManager] has written in  TempOptifineStore-1.0.json []
2019-12-03 23:03:11,626 LoopedThread#8 [TLauncherManager] mods after 
2019-12-03 23:03:11,627 LoopedThread#8 [InnerMinecraftServersImpl]  search changers of the servers
2019-12-03 23:03:11,639 LoopedThread#8 read servers from servers.dat [Server(name=  §8/§7=§8[§aTeamExtreme§8]§7=§8\§f, address=Play.TeamExtremeMc.com, ip=Play.TeamExtremeMc.com, port=null, hideAddress=false, acceptTextures=0)]
2019-12-03 23:03:11,642 LoopedThread#8 [InnerMinecraftServersImpl]  prepare inner servers
2019-12-03 23:03:11,647 LoopedThread#8 save servers to servers.dat
2019-12-03 23:03:11,649 LoopedThread#8 [Launcher] Starting Minecraft OptiFine 1.14.4...
2019-12-03 23:03:11,650 LoopedThread#8 [Launcher] Launching in: C:\Users\Ste-PC\AppData\Roaming\.minecraft
2019-12-03 23:03:11,651 LoopedThread#8 Starting garbage collector: 56 / 234 MB
2019-12-03 23:03:11,773 LoopedThread#8 Garbage collector completed: 35 / 234 MB
2019-12-03 23:03:11,791 LoopedThread#8 [Launcher] Processing post-launch actions. Assist launch: true
2019-12-03 23:03:12,456 Thread-26 ===============================================================================================
2019-12-03 23:03:12,458 Thread-26 > [23:03:12] [main/INFO]: Loading tweak class name optifine.OptiFineTweaker
2019-12-03 23:03:12,459 Thread-26 > [23:03:12] [main/INFO]: Using primary tweak class name optifine.OptiFineTweaker
2019-12-03 23:03:12,460 Thread-26 > [23:03:12] [main/INFO]: Loading tweak class name org.tlauncher.tweaker.Tweaker
2019-12-03 23:03:12,460 Thread-26 > [main INFO] Tweaker: OptiFine detected.
2019-12-03 23:03:12,461 Thread-26 > [23:03:12] [main/INFO]: Calling tweak class optifine.OptiFineTweaker
2019-12-03 23:03:12,462 Thread-26 > OptiFineTweaker: acceptOptions
2019-12-03 23:03:12,462 Thread-26 > OptiFineTweaker: injectIntoClassLoader
2019-12-03 23:03:12,463 Thread-26 > OptiFine ClassTransformer
2019-12-03 23:03:12,464 Thread-26 > OptiFine ZIP file: C:\Users\Ste-PC\AppData\Roaming\.minecraft\libraries\optifine\OptiFine\1.14.4_HD_U_F4\OptiFine-1.14.4_HD_U_F4.jar
2019-12-03 23:03:12,470 Thread-26 > [23:03:12] [main/INFO]: Calling tweak class org.tlauncher.tweaker.Tweaker
2019-12-03 23:03:12,471 Thread-26 > Log Path: C:\Users\Ste-PC\AppData\Roaming\.minecraft\.\CustomSkinLoader\Tweaker.log
2019-12-03 23:03:12,472 Thread-26 > [main INFO] Using Tweaker
2019-12-03 23:03:12,472 Thread-26 > [main INFO] Tweaker: acceptOptions
2019-12-03 23:03:12,472 Thread-26 > [main INFO] Tweaker: injectIntoClassLoader
2019-12-03 23:03:12,477 Thread-26 > [TLSkinCape] Current Minecraft version is 1.14.4.
2019-12-03 23:03:12,478 Thread-26 > [TLSkinCape] OptiFine detected.
2019-12-03 23:03:12,478 Thread-26 > [main INFO] Hook method dmm#n()Lqv; loaded.
2019-12-03 23:03:12,479 Thread-26 > [main INFO] Hook method dmm#m()Lqv; loaded.
2019-12-03 23:03:12,479 Thread-26 > [main INFO] Hook method dmm#s()Ljava/lang/String; loaded.
2019-12-03 23:03:12,480 Thread-26 > [main INFO] Hook method awg#a(Lawh;)Z loaded.
2019-12-03 23:03:12,480 Thread-26 > [main INFO] Loaded as a library.
2019-12-03 23:03:12,481 Thread-26 > OptiFineTweaker: getLaunchArguments
2019-12-03 23:03:12,481 Thread-26 > [main INFO] Tweaker: getLaunchArguments
2019-12-03 23:03:12,482 Thread-26 > OptiFineTweaker: getLaunchTarget
2019-12-03 23:03:12,594 Thread-26 > [23:03:12] [main/INFO]: Launching wrapped minecraft {net.minecraft.client.main.Main}
2019-12-03 23:03:12,819 Thread-26 > [Client thread INFO] [TLSkinCape] Method dmm.n()Lqv; successfully hooked.
2019-12-03 23:03:12,820 Thread-26 > [Client thread INFO] [TLSkinCape] Method dmm.m()Lqv; successfully hooked.
2019-12-03 23:03:12,821 Thread-26 > [Client thread INFO] [TLSkinCape] Method dmm.s()Ljava/lang/String; successfully hooked.
2019-12-03 23:03:12,831 Thread-26 > [Client thread INFO] [TLSkinCape] Method awg.a(Lawh;)Z successfully hooked.
2019-12-03 23:03:13,011 Thread-26 > [23:03:13] [main/INFO]: [OptiFine] *** Reflector Forge ***
2019-12-03 23:03:13,013 Thread-26 > [23:03:13] [main/INFO]: [OptiFine] (Reflector) Class not present: net.minecraftforge.client.model.Attributes
2019-12-03 23:03:13,015 Thread-26 > [23:03:13] [main/INFO]: [OptiFine] (Reflector) Class not present: mods.betterfoliage.client.BetterFoliageClient
2019-12-03 23:03:13,017 Thread-26 > [23:03:13] [main/INFO]: [OptiFine] (Reflector) Class not present: net.minecraftforge.fml.BrandingControl
2019-12-03 23:03:13,019 Thread-26 > [23:03:13] [main/INFO]: [OptiFine] (Reflector) Class not present: net.minecraftforge.common.capabilities.ICapabilityProvider
2019-12-03 23:03:13,021 Thread-26 > [23:03:13] [main/INFO]: [OptiFine] (Reflector) Class not present: net.minecraftforge.common.capabilities.CapabilityProvider
2019-12-03 23:03:13,023 Thread-26 > [23:03:13] [main/INFO]: [OptiFine] (Reflector) Class not present: net.minecraftforge.fml.client.ClientModLoader
2019-12-03 23:03:13,025 Thread-26 > [23:03:13] [main/INFO]: [OptiFine] (Reflector) Class not present: net.minecraftforge.event.world.ChunkEvent$Load
2019-12-03 23:03:13,028 Thread-26 > [23:03:13] [main/INFO]: [OptiFine] (Reflector) Class not present: net.minecraftforge.fml.client.ClientHooks
2019-12-03 23:03:13,030 Thread-26 > [23:03:13] [main/INFO]: [OptiFine] (Reflector) Class not present: net.minecraftforge.fml.CrashReportExtender
2019-12-03 23:03:13,032 Thread-26 > [23:03:13] [main/INFO]: [OptiFine] (Reflector) Class not present: net.minecraftforge.client.event.GuiScreenEvent$DrawScreenEvent$Pre
2019-12-03 23:03:13,034 Thread-26 > [23:03:13] [main/INFO]: [OptiFine] (Reflector) Class not present: net.minecraftforge.client.event.GuiScreenEvent$DrawScreenEvent$Post
2019-12-03 23:03:13,036 Thread-26 > [23:03:13] [main/INFO]: [OptiFine] (Reflector) Class not present: net.minecraftforge.client.event.EntityViewRenderEvent$FogColors
2019-12-03 23:03:13,039 Thread-26 > [23:03:13] [main/INFO]: [OptiFine] (Reflector) Class not present: net.minecraftforge.client.event.EntityViewRenderEvent$RenderFogEvent
2019-12-03 23:03:13,041 Thread-26 > [23:03:13] [main/INFO]: [OptiFine] (Reflector) Class not present: net.minecraftforge.event.entity.EntityJoinWorldEvent
2019-12-03 23:03:13,043 Thread-26 > [23:03:13] [main/INFO]: [OptiFine] (Reflector) Class not present: net.minecraftforge.eventbus.api.Event
2019-12-03 23:03:13,045 Thread-26 > [23:03:13] [main/INFO]: [OptiFine] (Reflector) Class not present: net.minecraftforge.eventbus.api.IEventBus
2019-12-03 23:03:13,047 Thread-26 > [23:03:13] [main/INFO]: [OptiFine] (Reflector) Class not present: net.minecraftforge.eventbus.api.Event$Result
2019-12-03 23:03:13,049 Thread-26 > [23:03:13] [main/INFO]: [OptiFine] (Reflector) Class not present: net.minecraftforge.common.extensions.IForgeBlock
2019-12-03 23:03:13,051 Thread-26 > [23:03:13] [main/INFO]: [OptiFine] (Reflector) Class not present: net.minecraftforge.client.model.pipeline.ForgeBlockModelRenderer
2019-12-03 23:03:13,054 Thread-26 > [23:03:13] [main/INFO]: [OptiFine] (Reflector) Method not present: dnv.getTexture
2019-12-03 23:03:13,055 Thread-26 > [23:03:13] [main/INFO]: [OptiFine] (Reflector) Method not present: dpt.getModelData
2019-12-03 23:03:13,057 Thread-26 > [23:03:13] [main/INFO]: [OptiFine] (Reflector) Method not present: net.minecraftforge.common.extensions.IForgeBlockState.addDestroyEffects
2019-12-03 23:03:13,059 Thread-26 > [23:03:13] [main/INFO]: [OptiFine] (Reflector) Method not present: net.minecraftforge.common.extensions.IForgeBlockState.addHitEffects
2019-12-03 23:03:13,061 Thread-26 > [23:03:13] [main/INFO]: [OptiFine] (Reflector) Method not present: net.minecraftforge.common.extensions.IForgeBlockState.canRenderInLayer
2019-12-03 23:03:13,064 Thread-26 > [23:03:13] [main/INFO]: [OptiFine] (Reflector) Method not present: net.minecraftforge.common.extensions.IForgeBlockState.getLightValue
2019-12-03 23:03:13,066 Thread-26 > [23:03:13] [main/INFO]: [OptiFine] (Reflector) Method not present: net.minecraftforge.common.extensions.IForgeBlockState.getSoundType
2019-12-03 23:03:13,069 Thread-26 > [23:03:13] [main/INFO]: [OptiFine] (Reflector) Method not present: net.minecraftforge.common.extensions.IForgeBlockState.getStateAtViewpoint
2019-12-03 23:03:13,070 Thread-26 > [23:03:13] [main/INFO]: [OptiFine] (Reflector) Method not present: net.minecraftforge.common.extensions.IForgeBlockState.hasTileEntity
2019-12-03 23:03:13,072 Thread-26 > [23:03:13] [main/INFO]: [OptiFine] (Reflector) Method not present: net.minecraftforge.common.extensions.IForgeBlockState.isAir
2019-12-03 23:03:13,074 Thread-26 > [23:03:13] [main/INFO]: [OptiFine] (Reflector) Class not present: net.minecraftforge.common.extensions.IForgeFluid
2019-12-03 23:03:13,076 Thread-26 > [23:03:13] [main/INFO]: [OptiFine] (Reflector) Class not present: net.minecraftforge.common.extensions.IForgeFluidState
2019-12-03 23:03:13,078 Thread-26 > [23:03:13] [main/INFO]: [OptiFine] (Reflector) Class not present: net.minecraftforge.common.extensions.IForgeEntity
2019-12-03 23:03:13,080 Thread-26 > [23:03:13] [main/INFO]: [OptiFine] (Reflector) Class not present: net.minecraftforge.fluids.FluidAttributes
2019-12-03 23:03:13,082 Thread-26 > [23:03:13] [main/INFO]: [OptiFine] (Reflector) Method not present: ais.getTags
2019-12-03 23:03:13,083 Thread-26 > [23:03:13] [main/INFO]: [OptiFine] (Reflector) Field not present: aix.NAMETAG_DISTANCE
2019-12-03 23:03:13,085 Thread-26 > [23:03:13] [main/INFO]: [OptiFine] (Reflector) Class not present: net.minecraftforge.event.ForgeEventFactory
2019-12-03 23:03:13,088 Thread-26 > [23:03:13] [main/INFO]: [OptiFine] (Reflector) Method not present: clj.getTags
2019-12-03 23:03:13,090 Thread-26 > [23:03:13] [main/INFO]: [OptiFine] (Reflector) Class not present: net.minecraftforge.client.ForgeHooksClient
2019-12-03 23:03:13,092 Thread-26 > [23:03:13] [main/INFO]: [OptiFine] (Reflector) Class not present: net.minecraftforge.common.ForgeConfig
2019-12-03 23:03:13,093 Thread-26 > [23:03:13] [main/INFO]: [OptiFine] (Reflector) Class not present: net.minecraftforge.common.ForgeConfig$Client
2019-12-03 23:03:13,095 Thread-26 > [23:03:13] [main/INFO]: [OptiFine] (Reflector) Class not present: net.minecraftforge.common.ForgeConfigSpec
2019-12-03 23:03:13,097 Thread-26 > [23:03:13] [main/INFO]: [OptiFine] (Reflector) Class not present: net.minecraftforge.common.ForgeConfigSpec$ConfigValue
2019-12-03 23:03:13,099 Thread-26 > [23:03:13] [main/INFO]: [OptiFine] (Reflector) Class not present: net.minecraftforge.common.extensions.IForgeItem
2019-12-03 23:03:13,102 Thread-26 > [23:03:13] [main/INFO]: [OptiFine] (Reflector) Class not present: net.minecraftforge.common.extensions.IForgeItemStack
2019-12-03 23:03:13,104 Thread-26 > [23:03:13] [main/INFO]: [OptiFine] (Reflector) Class not present: net.minecraftforge.fml.ForgeI18n
2019-12-03 23:03:13,105 Thread-26 > [23:03:13] [main/INFO]: [OptiFine] (Reflector) Class not present: net.minecraftforge.client.model.IModel
2019-12-03 23:03:13,106 Thread-26 > [23:03:13] [main/INFO]: [OptiFine] (Reflector) Method not present: cxz.setKeyConflictContext
2019-12-03 23:03:13,107 Thread-26 > [23:03:13] [main/INFO]: [OptiFine] (Reflector) Method not present: cxz.setKeyModifierAndCode
2019-12-03 23:03:13,109 Thread-26 > [23:03:13] [main/INFO]: [OptiFine] (Reflector) Method not present: cxz.getKeyModifier
2019-12-03 23:03:13,110 Thread-26 > [23:03:13] [main/INFO]: [OptiFine] (Reflector) Class not present: net.minecraftforge.common.ForgeMod
2019-12-03 23:03:13,112 Thread-26 > [23:03:13] [main/INFO]: [OptiFine] (Reflector) Method not present: dof.fromJson
2019-12-03 23:03:13,114 Thread-26 > [23:03:13] [main/INFO]: [OptiFine] (Reflector) Class not present: net.minecraftforge.common.extensions.IForgeEffect
2019-12-03 23:03:13,116 Thread-26 > [23:03:13] [main/INFO]: [OptiFine] (Reflector) Class not present: net.minecraftforge.common.extensions.IForgeEffectInstance
2019-12-03 23:03:13,118 Thread-26 > [23:03:13] [main/INFO]: [OptiFine] (Reflector) Class not present: net.minecraftforge.registries.ForgeRegistryEntry
2019-12-03 23:03:13,120 Thread-26 > [23:03:13] [main/INFO]: [OptiFine] (Reflector) Class not present: net.minecraftforge.common.extensions.IForgeTileEntity
2019-12-03 23:03:13,121 Thread-26 > [23:03:13] [main/INFO]: [OptiFine] (Reflector) Method not present: cvd$b.preDraw
2019-12-03 23:03:13,123 Thread-26 > [23:03:13] [main/INFO]: [OptiFine] (Reflector) Method not present: cvd$b.postDraw
2019-12-03 23:03:13,125 Thread-26 > [23:03:13] [main/INFO]: [OptiFine] (Reflector) Field not found: World.tileEntitiesToBeRemoved
2019-12-03 23:03:13,126 Thread-26 > [23:03:13] [main/INFO]: [OptiFine] (Reflector) Class not present: net.minecraftforge.common.extensions.IForgeDimension
2019-12-03 23:03:13,128 Thread-26 > [23:03:13] [main/INFO]: [OptiFine] (Reflector) Class not present: net.minecraftforge.fml.client.gui.GuiModList
2019-12-03 23:03:13,129 Thread-26 > [23:03:13] [main/INFO]: [OptiFine] (Reflector) Class not present: net.minecraftforge.client.IRenderHandler
2019-12-03 23:03:13,131 Thread-26 > [23:03:13] [main/INFO]: [OptiFine] (Reflector) Class not present: net.minecraftforge.client.ItemModelMesherForge
2019-12-03 23:03:13,133 Thread-26 > [23:03:13] [main/INFO]: [OptiFine] (Reflector) Class not present: net.minecraftforge.client.settings.KeyConflictContext
2019-12-03 23:03:13,134 Thread-26 > [23:03:13] [main/INFO]: [OptiFine] (Reflector) Class not present: net.minecraftforge.client.settings.KeyModifier
2019-12-03 23:03:13,136 Thread-26 > [23:03:13] [main/INFO]: [OptiFine] (Reflector) Class not present: net.minecraftforge.client.model.pipeline.LightUtil
2019-12-03 23:03:13,138 Thread-26 > [23:03:13] [main/INFO]: [OptiFine] (Reflector) Class not present: net.minecraftforge.fml.common.Loader
2019-12-03 23:03:13,140 Thread-26 > [23:03:13] [main/INFO]: [OptiFine] (Reflector) Class not present: net.minecraftforge.common.MinecraftForge
2019-12-03 23:03:13,141 Thread-26 > [23:03:13] [main/INFO]: [OptiFine] (Reflector) Class not present: net.minecraftforge.client.MinecraftForgeClient
2019-12-03 23:03:13,142 Thread-26 > [23:03:13] [main/INFO]: [OptiFine] (Reflector) Class not present: net.minecraftforge.client.gui.NotificationModUpdateScreen
2019-12-03 23:03:13,144 Thread-26 > [23:03:13] [main/INFO]: [OptiFine] (Reflector) Class not present: net.minecraftforge.event.entity.PlaySoundAtEntityEvent
2019-12-03 23:03:13,146 Thread-26 > [23:03:13] [main/INFO]: [OptiFine] (Reflector) Class not present: net.minecraftforge.client.event.RenderBlockOverlayEvent$OverlayType
2019-12-03 23:03:13,148 Thread-26 > [23:03:13] [main/INFO]: [OptiFine] (Reflector) Class not present: net.minecraftforge.fml.client.registry.RenderingRegistry
2019-12-03 23:03:13,149 Thread-26 > [23:03:13] [main/INFO]: [OptiFine] (Reflector) Class not present: net.minecraftforge.client.event.RenderItemInFrameEvent
2019-12-03 23:03:13,151 Thread-26 > [23:03:13] [main/INFO]: [OptiFine] (Reflector) Class not present: net.minecraftforge.client.event.RenderLivingEvent$Pre
2019-12-03 23:03:13,154 Thread-26 > [23:03:13] [main/INFO]: [OptiFine] (Reflector) Class not present: net.minecraftforge.client.event.RenderLivingEvent$Post
2019-12-03 23:03:13,155 Thread-26 > [23:03:13] [main/INFO]: [OptiFine] (Reflector) Class not present: net.minecraftforge.client.event.RenderLivingEvent$Specials$Pre
2019-12-03 23:03:13,157 Thread-26 > [23:03:13] [main/INFO]: [OptiFine] (Reflector) Class not present: net.minecraftforge.client.event.RenderLivingEvent$Specials$Post
2019-12-03 23:03:13,159 Thread-26 > [23:03:13] [main/INFO]: [OptiFine] (Reflector) Class not present: net.minecraftforge.client.event.ScreenshotEvent
2019-12-03 23:03:13,161 Thread-26 > [23:03:13] [main/INFO]: [OptiFine] (Reflector) Class not present: net.minecraftforge.fml.server.ServerLifecycleHooks
2019-12-03 23:03:13,162 Thread-26 > [23:03:13] [main/INFO]: [OptiFine] (Reflector) Class not present: net.minecraftforge.fml.client.SplashProgress
2019-12-03 23:03:13,163 Thread-26 > [23:03:13] [main/INFO]: [OptiFine] (Reflector) Class not present: net.minecraftforge.event.world.WorldEvent$Load
2019-12-03 23:03:13,165 Thread-26 > [23:03:13] [main/INFO]: [OptiFine] *** Reflector Vanilla ***
2019-12-03 23:03:13,254 Thread-26 > [23:03:13] [main/INFO]: Setting user: Steven
2019-12-03 23:03:17,807 Thread-26 > [23:03:17] [main/INFO]: LWJGL Version: 3.2.2 build 10
2019-12-03 23:03:18,772 Thread-26 > [23:03:18] [main/INFO]: [OptiFine] 
2019-12-03 23:03:18,774 Thread-26 > [23:03:18] [main/INFO]: [OptiFine] OptiFine_1.14.4_HD_U_F4
2019-12-03 23:03:18,776 Thread-26 > [23:03:18] [main/INFO]: [OptiFine] Build: 20191025-153543
2019-12-03 23:03:18,778 Thread-26 > [23:03:18] [main/INFO]: [OptiFine] OS: Windows 8.1 (amd64) version 6.3
2019-12-03 23:03:18,780 Thread-26 > [23:03:18] [main/INFO]: [OptiFine] Java: 1.8.0_51, Oracle Corporation
2019-12-03 23:03:18,782 Thread-26 > [23:03:18] [main/INFO]: [OptiFine] VM: Java HotSpot(TM) 64-Bit Server VM (mixed mode), Oracle Corporation
2019-12-03 23:03:18,785 Thread-26 > [23:03:18] [main/INFO]: [OptiFine] LWJGL: 3.3.0 Win32 WGL EGL OSMesa VisualC DLL
2019-12-03 23:03:18,788 Thread-26 > [23:03:18] [main/INFO]: [OptiFine] OpenGL: Intel(R) UHD Graphics 630, version 4.5.0 - Build 24.20.100.6292, Intel
2019-12-03 23:03:18,791 Thread-26 > [23:03:18] [main/INFO]: [OptiFine] OpenGL Version: 4.5.0
2019-12-03 23:03:18,793 Thread-26 > [23:03:18] [main/INFO]: [OptiFine] OpenGL Fancy fog: Not available (GL_NV_fog_distance)
2019-12-03 23:03:18,816 Thread-26 > [23:03:18] [main/INFO]: [OptiFine] Maximum texture size: 16384x16384
2019-12-03 23:03:18,824 Thread-26 > [23:03:18] [VersionCheck/INFO]: [OptiFine] Checking for new version
2019-12-03 23:03:18,850 Thread-26 > [23:03:18] [main/INFO]: [Shaders] OpenGL Version: 4.5.0 - Build 24.20.100.6292
2019-12-03 23:03:18,854 Thread-26 > [23:03:18] [main/INFO]: [Shaders] Vendor:  Intel
2019-12-03 23:03:18,857 Thread-26 > [23:03:18] [main/INFO]: [Shaders] Renderer: Intel(R) UHD Graphics 630
2019-12-03 23:03:18,860 Thread-26 > [23:03:18] [main/INFO]: [Shaders] Capabilities:  2.0  2.1  3.0  3.2  4.0 
2019-12-03 23:03:18,862 Thread-26 > [23:03:18] [main/INFO]: [Shaders] GL_MAX_DRAW_BUFFERS: 8
2019-12-03 23:03:18,864 Thread-26 > [23:03:18] [main/INFO]: [Shaders] GL_MAX_COLOR_ATTACHMENTS_EXT: 8
2019-12-03 23:03:18,866 Thread-26 > [23:03:18] [main/INFO]: [Shaders] GL_MAX_TEXTURE_IMAGE_UNITS: 32
2019-12-03 23:03:18,868 Thread-26 > [23:03:18] [main/INFO]: [Shaders] Load shaders configuration.
2019-12-03 23:03:18,870 Thread-26 > [23:03:18] [main/INFO]: [Shaders] Save shaders configuration.
2019-12-03 23:03:18,872 Thread-26 > [23:03:18] [main/INFO]: [Shaders] No shaderpack loaded.
2019-12-03 23:03:19,564 Thread-26 > [23:03:19] [VersionCheck/INFO]: [OptiFine] Version found: F2
2019-12-03 23:03:19,822 Thread-26 > [23:03:19] [main/INFO]: Narrator library for x64 successfully loaded
2019-12-03 23:03:19,935 Thread-26 > [23:03:19] [main/INFO]: [OptiFine] *** Reloading textures ***
2019-12-03 23:03:19,937 Thread-26 > [23:03:19] [main/INFO]: [OptiFine] Resource packs: Default
2019-12-03 23:03:22,272 Thread-26 > [23:03:22] [Realms Notification Availability checker #1/INFO]: Could not authorize you against Realms server: Invalid session id
2019-12-03 23:03:26,877 Thread-26 > [23:03:26] [Server-Worker-2/INFO]: [OptiFine] Multitexture: false
2019-12-03 23:03:26,883 Thread-26 > [23:03:26] [Server-Worker-2/INFO]: [OptiFine] ConnectedTextures: optifine/ctm/default/00_glass_white/glass_pane_white.properties
2019-12-03 23:03:26,890 Thread-26 > [23:03:26] [Server-Worker-2/INFO]: [OptiFine] ConnectedTextures: optifine/ctm/default/00_glass_white/glass_white.properties
2019-12-03 23:03:26,892 Thread-26 > [23:03:26] [Server-Worker-2/INFO]: [OptiFine] ConnectedTextures: optifine/ctm/default/01_glass_orange/glass_orange.properties
2019-12-03 23:03:26,894 Thread-26 > [23:03:26] [Server-Worker-2/INFO]: [OptiFine] ConnectedTextures: optifine/ctm/default/01_glass_orange/glass_pane_orange.properties
2019-12-03 23:03:26,896 Thread-26 > [23:03:26] [Server-Worker-2/INFO]: [OptiFine] ConnectedTextures: optifine/ctm/default/02_glass_magenta/glass_magenta.properties
2019-12-03 23:03:26,898 Thread-26 > [23:03:26] [Server-Worker-2/INFO]: [OptiFine] ConnectedTextures: optifine/ctm/default/02_glass_magenta/glass_pane_magenta.properties
2019-12-03 23:03:26,899 Thread-26 > [23:03:26] [Server-Worker-2/INFO]: [OptiFine] ConnectedTextures: optifine/ctm/default/03_glass_light_blue/glass_light_blue.properties
2019-12-03 23:03:26,902 Thread-26 > [23:03:26] [Server-Worker-2/INFO]: [OptiFine] ConnectedTextures: optifine/ctm/default/03_glass_light_blue/glass_pane_light_blue.properties
2019-12-03 23:03:26,904 Thread-26 > [23:03:26] [Server-Worker-2/INFO]: [OptiFine] ConnectedTextures: optifine/ctm/default/04_glass_yellow/glass_pane_yellow.properties
2019-12-03 23:03:26,906 Thread-26 > [23:03:26] [Server-Worker-2/INFO]: [OptiFine] ConnectedTextures: optifine/ctm/default/04_glass_yellow/glass_yellow.properties
2019-12-03 23:03:26,907 Thread-26 > [23:03:26] [Server-Worker-2/INFO]: [OptiFine] ConnectedTextures: optifine/ctm/default/05_glass_lime/glass_lime.properties
2019-12-03 23:03:26,909 Thread-26 > [23:03:26] [Server-Worker-2/INFO]: [OptiFine] ConnectedTextures: optifine/ctm/default/05_glass_lime/glass_pane_lime.properties
2019-12-03 23:03:26,912 Thread-26 > [23:03:26] [Server-Worker-2/INFO]: [OptiFine] ConnectedTextures: optifine/ctm/default/06_glass_pink/glass_pane_pink.properties
2019-12-03 23:03:26,914 Thread-26 > [23:03:26] [Server-Worker-2/INFO]: [OptiFine] ConnectedTextures: optifine/ctm/default/06_glass_pink/glass_pink.properties
2019-12-03 23:03:26,916 Thread-26 > [23:03:26] [Server-Worker-2/INFO]: [OptiFine] ConnectedTextures: optifine/ctm/default/07_glass_gray/glass_gray.properties
2019-12-03 23:03:26,918 Thread-26 > [23:03:26] [Server-Worker-2/INFO]: [OptiFine] ConnectedTextures: optifine/ctm/default/07_glass_gray/glass_pane_gray.properties
2019-12-03 23:03:26,920 Thread-26 > [23:03:26] [Server-Worker-2/INFO]: [OptiFine] ConnectedTextures: optifine/ctm/default/08_glass_light_gray/glass_light_gray.properties
2019-12-03 23:03:26,922 Thread-26 > [23:03:26] [Server-Worker-2/INFO]: [OptiFine] ConnectedTextures: optifine/ctm/default/08_glass_light_gray/glass_pane_light_gray.properties
2019-12-03 23:03:26,925 Thread-26 > [23:03:26] [Server-Worker-2/INFO]: [OptiFine] ConnectedTextures: optifine/ctm/default/09_glass_cyan/glass_cyan.properties
2019-12-03 23:03:26,927 Thread-26 > [23:03:26] [Server-Worker-2/INFO]: [OptiFine] ConnectedTextures: optifine/ctm/default/09_glass_cyan/glass_pane_cyan.properties
2019-12-03 23:03:26,930 Thread-26 > [23:03:26] [Server-Worker-2/INFO]: [OptiFine] ConnectedTextures: optifine/ctm/default/10_glass_purple/glass_pane_purple.properties
2019-12-03 23:03:26,932 Thread-26 > [23:03:26] [Server-Worker-2/INFO]: [OptiFine] ConnectedTextures: optifine/ctm/default/10_glass_purple/glass_purple.properties
2019-12-03 23:03:26,934 Thread-26 > [23:03:26] [Server-Worker-2/INFO]: [OptiFine] ConnectedTextures: optifine/ctm/default/11_glass_blue/glass_blue.properties
2019-12-03 23:03:26,936 Thread-26 > [23:03:26] [Server-Worker-2/INFO]: [OptiFine] ConnectedTextures: optifine/ctm/default/11_glass_blue/glass_pane_blue.properties
2019-12-03 23:03:26,938 Thread-26 > [23:03:26] [Server-Worker-2/INFO]: [OptiFine] ConnectedTextures: optifine/ctm/default/12_glass_brown/glass_brown.properties
2019-12-03 23:03:26,940 Thread-26 > [23:03:26] [Server-Worker-2/INFO]: [OptiFine] ConnectedTextures: optifine/ctm/default/12_glass_brown/glass_pane_brown.properties
2019-12-03 23:03:26,942 Thread-26 > [23:03:26] [Server-Worker-2/INFO]: [OptiFine] ConnectedTextures: optifine/ctm/default/13_glass_green/glass_green.properties
2019-12-03 23:03:26,945 Thread-26 > [23:03:26] [Server-Worker-2/INFO]: [OptiFine] ConnectedTextures: optifine/ctm/default/13_glass_green/glass_pane_green.properties
2019-12-03 23:03:26,947 Thread-26 > [23:03:26] [Server-Worker-2/INFO]: [OptiFine] ConnectedTextures: optifine/ctm/default/14_glass_red/glass_pane_red.properties
2019-12-03 23:03:26,949 Thread-26 > [23:03:26] [Server-Worker-2/INFO]: [OptiFine] ConnectedTextures: optifine/ctm/default/14_glass_red/glass_red.properties
2019-12-03 23:03:26,951 Thread-26 > [23:03:26] [Server-Worker-2/INFO]: [OptiFine] ConnectedTextures: optifine/ctm/default/15_glass_black/glass_black.properties
2019-12-03 23:03:26,952 Thread-26 > [23:03:26] [Server-Worker-2/INFO]: [OptiFine] ConnectedTextures: optifine/ctm/default/15_glass_black/glass_pane_black.properties
2019-12-03 23:03:26,954 Thread-26 > [23:03:26] [Server-Worker-2/INFO]: [OptiFine] ConnectedTextures: optifine/ctm/default/20_glass/glass.properties
2019-12-03 23:03:26,956 Thread-26 > [23:03:26] [Server-Worker-2/INFO]: [OptiFine] ConnectedTextures: optifine/ctm/default/20_glass/glass_pane.properties
2019-12-03 23:03:26,958 Thread-26 > [23:03:26] [Server-Worker-2/INFO]: [OptiFine] ConnectedTextures: optifine/ctm/default/30_bookshelf/bookshelf.properties
2019-12-03 23:03:26,960 Thread-26 > [23:03:26] [Server-Worker-2/INFO]: [OptiFine] ConnectedTextures: optifine/ctm/default/40_sandstone/sandstone.properties
2019-12-03 23:03:26,963 Thread-26 > [23:03:26] [Server-Worker-2/INFO]: [OptiFine] ConnectedTextures: optifine/ctm/default/41_red_sandstone/red_sandstone.properties
2019-12-03 23:03:26,965 Thread-26 > [23:03:26] [Server-Worker-2/INFO]: [OptiFine] Multipass connected textures: false
2019-12-03 23:03:26,967 Thread-26 > [23:03:26] [Server-Worker-2/INFO]: [OptiFine] BetterGrass: Parsing default configuration optifine/bettergrass.properties
2019-12-03 23:03:28,801 Thread-26 > [23:03:28] [Server-Worker-2/INFO]: [OptiFine] Mipmap levels: 4
2019-12-03 23:03:30,375 Thread-26 > [23:03:30] [main/INFO]: OpenAL initialized.
2019-12-03 23:03:30,376 Thread-26 > [23:03:30] [main/INFO]: Sound engine started
2019-12-03 23:03:30,524 Thread-26 > [23:03:30] [main/INFO]: Created: 1024x512 textures-atlas
2019-12-03 23:03:30,611 Thread-26 > [23:03:30] [main/INFO]: [OptiFine] Animated sprites: 33
2019-12-03 23:03:31,163 Thread-26 > [23:03:31] [main/INFO]: Created: 256x256 textures/particle-atlas
2019-12-03 23:03:31,177 Thread-26 > [23:03:31] [main/INFO]: Created: 256x256 textures/painting-atlas
2019-12-03 23:03:31,179 Thread-26 > [23:03:31] [main/INFO]: Created: 128x128 textures/mob_effect-atlas
2019-12-03 23:03:31,183 Thread-26 > [23:03:31] [main/INFO]: [OptiFine] *** Reloading custom textures ***
2019-12-03 23:03:31,257 Thread-26 > [23:03:31] [main/INFO]: [OptiFine] Disable Forge light pipeline
2019-12-03 23:11:11,349 Thread-26 > [23:11:11] [main/WARN]: Ambiguity between arguments [teleport, destination] and [teleport, targets] with inputs: [Player, 0123, @e, dd12be42-52a9-4a91-a8a1-11c01849e498]
2019-12-03 23:11:11,355 Thread-26 > [23:11:11] [main/WARN]: Ambiguity between arguments [teleport, location] and [teleport, destination] with inputs: [0.1 -0.5 .9, 0 0 0]
2019-12-03 23:11:11,360 Thread-26 > [23:11:11] [main/WARN]: Ambiguity between arguments [teleport, location] and [teleport, targets] with inputs: [0.1 -0.5 .9, 0 0 0]
2019-12-03 23:11:11,366 Thread-26 > [23:11:11] [main/WARN]: Ambiguity between arguments [teleport, targets] and [teleport, destination] with inputs: [Player, 0123, dd12be42-52a9-4a91-a8a1-11c01849e498]
2019-12-03 23:11:11,373 Thread-26 > [23:11:11] [main/WARN]: Ambiguity between arguments [teleport, targets, location] and [teleport, targets, destination] with inputs: [0.1 -0.5 .9, 0 0 0]
2019-12-03 23:11:11,429 Thread-26 > [23:11:11] [Server thread/INFO]: Starting integrated minecraft server version 1.14.4
2019-12-03 23:11:11,433 Thread-26 > [23:11:11] [Server thread/INFO]: Generating keypair
2019-12-03 23:11:11,520 Thread-26 > [23:11:11] [Server thread/INFO]: Reloading ResourceManager: Default
2019-12-03 23:11:11,854 Thread-26 > [23:11:11] [Server thread/INFO]: Loaded 6 recipes
2019-12-03 23:11:12,199 Thread-26 > [23:11:12] [Server thread/INFO]: Loaded 811 advancements
2019-12-03 23:11:12,349 Thread-26 > [23:11:12] [Server thread/INFO]: Preparing start region for dimension minecraft:overworld
2019-12-03 23:11:13,240 Thread-26 > [23:11:13] [main/INFO]: Preparing spawn area: 0%
2019-12-03 23:11:13,242 Thread-26 > [23:11:13] [main/INFO]: Preparing spawn area: 0%
2019-12-03 23:11:16,363 Thread-26 > [23:11:16] [main/INFO]: Preparing spawn area: 0%
2019-12-03 23:11:16,364 Thread-26 > [23:11:16] [main/INFO]: Preparing spawn area: 0%
2019-12-03 23:11:16,365 Thread-26 > [23:11:16] [main/INFO]: Preparing spawn area: 0%
2019-12-03 23:11:16,366 Thread-26 > [23:11:16] [main/INFO]: Preparing spawn area: 0%
2019-12-03 23:11:16,368 Thread-26 > [23:11:16] [main/INFO]: Preparing spawn area: 0%
2019-12-03 23:11:16,368 Thread-26 > [23:11:16] [main/INFO]: Preparing spawn area: 0%
2019-12-03 23:11:16,369 Thread-26 > [23:11:16] [main/INFO]: Preparing spawn area: 0%
2019-12-03 23:11:16,848 Thread-26 > [23:11:16] [main/INFO]: Time elapsed: 4485 ms
2019-12-03 23:11:17,098 Thread-26 > [23:11:17] [Server thread/INFO]: Changing view distance to 6, from 10
2019-12-03 23:11:19,696 Thread-26 > [23:11:19] [Server thread/INFO]: Steven[local:E:4aa696c7] logged in with entity id 508 at (-702.5212387789645, 63.0, 145.80632997931843)
2019-12-03 23:11:19,732 Thread-26 > [23:11:19] [Server thread/INFO]: Steven joined the game
2019-12-03 23:11:19,953 Thread-26 > [23:11:19] [Server thread/INFO]: Saving and pausing game...
2019-12-03 23:11:19,998 Thread-26 > [23:11:19] [Server thread/INFO]: Saving chunks for level 'Island'/minecraft:the_end
2019-12-03 23:11:20,014 Thread-26 > [23:11:20] [Server thread/INFO]: Saving chunks for level 'Island'/minecraft:overworld
2019-12-03 23:11:20,080 Thread-26 > [23:11:20] [main/INFO]: Loaded 405 advancements
2019-12-03 23:11:20,164 Thread-26 > [23:11:20] [main/INFO]: [STDOUT]: [TLSkinCape] Current Minecraft version is 1.14.4.
2019-12-03 23:11:20,166 Thread-26 > [23:11:20] [main/INFO]: [STDOUT]: [TLSkinCape] OptiFine detected.
2019-12-03 23:11:21,313 Thread-26 > [23:11:21] [main/INFO]: textures Steven was added, skin: true,cape: false, max waiting: 3 ,during : 1136 
2019-12-03 23:11:21,480 Thread-26 > [23:11:21] [Server thread/INFO]: Saving chunks for level 'Island'/minecraft:the_nether
2019-12-03 23:11:21,646 Thread-26 > [23:11:21] [Server thread/WARN]: Can't keep up! Is the server overloaded? Running 2055ms or 41 ticks behind
2019-12-03 23:12:27,841 Thread-26 > [23:12:27] [Server thread/INFO]: Saving and pausing game...
2019-12-03 23:12:27,888 Thread-26 > [23:12:27] [Server thread/INFO]: Saving chunks for level 'Island'/minecraft:the_end
2019-12-03 23:12:27,896 Thread-26 > [23:12:27] [Server thread/INFO]: Saving chunks for level 'Island'/minecraft:overworld
2019-12-03 23:12:28,664 Thread-26 > [23:12:28] [Server thread/INFO]: Saving chunks for level 'Island'/minecraft:the_nether
2019-12-03 23:12:50,473 Thread-26 > [23:12:50] [Server thread/WARN]: Can't keep up! Is the server overloaded? Running 2132ms or 42 ticks behind
2019-12-03 23:12:50,711 Thread-26 > [23:12:50] [Server thread/INFO]: [OptiFine] (Reflector) Class not present: net.minecraftforge.common.ForgeHooks
2019-12-03 23:19:36,503 Thread-26 > [23:19:36] [Server thread/INFO]: Steven was slain by Wither Skeleton
2019-12-03 23:19:36,527 Thread-26 > [23:19:36] [main/INFO]: [CHAT] Steven was slain by Wither Skeleton
2019-12-03 23:19:42,530 Thread-26 > [23:19:42] [Server thread/INFO]: Saving and pausing game...
2019-12-03 23:19:42,576 Thread-26 > [23:19:42] [Server thread/INFO]: Saving chunks for level 'Island'/minecraft:the_end
2019-12-03 23:19:42,589 Thread-26 > [23:19:42] [Server thread/INFO]: Saving chunks for level 'Island'/minecraft:overworld
2019-12-03 23:19:42,898 Thread-26 > [23:19:42] [Server thread/INFO]: Saving chunks for level 'Island'/minecraft:the_nether
2019-12-03 23:19:48,190 Thread-26 > [23:19:48] [Server thread/INFO]: Saving and pausing game...
2019-12-03 23:19:48,229 Thread-26 > [23:19:48] [Server thread/INFO]: Saving chunks for level 'Island'/minecraft:the_end
2019-12-03 23:19:48,230 Thread-26 > [23:19:48] [Server thread/INFO]: Saving chunks for level 'Island'/minecraft:overworld
2019-12-03 23:19:48,865 Thread-26 > [23:19:48] [Server thread/INFO]: Saving chunks for level 'Island'/minecraft:the_nether
2019-12-03 23:20:32,240 Thread-26 > [23:20:32] [Server thread/WARN]: Can't keep up! Is the server overloaded? Running 2299ms or 45 ticks behind
2019-12-03 23:22:56,345 Thread-26 > [23:22:56] [Server thread/INFO]: Steven was slain by Wither Skeleton
2019-12-03 23:22:56,362 Thread-26 > [23:22:56] [main/INFO]: [CHAT] Steven was slain by Wither Skeleton
2019-12-03 23:23:57,292 Thread-26 > [23:23:57] [Server thread/WARN]: Can't keep up! Is the server overloaded? Running 2152ms or 43 ticks behind
2019-12-03 23:24:39,841 Thread-26 > [23:24:39] [Server thread/INFO]: Saving and pausing game...
2019-12-03 23:24:39,927 Thread-26 > [23:24:39] [Server thread/INFO]: Saving chunks for level 'Island'/minecraft:the_end
2019-12-03 23:24:39,944 Thread-26 > [23:24:39] [Server thread/INFO]: Saving chunks for level 'Island'/minecraft:overworld
2019-12-03 23:24:40,270 Thread-26 > [23:24:40] [Server thread/INFO]: Saving chunks for level 'Island'/minecraft:the_nether
2019-12-03 23:25:08,039 Thread-26 > [23:25:08] [Server thread/WARN]: Can't keep up! Is the server overloaded? Running 2399ms or 47 ticks behind
2019-12-03 23:25:28,300 Thread-26 > [23:25:28] [Server thread/INFO]: Steven was slain by Zombie Pigman
2019-12-03 23:25:28,307 Thread-26 > [23:25:28] [main/INFO]: [CHAT] Steven was slain by Zombie Pigman
2019-12-03 23:26:01,434 Thread-26 > [23:26:01] [Server thread/WARN]: Can't keep up! Is the server overloaded? Running 2044ms or 40 ticks behind
2019-12-03 23:26:01,668 Thread-26 > [23:26:01] [main/WARN]: Received passengers for unknown entity
2019-12-03 23:26:56,017 Thread-26 > [23:26:56] [Server thread/WARN]: Can't keep up! Is the server overloaded? Running 2676ms or 53 ticks behind
2019-12-03 23:27:10,253 Thread-26 > [23:27:10] [Server thread/INFO]: Steven was slain by Zombie Pigman
2019-12-03 23:27:10,261 Thread-26 > [23:27:10] [main/INFO]: [CHAT] Steven was slain by Zombie Pigman
2019-12-03 23:27:45,418 Thread-26 > [23:27:45] [Server thread/WARN]: Can't keep up! Is the server overloaded? Running 2228ms or 44 ticks behind
2019-12-03 23:34:45,323 Thread-26 > [23:34:45] [Server thread/WARN]: Can't keep up! Is the server overloaded? Running 2732ms or 54 ticks behind
2019-12-03 23:35:03,952 Thread-26 > [23:35:03] [Server thread/INFO]: Steven was slain by Zombie Pigman
2019-12-03 23:35:03,973 Thread-26 > [23:35:03] [main/INFO]: [CHAT] Steven was slain by Zombie Pigman
2019-12-03 23:35:38,168 Thread-26 > [23:35:38] [Server thread/INFO]: Steven fell from a high place
2019-12-03 23:35:38,182 Thread-26 > [23:35:38] [main/INFO]: [CHAT] Steven fell from a high place
2019-12-03 23:36:51,444 Thread-26 > [23:36:51] [Server thread/WARN]: Can't keep up! Is the server overloaded? Running 2404ms or 48 ticks behind
2019-12-03 23:36:51,566 Thread-26 > [23:36:51] [Server thread/WARN]: Fetching packet for removed entity aiu['Experience Orb'/9719, l='Island', x=-85.57, y=88.00, z=18.49]
2019-12-03 23:37:36,132 Thread-26 > [23:37:36] [Server thread/WARN]: Can't keep up! Is the server overloaded? Running 3292ms or 65 ticks behind
2019-12-03 23:38:08,095 Thread-26 > [23:38:08] [Server thread/INFO]: Steven fell from a high place
2019-12-03 23:38:08,127 Thread-26 > [23:38:08] [main/INFO]: [CHAT] Steven fell from a high place
2019-12-03 23:40:47,401 Thread-26 > [23:40:47] [Server thread/INFO]: Steven was slain by Zombie
2019-12-03 23:40:47,409 Thread-26 > [23:40:47] [main/INFO]: [CHAT] Steven was slain by Zombie
2019-12-03 23:42:40,406 Thread-26 > [23:42:40] [Server thread/INFO]: Steven was shot by Skeleton
2019-12-03 23:42:40,411 Thread-26 > [23:42:40] [main/INFO]: [CHAT] Steven was shot by Skeleton
2019-12-03 23:46:11,130 Thread-26 > [23:46:11] [main/WARN]: Received passengers for unknown entity
2019-12-03 23:46:23,495 Thread-26 > [23:46:23] [main/INFO]: Loaded 408 advancements
2019-12-03 23:46:23,844 Thread-26 > [23:46:23] [main/INFO]: Loaded 411 advancements
2019-12-03 23:46:33,310 Thread-26 > [23:46:33] [main/INFO]: Loaded 414 advancements
2019-12-03 23:50:46,561 Thread-26 > [23:50:46] [main/INFO]: Loaded 415 advancements
2019-12-03 23:53:18,190 Thread-26 > [23:53:18] [Server thread/INFO]: Saving and pausing game...
2019-12-03 23:53:18,218 Thread-26 > [23:53:18] [Server thread/INFO]: Saving chunks for level 'Island'/minecraft:the_end
2019-12-03 23:53:18,224 Thread-26 > [23:53:18] [Server thread/INFO]: Saving chunks for level 'Island'/minecraft:overworld
2019-12-03 23:53:18,807 Thread-26 > [23:53:18] [Server thread/INFO]: Saving chunks for level 'Island'/minecraft:the_nether
2019-12-03 23:54:18,692 Thread-26 > [23:54:18] [Server thread/INFO]: Saving and pausing game...
2019-12-03 23:54:18,718 Thread-26 > [23:54:18] [Server thread/INFO]: Saving chunks for level 'Island'/minecraft:the_end
2019-12-03 23:54:18,725 Thread-26 > [23:54:18] [Server thread/INFO]: Saving chunks for level 'Island'/minecraft:overworld
2019-12-03 23:54:19,229 Thread-26 > [23:54:19] [Server thread/INFO]: Saving chunks for level 'Island'/minecraft:the_nether
2019-12-03 23:54:19,243 Thread-26 > [23:54:19] [Server thread/INFO]: Steven lost connection: Disconnected
2019-12-03 23:54:19,244 Thread-26 > [23:54:19] [Server thread/INFO]: Steven left the game
2019-12-03 23:54:19,261 Thread-26 > [23:54:19] [Server thread/INFO]: Stopping singleplayer server as player logged out
2019-12-03 23:54:19,270 Thread-26 > [23:54:19] [Server thread/INFO]: Stopping server
2019-12-03 23:54:19,271 Thread-26 > [23:54:19] [Server thread/INFO]: Saving players
2019-12-03 23:54:19,272 Thread-26 > [23:54:19] [Server thread/INFO]: Saving worlds
2019-12-03 23:54:19,273 Thread-26 > [23:54:19] [Server thread/INFO]: Saving chunks for level 'Island'/minecraft:the_end
2019-12-03 23:54:19,274 Thread-26 > [23:54:19] [Server thread/INFO]: ThreadedAnvilChunkStorage (DIM1): All chunks are saved
2019-12-03 23:54:19,275 Thread-26 > [23:54:19] [Server thread/INFO]: Saving chunks for level 'Island'/minecraft:overworld
2019-12-03 23:54:19,612 Thread-26 > [23:54:19] [Server thread/INFO]: ThreadedAnvilChunkStorage (Island): All chunks are saved
2019-12-03 23:54:19,613 Thread-26 > [23:54:19] [Server thread/INFO]: Saving chunks for level 'Island'/minecraft:the_nether
2019-12-03 23:54:19,615 Thread-26 > [23:54:19] [Server thread/INFO]: ThreadedAnvilChunkStorage (DIM-1): All chunks are saved
2019-12-03 23:54:19,622 Thread-26 > [23:54:19] [Server thread/INFO]: ThreadedAnvilChunkStorage (DIM1): All chunks are saved
2019-12-03 23:54:19,624 Thread-26 > [23:54:19] [Server thread/INFO]: ThreadedAnvilChunkStorage (Island): All chunks are saved
2019-12-03 23:54:19,650 Thread-26 > [23:54:19] [Server thread/INFO]: ThreadedAnvilChunkStorage (DIM-1): All chunks are saved
2019-12-03 23:54:20,550 Thread-26 > [23:54:20] [main/INFO]: Stopping!
2019-12-03 23:54:21,278 Thread-26 Here I am!
2019-12-03 23:54:21,329 Thread-26 [VersionManager] Refreshing versions locally...
2019-12-03 23:54:21,342 Thread-26 [VersionManager] Versions has been refreshed (12 ms)
2019-12-03 23:54:21,366 Thread-26 [Launcher] Minecraft closed with exit code: 0
2019-12-03 23:54:21,368 LoopedThread#8 [Launcher] Launcher exited.
2019-12-03 23:54:23,528 AWT-EventQueue-0 Good bye!
2019-12-03 23:54:23,529 AWT-EventQueue-0 [TLauncherManager] before clearLibrary 
2019-12-03 23:54:23,531 AWT-EventQueue-0 [TLauncherManager] written:  []
2019-12-03 23:54:23,533 AWT-EventQueue-0 [TLauncherManager] after clearLibrary 
